number of tasks = 1
number of cpus_per_task = 80
output ['/veracruz/projects/c/cquant/Dirac-Quantum-Walk/QuantumWalk/main.py', '6', '128', '1', '2', '1', '2', '10000', 'aer_simulator_statevector', '416528', '80', 'CPU', 'double', '15', '1', '1', '20']
[[<qiskit.circuit.quantumcircuit.QuantumCircuit object at 0x7f2344210790>, <qiskit.circuit.quantumcircuit.QuantumCircuit object at 0x7f22cfccc810>, <qiskit.circuit.quantumcircuit.QuantumCircuit object at 0x7f22cfbddb10>, <qiskit.circuit.quantumcircuit.QuantumCircuit object at 0x7f22cfbb7c90>, <qiskit.circuit.quantumcircuit.QuantumCircuit object at 0x7f22cfb53b10>, <qiskit.circuit.quantumcircuit.QuantumCircuit object at 0x7f22cfa32bd0>, <qiskit.circuit.quantumcircuit.QuantumCircuit object at 0x7f22cfb09f90>, <qiskit.circuit.quantumcircuit.QuantumCircuit object at 0x7f22cf815790>, <qiskit.circuit.quantumcircuit.QuantumCircuit object at 0x7f22cf62b990>, <qiskit.circuit.quantumcircuit.QuantumCircuit object at 0x7f22cfa32990>, <qiskit.circuit.quantumcircuit.QuantumCircuit object at 0x7f22cf233dd0>, <qiskit.circuit.quantumcircuit.QuantumCircuit object at 0x7f22cf82de10>, <qiskit.circuit.quantumcircuit.QuantumCircuit object at 0x7f22ced87e90>, <qiskit.circuit.quantumcircuit.QuantumCircuit object at 0x7f22cea6aed0>, <qiskit.circuit.quantumcircuit.QuantumCircuit object at 0x7f22ce795b50>, <qiskit.circuit.quantumcircuit.QuantumCircuit object at 0x7f22ce3d8a90>, <qiskit.circuit.quantumcircuit.QuantumCircuit object at 0x7f22ce081750>, <qiskit.circuit.quantumcircuit.QuantumCircuit object at 0x7f22cdc6ced0>, <qiskit.circuit.quantumcircuit.QuantumCircuit object at 0x7f22cd86ad90>, <qiskit.circuit.quantumcircuit.QuantumCircuit object at 0x7f22cd3dc650>], [<qiskit.circuit.quantumcircuit.QuantumCircuit object at 0x7f22ccf88d50>, <qiskit.circuit.quantumcircuit.QuantumCircuit object at 0x7f22ccacabd0>, <qiskit.circuit.quantumcircuit.QuantumCircuit object at 0x7f22cc579cd0>, <qiskit.circuit.quantumcircuit.QuantumCircuit object at 0x7f22cbfe7550>, <qiskit.circuit.quantumcircuit.QuantumCircuit object at 0x7f22ccaddb90>, <qiskit.circuit.quantumcircuit.QuantumCircuit object at 0x7f22a2f5ce50>, <qiskit.circuit.quantumcircuit.QuantumCircuit object at 0x7f22a2996650>, <qiskit.circuit.quantumcircuit.QuantumCircuit object at 0x7f22a2300590>, <qiskit.circuit.quantumcircuit.QuantumCircuit object at 0x7f22a230e150>, <qiskit.circuit.quantumcircuit.QuantumCircuit object at 0x7f22a157f450>, <qiskit.circuit.quantumcircuit.QuantumCircuit object at 0x7f22a0e2d350>, <qiskit.circuit.quantumcircuit.QuantumCircuit object at 0x7f22a07156d0>, <qiskit.circuit.quantumcircuit.QuantumCircuit object at 0x7f229ff1e590>, <qiskit.circuit.quantumcircuit.QuantumCircuit object at 0x7f229f723e90>, <qiskit.circuit.quantumcircuit.QuantumCircuit object at 0x7f229ef52c90>, <qiskit.circuit.quantumcircuit.QuantumCircuit object at 0x7f229e6bbed0>, <qiskit.circuit.quantumcircuit.QuantumCircuit object at 0x7f229de4be90>, <qiskit.circuit.quantumcircuit.QuantumCircuit object at 0x7f229d54ec10>, <qiskit.circuit.quantumcircuit.QuantumCircuit object at 0x7f229cc01d90>, <qiskit.circuit.quantumcircuit.QuantumCircuit object at 0x7f229c270550>], [<qiskit.circuit.quantumcircuit.QuantumCircuit object at 0x7f229b8a6090>, <qiskit.circuit.quantumcircuit.QuantumCircuit object at 0x7f229aef4110>, <qiskit.circuit.quantumcircuit.QuantumCircuit object at 0x7f229a4b5e90>, <qiskit.circuit.quantumcircuit.QuantumCircuit object at 0x7f2299a2d650>, <qiskit.circuit.quantumcircuit.QuantumCircuit object at 0x7f2298f63850>, <qiskit.circuit.quantumcircuit.QuantumCircuit object at 0x7f229845b9d0>, <qiskit.circuit.quantumcircuit.QuantumCircuit object at 0x7f2297968990>, <qiskit.circuit.quantumcircuit.QuantumCircuit object at 0x7f2296df8d10>, <qiskit.circuit.quantumcircuit.QuantumCircuit object at 0x7f2296234650>, <qiskit.circuit.quantumcircuit.QuantumCircuit object at 0x7f22962421d0>, <qiskit.circuit.quantumcircuit.QuantumCircuit object at 0x7f22949e5e50>, <qiskit.circuit.quantumcircuit.QuantumCircuit object at 0x7f2293d64cd0>, <qiskit.circuit.quantumcircuit.QuantumCircuit object at 0x7f2293101ed0>, <qiskit.circuit.quantumcircuit.QuantumCircuit object at 0x7f2292402d10>, <qiskit.circuit.quantumcircuit.QuantumCircuit object at 0x7f22916bf9d0>, <qiskit.circuit.quantumcircuit.QuantumCircuit object at 0x7f2290941ed0>, <qiskit.circuit.quantumcircuit.QuantumCircuit object at 0x7f228fb81a90>, <qiskit.circuit.quantumcircuit.QuantumCircuit object at 0x7f228ed82650>, <qiskit.circuit.quantumcircuit.QuantumCircuit object at 0x7f228df1ef50>, <qiskit.circuit.quantumcircuit.QuantumCircuit object at 0x7f228d0a4a10>], [<qiskit.circuit.quantumcircuit.QuantumCircuit object at 0x7f228c1eadd0>, <qiskit.circuit.quantumcircuit.QuantumCircuit object at 0x7f228b2efb10>, <qiskit.circuit.quantumcircuit.QuantumCircuit object at 0x7f228a3b5f90>, <qiskit.circuit.quantumcircuit.QuantumCircuit object at 0x7f228943e510>, <qiskit.circuit.quantumcircuit.QuantumCircuit object at 0x7f228944e050>, <qiskit.circuit.quantumcircuit.QuantumCircuit object at 0x7f2287461a10>, <qiskit.circuit.quantumcircuit.QuantumCircuit object at 0x7f2286429690>, <qiskit.circuit.quantumcircuit.QuantumCircuit object at 0x7f22853b6610>, <qiskit.circuit.quantumcircuit.QuantumCircuit object at 0x7f2284300b50>, <qiskit.circuit.quantumcircuit.QuantumCircuit object at 0x7f228320db10>, <qiskit.circuit.quantumcircuit.QuantumCircuit object at 0x7f22820d6d10>, <qiskit.circuit.quantumcircuit.QuantumCircuit object at 0x7f2280ee8d50>, <qiskit.circuit.quantumcircuit.QuantumCircuit object at 0x7f227fd60ad0>, <qiskit.circuit.quantumcircuit.QuantumCircuit object at 0x7f227eb93c50>, <qiskit.circuit.quantumcircuit.QuantumCircuit object at 0x7f227d8e2f10>, <qiskit.circuit.quantumcircuit.QuantumCircuit object at 0x7f227c66fc50>, <qiskit.circuit.quantumcircuit.QuantumCircuit object at 0x7f227b3c7650>, <qiskit.circuit.quantumcircuit.QuantumCircuit object at 0x7f227b3d71d0>, <qiskit.circuit.quantumcircuit.QuantumCircuit object at 0x7f2278d2dc50>, <qiskit.circuit.quantumcircuit.QuantumCircuit object at 0x7f22779c2d10>], [<qiskit.circuit.quantumcircuit.QuantumCircuit object at 0x7f227659df50>, <qiskit.circuit.quantumcircuit.QuantumCircuit object at 0x7f22751ee990>, <qiskit.circuit.quantumcircuit.QuantumCircuit object at 0x7f2273dc8d10>, <qiskit.circuit.quantumcircuit.QuantumCircuit object at 0x7f22728dbe50>, <qiskit.circuit.quantumcircuit.QuantumCircuit object at 0x7f2271437550>, <qiskit.circuit.quantumcircuit.QuantumCircuit object at 0x7f226ff4fb90>, <qiskit.circuit.quantumcircuit.QuantumCircuit object at 0x7f226e9aeb10>, <qiskit.circuit.quantumcircuit.QuantumCircuit object at 0x7f226d448f90>, <qiskit.circuit.quantumcircuit.QuantumCircuit object at 0x7f226be29f90>, <qiskit.circuit.quantumcircuit.QuantumCircuit object at 0x7f226a845b90>, <qiskit.circuit.quantumcircuit.QuantumCircuit object at 0x7f2269233f50>, <qiskit.circuit.quantumcircuit.QuantumCircuit object at 0x7f2267b72650>, <qiskit.circuit.quantumcircuit.QuantumCircuit object at 0x7f22664d7650>, <qiskit.circuit.quantumcircuit.QuantumCircuit object at 0x7f22664641d0>, <qiskit.circuit.quantumcircuit.QuantumCircuit object at 0x7f22636545d0>, <qiskit.circuit.quantumcircuit.QuantumCircuit object at 0x7f2261e785d0>, <qiskit.circuit.quantumcircuit.QuantumCircuit object at 0x7f226065fb10>, <qiskit.circuit.quantumcircuit.QuantumCircuit object at 0x7f225ee83d10>, <qiskit.circuit.quantumcircuit.QuantumCircuit object at 0x7f225d5e6b90>, <qiskit.circuit.quantumcircuit.QuantumCircuit object at 0x7f225bd88c90>], [<qiskit.circuit.quantumcircuit.QuantumCircuit object at 0x7f225a46be90>, <qiskit.circuit.quantumcircuit.QuantumCircuit object at 0x7f2258bb9b50>, <qiskit.circuit.quantumcircuit.QuantumCircuit object at 0x7f2257223e90>, <qiskit.circuit.quantumcircuit.QuantumCircuit object at 0x7f22558cbd50>, <qiskit.circuit.quantumcircuit.QuantumCircuit object at 0x7f2253ebad90>, <qiskit.circuit.quantumcircuit.QuantumCircuit object at 0x7f2252468f50>, <qiskit.circuit.quantumcircuit.QuantumCircuit object at 0x7f2250a4d990>, <qiskit.circuit.quantumcircuit.QuantumCircuit object at 0x7f224ef7dc90>, <qiskit.circuit.quantumcircuit.QuantumCircuit object at 0x7f224d472690>, <qiskit.circuit.quantumcircuit.QuantumCircuit object at 0x7f224d481210>, <qiskit.circuit.quantumcircuit.QuantumCircuit object at 0x7f2249e0a9d0>, <qiskit.circuit.quantumcircuit.QuantumCircuit object at 0x7f224823d4d0>, <qiskit.circuit.quantumcircuit.QuantumCircuit object at 0x7f2246631990>, <qiskit.circuit.quantumcircuit.QuantumCircuit object at 0x7f2244a66a90>, <qiskit.circuit.quantumcircuit.QuantumCircuit object at 0x7f2242e58c10>, <qiskit.circuit.quantumcircuit.QuantumCircuit object at 0x7f224118e850>, <qiskit.circuit.quantumcircuit.QuantumCircuit object at 0x7f223f483d90>, <qiskit.circuit.quantumcircuit.QuantumCircuit object at 0x7f223d73df90>, <qiskit.circuit.quantumcircuit.QuantumCircuit object at 0x7f223b9b14d0>, <qiskit.circuit.quantumcircuit.QuantumCircuit object at 0x7f2239bea850>], [<qiskit.circuit.quantumcircuit.QuantumCircuit object at 0x7f2237de1e50>, <qiskit.circuit.quantumcircuit.QuantumCircuit object at 0x7f2235fa0650>, <qiskit.circuit.quantumcircuit.QuantumCircuit object at 0x7f2235fae1d0>, <qiskit.circuit.quantumcircuit.QuantumCircuit object at 0x7f22322d4f10>, <qiskit.circuit.quantumcircuit.QuantumCircuit object at 0x7f22303cac50>, <qiskit.circuit.quantumcircuit.QuantumCircuit object at 0x7f222e483a90>, <qiskit.circuit.quantumcircuit.QuantumCircuit object at 0x7f222c5745d0>, <qiskit.circuit.quantumcircuit.QuantumCircuit object at 0x7f222a5add10>]]
== Simulation Data ==
Len Circuit_list: 20
Simulator: aer_simulator_statevector
Shots: 10000
Num Threads: 80
Parallel Exp: 15
Hardware: CPU
Precision: double
Job Size: None
Type(answer): <class 'list'>
== Simulation Data ==
Len Circuit_list: 20
Simulator: aer_simulator_statevector
Shots: 10000
Num Threads: 80
Parallel Exp: 15
Hardware: CPU
Precision: double
Job Size: None
Traceback (most recent call last):
  File "/veracruz/projects/c/cquant/Dirac-Quantum-Walk/QuantumWalk/main.py", line 72, in <module>
    job_size)
  File "/veracruz/projects/c/cquant/Dirac-Quantum-Walk/QuantumWalk/execute_circuits.py", line 49, in batch_execute
    answer = execute_circuits(batch,shots,simulator,num_threads,parallel_exp,hardware,precision)
  File "/veracruz/projects/c/cquant/Dirac-Quantum-Walk/QuantumWalk/execute_circuits.py", line 75, in execute_circuits
    job_statevector = sim_statevector.run(circuits_list, shots=shots)
  File "/veracruz/home/d/dgoncalves/.conda/envs/cquant_env/lib/python3.7/site-packages/qiskit/utils/deprecation.py", line 251, in wrapper
    return func(*args, **kwargs)
  File "/veracruz/home/d/dgoncalves/.conda/envs/cquant_env/lib/python3.7/site-packages/qiskit_aer/backends/aerbackend.py", line 187, in run
    qobj = self._assemble(circuits, parameter_binds=parameter_binds, **run_options)
  File "/veracruz/home/d/dgoncalves/.conda/envs/cquant_env/lib/python3.7/site-packages/qiskit_aer/backends/aerbackend.py", line 400, in _assemble
    qobj = assemble(circuits, backend=self)
  File "/veracruz/home/d/dgoncalves/.conda/envs/cquant_env/lib/python3.7/site-packages/qiskit/compiler/assembler.py", line 198, in assemble
    run_config=run_config,
  File "/veracruz/home/d/dgoncalves/.conda/envs/cquant_env/lib/python3.7/site-packages/qiskit/assembler/assemble_circuits.py", line 337, in assemble_circuits
    experiments_and_pulse_libs = parallel_map(_assemble_circuit, circuits, [run_config])
  File "/veracruz/home/d/dgoncalves/.conda/envs/cquant_env/lib/python3.7/site-packages/qiskit/tools/parallel.py", line 187, in parallel_map
    raise error
  File "/veracruz/home/d/dgoncalves/.conda/envs/cquant_env/lib/python3.7/site-packages/qiskit/tools/parallel.py", line 177, in parallel_map
    results = list(future)
  File "/veracruz/home/d/dgoncalves/.conda/envs/cquant_env/lib/python3.7/concurrent/futures/process.py", line 483, in _chain_from_iterable_of_lists
    for element in iterable:
  File "/veracruz/home/d/dgoncalves/.conda/envs/cquant_env/lib/python3.7/concurrent/futures/_base.py", line 598, in result_iterator
    yield fs.pop().result()
  File "/veracruz/home/d/dgoncalves/.conda/envs/cquant_env/lib/python3.7/concurrent/futures/_base.py", line 428, in result
    return self.__get_result()
  File "/veracruz/home/d/dgoncalves/.conda/envs/cquant_env/lib/python3.7/concurrent/futures/_base.py", line 384, in __get_result
    raise self._exception
concurrent.futures.process.BrokenProcessPool: A process in the process pool was terminated abruptly while the future was running or pending.
srun: error: caravela011: task 0: Exited with exit code 1
