number of tasks = 1
number of cpus_per_task = 80
output ['/veracruz/projects/c/cquant/Dirac-Quantum-Walk/QuantumWalk/main.py', '6', '128', '1', '2', '1', '2', '10000', 'aer_simulator_statevector', '416527', '80', 'CPU', 'double', '10', '1', '1', '20']
[[<qiskit.circuit.quantumcircuit.QuantumCircuit object at 0x7f3be93b9a90>, <qiskit.circuit.quantumcircuit.QuantumCircuit object at 0x7f3b79cf7410>, <qiskit.circuit.quantumcircuit.QuantumCircuit object at 0x7f3b74e81c10>, <qiskit.circuit.quantumcircuit.QuantumCircuit object at 0x7f3b74ddfbd0>, <qiskit.circuit.quantumcircuit.QuantumCircuit object at 0x7f3b74d7bf90>, <qiskit.circuit.quantumcircuit.QuantumCircuit object at 0x7f3b74c5ab90>, <qiskit.circuit.quantumcircuit.QuantumCircuit object at 0x7f3b74d31e50>, <qiskit.circuit.quantumcircuit.QuantumCircuit object at 0x7f3b74a3d790>, <qiskit.circuit.quantumcircuit.QuantumCircuit object at 0x7f3b74853990>, <qiskit.circuit.quantumcircuit.QuantumCircuit object at 0x7f3b74c5a950>, <qiskit.circuit.quantumcircuit.QuantumCircuit object at 0x7f3b7245ad90>, <qiskit.circuit.quantumcircuit.QuantumCircuit object at 0x7f3b74a55050>, <qiskit.circuit.quantumcircuit.QuantumCircuit object at 0x7f3b74a64050>, <qiskit.circuit.quantumcircuit.QuantumCircuit object at 0x7f3b71c91d90>, <qiskit.circuit.quantumcircuit.QuantumCircuit object at 0x7f3b719bdb50>, <qiskit.circuit.quantumcircuit.QuantumCircuit object at 0x7f3b6b5fda90>, <qiskit.circuit.quantumcircuit.QuantumCircuit object at 0x7f3b6b2a6c90>, <qiskit.circuit.quantumcircuit.QuantumCircuit object at 0x7f3b66e90e90>, <qiskit.circuit.quantumcircuit.QuantumCircuit object at 0x7f3b66a8ec90>, <qiskit.circuit.quantumcircuit.QuantumCircuit object at 0x7f3b645ff850>], [<qiskit.circuit.quantumcircuit.QuantumCircuit object at 0x7f3b646189d0>, <qiskit.circuit.quantumcircuit.QuantumCircuit object at 0x7f3b61cecbd0>, <qiskit.circuit.quantumcircuit.QuantumCircuit object at 0x7f3b6179b4d0>, <qiskit.circuit.quantumcircuit.QuantumCircuit object at 0x7f3b5f208c50>, <qiskit.circuit.quantumcircuit.QuantumCircuit object at 0x7f3b61cffb90>, <qiskit.circuit.quantumcircuit.QuantumCircuit object at 0x7f3b48185e90>, <qiskit.circuit.quantumcircuit.QuantumCircuit object at 0x7f3b47bbfd50>, <qiskit.circuit.quantumcircuit.QuantumCircuit object at 0x7f3b47529590>, <qiskit.circuit.quantumcircuit.QuantumCircuit object at 0x7f3b47538150>, <qiskit.circuit.quantumcircuit.QuantumCircuit object at 0x7f3b467a8c50>, <qiskit.circuit.quantumcircuit.QuantumCircuit object at 0x7f3b46057c50>, <qiskit.circuit.quantumcircuit.QuantumCircuit object at 0x7f3b4593e690>, <qiskit.circuit.quantumcircuit.QuantumCircuit object at 0x7f3b45146590>, <qiskit.circuit.quantumcircuit.QuantumCircuit object at 0x7f3b4494cf10>, <qiskit.circuit.quantumcircuit.QuantumCircuit object at 0x7f3b4417cc90>, <qiskit.circuit.quantumcircuit.QuantumCircuit object at 0x7f3b438e5e90>, <qiskit.circuit.quantumcircuit.QuantumCircuit object at 0x7f3b43074ed0>, <qiskit.circuit.quantumcircuit.QuantumCircuit object at 0x7f3b42777c50>, <qiskit.circuit.quantumcircuit.QuantumCircuit object at 0x7f3b41e2ad90>, <qiskit.circuit.quantumcircuit.QuantumCircuit object at 0x7f3b4149a550>], [<qiskit.circuit.quantumcircuit.QuantumCircuit object at 0x7f3b40acf090>, <qiskit.circuit.quantumcircuit.QuantumCircuit object at 0x7f3b4011d110>, <qiskit.circuit.quantumcircuit.QuantumCircuit object at 0x7f3b3f6dde50>, <qiskit.circuit.quantumcircuit.QuantumCircuit object at 0x7f3b3ec55690>, <qiskit.circuit.quantumcircuit.QuantumCircuit object at 0x7f3b3e18d690>, <qiskit.circuit.quantumcircuit.QuantumCircuit object at 0x7f3b3d6849d0>, <qiskit.circuit.quantumcircuit.QuantumCircuit object at 0x7f3b3cb929d0>, <qiskit.circuit.quantumcircuit.QuantumCircuit object at 0x7f3b3c021e90>, <qiskit.circuit.quantumcircuit.QuantumCircuit object at 0x7f3b3b45d650>, <qiskit.circuit.quantumcircuit.QuantumCircuit object at 0x7f3b3b46b1d0>, <qiskit.circuit.quantumcircuit.QuantumCircuit object at 0x7f3b39c0ee50>, <qiskit.circuit.quantumcircuit.QuantumCircuit object at 0x7f3b38f8dc90>, <qiskit.circuit.quantumcircuit.QuantumCircuit object at 0x7f3b38329ed0>, <qiskit.circuit.quantumcircuit.QuantumCircuit object at 0x7f3b3762acd0>, <qiskit.circuit.quantumcircuit.QuantumCircuit object at 0x7f3b368e9f90>, <qiskit.circuit.quantumcircuit.QuantumCircuit object at 0x7f3b35b69d90>, <qiskit.circuit.quantumcircuit.QuantumCircuit object at 0x7f3b34daaa90>, <qiskit.circuit.quantumcircuit.QuantumCircuit object at 0x7f3b33fac650>, <qiskit.circuit.quantumcircuit.QuantumCircuit object at 0x7f3b33146550>, <qiskit.circuit.quantumcircuit.QuantumCircuit object at 0x7f3b322ce9d0>], [<qiskit.circuit.quantumcircuit.QuantumCircuit object at 0x7f3b31413dd0>, <qiskit.circuit.quantumcircuit.QuantumCircuit object at 0x7f3b30518b10>, <qiskit.circuit.quantumcircuit.QuantumCircuit object at 0x7f3b2f5dff90>, <qiskit.circuit.quantumcircuit.QuantumCircuit object at 0x7f3b2e667690>, <qiskit.circuit.quantumcircuit.QuantumCircuit object at 0x7f3b2e677210>, <qiskit.circuit.quantumcircuit.QuantumCircuit object at 0x7f3b2c68bb10>, <qiskit.circuit.quantumcircuit.QuantumCircuit object at 0x7f3b2b653690>, <qiskit.circuit.quantumcircuit.QuantumCircuit object at 0x7f3b2a5e0990>, <qiskit.circuit.quantumcircuit.QuantumCircuit object at 0x7f3b29529b90>, <qiskit.circuit.quantumcircuit.QuantumCircuit object at 0x7f3b28437b50>, <qiskit.circuit.quantumcircuit.QuantumCircuit object at 0x7f3b272fed50>, <qiskit.circuit.quantumcircuit.QuantumCircuit object at 0x7f3b26110e50>, <qiskit.circuit.quantumcircuit.QuantumCircuit object at 0x7f3b24f89ad0>, <qiskit.circuit.quantumcircuit.QuantumCircuit object at 0x7f3b23dbdc50>, <qiskit.circuit.quantumcircuit.QuantumCircuit object at 0x7f3b22b0cf10>, <qiskit.circuit.quantumcircuit.QuantumCircuit object at 0x7f3b21898cd0>, <qiskit.circuit.quantumcircuit.QuantumCircuit object at 0x7f3b205f0f90>, <qiskit.circuit.quantumcircuit.QuantumCircuit object at 0x7f3b1f302d50>, <qiskit.circuit.quantumcircuit.QuantumCircuit object at 0x7f3b1df56c50>, <qiskit.circuit.quantumcircuit.QuantumCircuit object at 0x7f3b1cbecd10>], [<qiskit.circuit.quantumcircuit.QuantumCircuit object at 0x7f3b1b7c5f90>, <qiskit.circuit.quantumcircuit.QuantumCircuit object at 0x7f3b1a418990>, <qiskit.circuit.quantumcircuit.QuantumCircuit object at 0x7f3b18ff1710>, <qiskit.circuit.quantumcircuit.QuantumCircuit object at 0x7f3b17b05e50>, <qiskit.circuit.quantumcircuit.QuantumCircuit object at 0x7f3b16661e90>, <qiskit.circuit.quantumcircuit.QuantumCircuit object at 0x7f3b15179f50>, <qiskit.circuit.quantumcircuit.QuantumCircuit object at 0x7f3b13bd8e50>, <qiskit.circuit.quantumcircuit.QuantumCircuit object at 0x7f3b12671f90>, <qiskit.circuit.quantumcircuit.QuantumCircuit object at 0x7f3b11052f50>, <qiskit.circuit.quantumcircuit.QuantumCircuit object at 0x7f3b0fa6ebd0>, <qiskit.circuit.quantumcircuit.QuantumCircuit object at 0x7f3b0e45c8d0>, <qiskit.circuit.quantumcircuit.QuantumCircuit object at 0x7f3b0cd9c650>, <qiskit.circuit.quantumcircuit.QuantumCircuit object at 0x7f3b0b700f90>, <qiskit.circuit.quantumcircuit.QuantumCircuit object at 0x7f3b09f9aed0>, <qiskit.circuit.quantumcircuit.QuantumCircuit object at 0x7f3b0887d490>, <qiskit.circuit.quantumcircuit.QuantumCircuit object at 0x7f3b070a15d0>, <qiskit.circuit.quantumcircuit.QuantumCircuit object at 0x7f3b05888b10>, <qiskit.circuit.quantumcircuit.QuantumCircuit object at 0x7f3b040add50>, <qiskit.circuit.quantumcircuit.QuantumCircuit object at 0x7f3b02810b50>, <qiskit.circuit.quantumcircuit.QuantumCircuit object at 0x7f3b00fb3d90>], [<qiskit.circuit.quantumcircuit.QuantumCircuit object at 0x7f3aff695e50>, <qiskit.circuit.quantumcircuit.QuantumCircuit object at 0x7f3afdde3b50>, <qiskit.circuit.quantumcircuit.QuantumCircuit object at 0x7f3afc44cd10>, <qiskit.circuit.quantumcircuit.QuantumCircuit object at 0x7f3afaaf4d50>, <qiskit.circuit.quantumcircuit.QuantumCircuit object at 0x7f3af90e4d50>, <qiskit.circuit.quantumcircuit.QuantumCircuit object at 0x7f3af7691f50>, <qiskit.circuit.quantumcircuit.QuantumCircuit object at 0x7f3af5c77990>, <qiskit.circuit.quantumcircuit.QuantumCircuit object at 0x7f3af41a7c90>, <qiskit.circuit.quantumcircuit.QuantumCircuit object at 0x7f3af269c510>, <qiskit.circuit.quantumcircuit.QuantumCircuit object at 0x7f3af26aa210>, <qiskit.circuit.quantumcircuit.QuantumCircuit object at 0x7f3aef034910>, <qiskit.circuit.quantumcircuit.QuantumCircuit object at 0x7f3aed467190>, <qiskit.circuit.quantumcircuit.QuantumCircuit object at 0x7f3aeb85a990>, <qiskit.circuit.quantumcircuit.QuantumCircuit object at 0x7f3ae9c8fa90>, <qiskit.circuit.quantumcircuit.QuantumCircuit object at 0x7f3ae8082c10>, <qiskit.circuit.quantumcircuit.QuantumCircuit object at 0x7f3ae63b8650>, <qiskit.circuit.quantumcircuit.QuantumCircuit object at 0x7f3ae46add50>, <qiskit.circuit.quantumcircuit.QuantumCircuit object at 0x7f3ae2967f50>, <qiskit.circuit.quantumcircuit.QuantumCircuit object at 0x7f3ae0bda4d0>, <qiskit.circuit.quantumcircuit.QuantumCircuit object at 0x7f3adee13850>], [<qiskit.circuit.quantumcircuit.QuantumCircuit object at 0x7f3add00be50>, <qiskit.circuit.quantumcircuit.QuantumCircuit object at 0x7f3adb1caf90>, <qiskit.circuit.quantumcircuit.QuantumCircuit object at 0x7f3ad93bedd0>, <qiskit.circuit.quantumcircuit.QuantumCircuit object at 0x7f3ad74fdf10>, <qiskit.circuit.quantumcircuit.QuantumCircuit object at 0x7f3ad55f4d90>, <qiskit.circuit.quantumcircuit.QuantumCircuit object at 0x7f3ad36acd50>, <qiskit.circuit.quantumcircuit.QuantumCircuit object at 0x7f3ad179e350>, <qiskit.circuit.quantumcircuit.QuantumCircuit object at 0x7f3acf7d7cd0>]]
== Simulation Data ==
Len Circuit_list: 20
Simulator: aer_simulator_statevector
Shots: 10000
Num Threads: 80
Parallel Exp: 10
Hardware: CPU
Precision: double
Job Size: None
Type(answer): <class 'list'>
== Simulation Data ==
Len Circuit_list: 20
Simulator: aer_simulator_statevector
Shots: 10000
Num Threads: 80
Parallel Exp: 10
Hardware: CPU
Precision: double
Job Size: None
Traceback (most recent call last):
  File "/veracruz/projects/c/cquant/Dirac-Quantum-Walk/QuantumWalk/main.py", line 72, in <module>
    job_size)
  File "/veracruz/projects/c/cquant/Dirac-Quantum-Walk/QuantumWalk/execute_circuits.py", line 49, in batch_execute
    answer = execute_circuits(batch,shots,simulator,num_threads,parallel_exp,hardware,precision)
  File "/veracruz/projects/c/cquant/Dirac-Quantum-Walk/QuantumWalk/execute_circuits.py", line 75, in execute_circuits
    job_statevector = sim_statevector.run(circuits_list, shots=shots)
  File "/veracruz/home/d/dgoncalves/.conda/envs/cquant_env/lib/python3.7/site-packages/qiskit/utils/deprecation.py", line 251, in wrapper
    return func(*args, **kwargs)
  File "/veracruz/home/d/dgoncalves/.conda/envs/cquant_env/lib/python3.7/site-packages/qiskit_aer/backends/aerbackend.py", line 187, in run
    qobj = self._assemble(circuits, parameter_binds=parameter_binds, **run_options)
  File "/veracruz/home/d/dgoncalves/.conda/envs/cquant_env/lib/python3.7/site-packages/qiskit_aer/backends/aerbackend.py", line 400, in _assemble
    qobj = assemble(circuits, backend=self)
  File "/veracruz/home/d/dgoncalves/.conda/envs/cquant_env/lib/python3.7/site-packages/qiskit/compiler/assembler.py", line 198, in assemble
    run_config=run_config,
  File "/veracruz/home/d/dgoncalves/.conda/envs/cquant_env/lib/python3.7/site-packages/qiskit/assembler/assemble_circuits.py", line 337, in assemble_circuits
    experiments_and_pulse_libs = parallel_map(_assemble_circuit, circuits, [run_config])
  File "/veracruz/home/d/dgoncalves/.conda/envs/cquant_env/lib/python3.7/site-packages/qiskit/tools/parallel.py", line 187, in parallel_map
    raise error
  File "/veracruz/home/d/dgoncalves/.conda/envs/cquant_env/lib/python3.7/site-packages/qiskit/tools/parallel.py", line 177, in parallel_map
    results = list(future)
  File "/veracruz/home/d/dgoncalves/.conda/envs/cquant_env/lib/python3.7/concurrent/futures/process.py", line 483, in _chain_from_iterable_of_lists
    for element in iterable:
  File "/veracruz/home/d/dgoncalves/.conda/envs/cquant_env/lib/python3.7/concurrent/futures/_base.py", line 598, in result_iterator
    yield fs.pop().result()
  File "/veracruz/home/d/dgoncalves/.conda/envs/cquant_env/lib/python3.7/concurrent/futures/_base.py", line 428, in result
    return self.__get_result()
  File "/veracruz/home/d/dgoncalves/.conda/envs/cquant_env/lib/python3.7/concurrent/futures/_base.py", line 384, in __get_result
    raise self._exception
concurrent.futures.process.BrokenProcessPool: A process in the process pool was terminated abruptly while the future was running or pending.
srun: error: caravela011: task 0: Exited with exit code 1
