number of tasks = 1
number of cpus_per_task = 80
output ['/veracruz/projects/c/cquant/Dirac-Quantum-Walk/QuantumWalk/main.py', '6', '100', '1', '2', '1', '2', '10000', 'statevector', '423347', '80', 'CPU', 'double', '1', '0', '1', 'None']
Creating Circuit: 0.20371603965759277
Creating Circuit: 0.3850724697113037
Creating Circuit: 0.4344518184661865
Creating Circuit: 0.4971606731414795
Creating Circuit: 0.5731332302093506
Creating Circuit: 0.6623568534851074
Creating Circuit: 0.770153284072876
Creating Circuit: 0.9847109317779541
Creating Circuit: 1.1355111598968506
Creating Circuit: 1.2911350727081299
Creating Circuit: 1.4527053833007812
Creating Circuit: 1.7597956657409668
Creating Circuit: 1.9457881450653076
Creating Circuit: 2.149163246154785
Creating Circuit: 2.367324113845825
Creating Circuit: 2.707834482192993
Creating Circuit: 2.950899839401245
Creating Circuit: 3.241959571838379
Creating Circuit: 3.7272555828094482
Creating Circuit: 4.018443822860718
Creating Circuit: 4.323981761932373
Creating Circuit: 4.779120922088623
Creating Circuit: 5.105204105377197
Creating Circuit: 5.446066856384277
Creating Circuit: 5.977023124694824
Creating Circuit: 6.344254732131958
Creating Circuit: 6.725178003311157
Creating Circuit: 7.120466232299805
Creating Circuit: 7.78706693649292
Creating Circuit: 8.210049390792847
Creating Circuit: 8.64740800857544
Creating Circuit: 9.098273515701294
Creating Circuit: 9.816443920135498
Creating Circuit: 10.301361799240112
Creating Circuit: 10.808451890945435
Creating Circuit: 11.328547239303589
Creating Circuit: 12.217143774032593
Creating Circuit: 12.769768953323364
Creating Circuit: 13.368598222732544
Creating Circuit: 13.946495294570923
Creating Circuit: 14.527432918548584
Creating Circuit: 15.552632808685303
Creating Circuit: 16.17358922958374
Creating Circuit: 16.807995080947876
Creating Circuit: 17.441845417022705
Creating Circuit: 18.106969594955444
Creating Circuit: 19.245277643203735
Creating Circuit: 19.937848329544067
Creating Circuit: 20.64477777481079
Creating Circuit: 21.349064111709595
Creating Circuit: 22.06729507446289
Creating Circuit: 22.82086944580078
Creating Circuit: 24.16672372817993
Creating Circuit: 24.95097327232361
Creating Circuit: 25.749430656433105
Creating Circuit: 26.558125019073486
Creating Circuit: 27.38303542137146
Creating Circuit: 28.232654809951782
Creating Circuit: 29.827922821044922
Creating Circuit: 30.694185972213745
Creating Circuit: 31.554229021072388
Creating Circuit: 32.456305265426636
Creating Circuit: 33.38685464859009
Creating Circuit: 34.28985905647278
Creating Circuit: 35.227569818496704
Creating Circuit: 37.05101013183594
Creating Circuit: 37.99286437034607
Creating Circuit: 38.97755527496338
Creating Circuit: 39.98061680793762
Creating Circuit: 40.99031686782837
Creating Circuit: 41.99077606201172
Creating Circuit: 43.01308798789978
Creating Circuit: 44.05472469329834
Creating Circuit: 46.20107388496399
Creating Circuit: 47.25431728363037
Creating Circuit: 48.350796699523926
Creating Circuit: 49.433008670806885
Creating Circuit: 50.52956032752991
Creating Circuit: 51.668171405792236
Creating Circuit: 52.81226062774658
Creating Circuit: 54.001795530319214
Creating Circuit: 56.52856183052063
Creating Circuit: 57.72660541534424
Creating Circuit: 58.911762952804565
Creating Circuit: 60.10556387901306
Creating Circuit: 61.34520602226257
Creating Circuit: 62.609853982925415
Creating Circuit: 63.8952853679657
Creating Circuit: 65.1789402961731
Creating Circuit: 66.44167804718018
Creating Circuit: 67.75265789031982
Creating Circuit: 70.66033697128296
Creating Circuit: 71.99967575073242
Creating Circuit: 73.37336444854736
Creating Circuit: 74.7087345123291
Creating Circuit: 76.05668091773987
Creating Circuit: 77.45522451400757
Creating Circuit: 78.83506774902344
Creating Circuit: 80.27110576629639
Creating Circuit: 81.71658825874329
Transpile: 83.20825242996216
mprof: Sampling memory every 0.1s
running new process
