number of tasks = 1
number of cpus_per_task = 80
output ['/veracruz/projects/c/cquant/Dirac-Quantum-Walk/QuantumWalk/main.py', '6', '100', '1', '2', '1', '2', '10000', 'statevector', '423349', '80', 'CPU', 'double', '1', '0', '1', 'None']
Creating Circuit: 0.1564042568206787
Creating Circuit: 0.2057356834411621
Creating Circuit: 0.2560446262359619
Creating Circuit: 0.32198572158813477
Creating Circuit: 0.40336108207702637
Creating Circuit: 0.5009827613830566
Creating Circuit: 0.6087992191314697
Creating Circuit: 0.734222412109375
Creating Circuit: 0.9580073356628418
Creating Circuit: 1.1132912635803223
Creating Circuit: 1.2835488319396973
Creating Circuit: 1.4612669944763184
Creating Circuit: 1.7843005657196045
Creating Circuit: 1.9901437759399414
Creating Circuit: 2.209660768508911
Creating Circuit: 2.543903350830078
Creating Circuit: 2.793606996536255
Creating Circuit: 3.056729555130005
Creating Circuit: 3.464859962463379
Creating Circuit: 3.76088285446167
Creating Circuit: 4.059637546539307
Creating Circuit: 4.590378046035767
Creating Circuit: 4.917651653289795
Creating Circuit: 5.258672714233398
Creating Circuit: 5.786566257476807
Creating Circuit: 6.164985656738281
Creating Circuit: 6.548448085784912
Creating Circuit: 6.946342706680298
Creating Circuit: 7.574963092803955
Creating Circuit: 8.00609803199768
Creating Circuit: 8.459703207015991
Creating Circuit: 8.928842782974243
Creating Circuit: 9.703244924545288
Creating Circuit: 10.185926914215088
Creating Circuit: 10.692063093185425
Creating Circuit: 11.217397451400757
Creating Circuit: 12.11507534980774
Creating Circuit: 12.667154788970947
Creating Circuit: 13.234724044799805
Creating Circuit: 13.817293882369995
Creating Circuit: 14.41424298286438
Creating Circuit: 15.396333932876587
Creating Circuit: 16.00660800933838
Creating Circuit: 16.630037546157837
Creating Circuit: 17.272470712661743
Creating Circuit: 17.92619037628174
Creating Circuit: 19.112484216690063
Creating Circuit: 19.792571544647217
Creating Circuit: 20.486703872680664
Creating Circuit: 21.21347165107727
Creating Circuit: 21.944698095321655
Creating Circuit: 22.70178532600403
Creating Circuit: 24.04744529724121
Creating Circuit: 24.833540439605713
Creating Circuit: 25.612502336502075
Creating Circuit: 26.40594506263733
Creating Circuit: 27.23467445373535
Creating Circuit: 28.05640697479248
Creating Circuit: 29.648550271987915
Creating Circuit: 30.498939752578735
Creating Circuit: 31.386359930038452
Creating Circuit: 32.26371932029724
Creating Circuit: 33.15581464767456
Creating Circuit: 34.08586311340332
Creating Circuit: 35.034501791000366
Creating Circuit: 36.899410247802734
Creating Circuit: 37.87615966796875
Creating Circuit: 38.864314556121826
Creating Circuit: 39.84093928337097
Creating Circuit: 40.831817626953125
Creating Circuit: 41.86466693878174
Creating Circuit: 42.91071343421936
Creating Circuit: 43.97136330604553
Creating Circuit: 46.13125395774841
Creating Circuit: 47.1920006275177
Creating Circuit: 48.29674482345581
Creating Circuit: 49.41399598121643
Creating Circuit: 50.54755163192749
Creating Circuit: 51.69790029525757
Creating Circuit: 52.85951066017151
Creating Circuit: 54.00785970687866
Creating Circuit: 55.20017981529236
Creating Circuit: 57.74516463279724
Creating Circuit: 58.934499979019165
Creating Circuit: 60.137677907943726
Creating Circuit: 61.3878607749939
Creating Circuit: 62.61898922920227
Creating Circuit: 63.897727727890015
Creating Circuit: 65.19129180908203
Creating Circuit: 66.46586608886719
Creating Circuit: 67.76863741874695
Creating Circuit: 69.10887789726257
Creating Circuit: 72.08748722076416
Creating Circuit: 73.4192807674408
Creating Circuit: 74.76483058929443
Creating Circuit: 76.12489414215088
Creating Circuit: 77.49959516525269
Creating Circuit: 78.88703083992004
Creating Circuit: 80.29405403137207
Creating Circuit: 81.74945139884949
Transpile: 83.25240159034729
mprof: Sampling memory every 0.1s
running new process
