number of tasks = 1
number of cpus_per_task = 80
output ['/veracruz/projects/c/cquant/Dirac-Quantum-Walk/QuantumWalk/main.py', '6', '100', '1', '2', '1', '2', '10000', 'statevector', '423351', '80', 'CPU', 'double', '1', '0', '1', 'None']
Creating Circuit: 0.15083098411560059
Creating Circuit: 0.1991133689880371
Creating Circuit: 0.24781513214111328
Creating Circuit: 0.3108041286468506
Creating Circuit: 0.38964080810546875
Creating Circuit: 0.48441219329833984
Creating Circuit: 0.5936477184295654
Creating Circuit: 0.7179834842681885
Creating Circuit: 0.9248263835906982
Creating Circuit: 1.078683614730835
Creating Circuit: 1.2403101921081543
Creating Circuit: 1.4176456928253174
Creating Circuit: 1.7146735191345215
Creating Circuit: 1.919764518737793
Creating Circuit: 2.1384174823760986
Creating Circuit: 2.462233304977417
Creating Circuit: 2.710677146911621
Creating Circuit: 2.9670989513397217
Creating Circuit: 3.356397867202759
Creating Circuit: 3.6481430530548096
Creating Circuit: 3.9528791904449463
Creating Circuit: 4.448631286621094
Creating Circuit: 4.783375263214111
Creating Circuit: 5.123927593231201
Creating Circuit: 5.658182382583618
Creating Circuit: 6.026663541793823
Creating Circuit: 6.4097161293029785
Creating Circuit: 6.81606388092041
Creating Circuit: 7.442692756652832
Creating Circuit: 7.86783242225647
Creating Circuit: 8.320648670196533
Creating Circuit: 8.787740230560303
Creating Circuit: 9.565038204193115
Creating Circuit: 10.058817625045776
Creating Circuit: 10.567120790481567
Creating Circuit: 11.076479434967041
Creating Circuit: 11.907915830612183
Creating Circuit: 12.44817304611206
Creating Circuit: 13.000496864318848
Creating Circuit: 13.566679000854492
Creating Circuit: 14.162193775177002
Creating Circuit: 15.135401964187622
Creating Circuit: 15.75766396522522
Creating Circuit: 16.382439851760864
Creating Circuit: 17.020623445510864
Creating Circuit: 17.68935751914978
Creating Circuit: 18.89038896560669
Creating Circuit: 19.58708882331848
Creating Circuit: 20.28027081489563
Creating Circuit: 21.00535535812378
Creating Circuit: 21.746002197265625
Creating Circuit: 22.481615781784058
Creating Circuit: 23.819393157958984
Creating Circuit: 24.583341121673584
Creating Circuit: 25.360819101333618
Creating Circuit: 26.173014163970947
Creating Circuit: 26.980937719345093
Creating Circuit: 27.800612688064575
Creating Circuit: 29.34658908843994
Creating Circuit: 30.21600031852722
Creating Circuit: 31.0787136554718
Creating Circuit: 31.978498935699463
Creating Circuit: 32.89247703552246
Creating Circuit: 33.82142901420593
Creating Circuit: 34.754366636276245
Creating Circuit: 36.600807905197144
Creating Circuit: 37.57539200782776
Creating Circuit: 38.56272315979004
Creating Circuit: 39.56616234779358
Creating Circuit: 40.581191301345825
Creating Circuit: 41.58430027961731
Creating Circuit: 42.62903308868408
Creating Circuit: 43.66034555435181
Creating Circuit: 45.78385591506958
Creating Circuit: 46.84385633468628
Creating Circuit: 47.94562125205994
Creating Circuit: 49.06076908111572
Creating Circuit: 50.19273138046265
Creating Circuit: 51.31136679649353
Creating Circuit: 52.47195315361023
Creating Circuit: 53.617570638656616
Creating Circuit: 54.80700063705444
Creating Circuit: 57.338191986083984
Creating Circuit: 58.52570199966431
Creating Circuit: 59.75756859779358
Creating Circuit: 61.00468111038208
Creating Circuit: 62.2653443813324
Creating Circuit: 63.540493965148926
Creating Circuit: 64.83198523521423
Creating Circuit: 66.10411596298218
Creating Circuit: 67.38951921463013
Creating Circuit: 68.72650146484375
Creating Circuit: 71.67437887191772
Creating Circuit: 73.02385210990906
Creating Circuit: 74.3673267364502
Creating Circuit: 75.75992560386658
Creating Circuit: 77.13035774230957
Creating Circuit: 78.5516746044159
Creating Circuit: 79.95066905021667
Creating Circuit: 81.36256790161133
Transpile: 82.8242859840393
mprof: Sampling memory every 0.1s
running new process
