number of tasks = 1
number of cpus_per_task = 80
output ['/veracruz/projects/c/cquant/Dirac-Quantum-Walk/QuantumWalk/main.py', '6', '100', '1', '2', '1', '2', '10000', 'statevector', '423354', '80', 'CPU', 'double', '80', '0', '1', 'None']
Creating Circuit: 0.14804482460021973
Creating Circuit: 0.19793486595153809
Creating Circuit: 0.24776792526245117
Creating Circuit: 0.31369948387145996
Creating Circuit: 0.3919494152069092
Creating Circuit: 0.4850425720214844
Creating Circuit: 0.5925016403198242
Creating Circuit: 0.7149028778076172
Creating Circuit: 0.9224519729614258
Creating Circuit: 1.080871820449829
Creating Circuit: 1.2486107349395752
Creating Circuit: 1.4354097843170166
Creating Circuit: 1.7450835704803467
Creating Circuit: 1.963196039199829
Creating Circuit: 2.1906027793884277
Creating Circuit: 2.5253868103027344
Creating Circuit: 2.7746171951293945
Creating Circuit: 3.0316567420959473
Creating Circuit: 3.4202611446380615
Creating Circuit: 3.705775737762451
Creating Circuit: 4.0053465366363525
Creating Circuit: 4.501007795333862
Creating Circuit: 4.836961030960083
Creating Circuit: 5.1875011920928955
Creating Circuit: 5.716183185577393
Creating Circuit: 6.0862650871276855
Creating Circuit: 6.4808149337768555
Creating Circuit: 6.887848138809204
Creating Circuit: 7.561750650405884
Creating Circuit: 7.988434076309204
Creating Circuit: 8.429129362106323
Creating Circuit: 8.89616584777832
Creating Circuit: 9.622981309890747
Creating Circuit: 10.106406688690186
Creating Circuit: 10.617989778518677
Creating Circuit: 11.13918137550354
Creating Circuit: 12.042840003967285
Creating Circuit: 12.596837997436523
Creating Circuit: 13.165446996688843
Creating Circuit: 13.733603715896606
Creating Circuit: 14.316772699356079
Creating Circuit: 15.302589893341064
Creating Circuit: 15.930050134658813
Creating Circuit: 16.571598052978516
Creating Circuit: 17.211533308029175
Creating Circuit: 17.88289761543274
Creating Circuit: 19.031959056854248
Creating Circuit: 19.73149847984314
Creating Circuit: 20.44546151161194
Creating Circuit: 21.173959255218506
Creating Circuit: 21.90180516242981
Creating Circuit: 22.660454273223877
Creating Circuit: 24.05002236366272
Creating Circuit: 24.81649136543274
Creating Circuit: 25.595675706863403
Creating Circuit: 26.412105083465576
Creating Circuit: 27.245456218719482
Creating Circuit: 28.068108797073364
Creating Circuit: 29.63573169708252
Creating Circuit: 30.50975275039673
Creating Circuit: 31.398098707199097
Creating Circuit: 32.27691435813904
Creating Circuit: 33.1936559677124
Creating Circuit: 34.124064683914185
Creating Circuit: 35.0460638999939
Creating Circuit: 36.83982539176941
Creating Circuit: 37.79208779335022
Creating Circuit: 38.76488256454468
Creating Circuit: 39.744877338409424
Creating Circuit: 40.76474857330322
Creating Circuit: 41.772504568099976
Creating Circuit: 42.82220101356506
Creating Circuit: 43.85779786109924
Creating Circuit: 46.0470814704895
Creating Circuit: 47.11132740974426
Creating Circuit: 48.189465284347534
Creating Circuit: 49.31157326698303
Creating Circuit: 50.41745615005493
Creating Circuit: 51.53752279281616
Creating Circuit: 52.6725058555603
Creating Circuit: 53.85183143615723
Creating Circuit: 55.0456280708313
Creating Circuit: 57.60771656036377
Creating Circuit: 58.83253455162048
Creating Circuit: 60.0671443939209
Creating Circuit: 61.31940174102783
Creating Circuit: 62.586636781692505
Creating Circuit: 63.867740631103516
Creating Circuit: 65.16427946090698
Creating Circuit: 66.44192099571228
Creating Circuit: 67.73178291320801
Creating Circuit: 69.07172584533691
Creating Circuit: 72.0407075881958
Creating Circuit: 73.40903854370117
Creating Circuit: 74.7564446926117
Creating Circuit: 76.12016677856445
Creating Circuit: 77.53353238105774
Creating Circuit: 78.9243061542511
Creating Circuit: 80.36563491821289
Creating Circuit: 81.78404331207275
Transpile: 83.28647112846375
mprof: Sampling memory every 0.1s
running new process
