number of tasks = 1
number of cpus_per_task = 80
output ['/veracruz/projects/c/cquant/Dirac-Quantum-Walk/QuantumWalk/main.py', '6', '100', '1', '2', '1', '2', '10000', 'statevector', '423352', '80', 'CPU', 'double', '80', '0', '1', 'None']
Creating Circuit: 0.1564784049987793
Creating Circuit: 0.20559263229370117
Creating Circuit: 0.2559363842010498
Creating Circuit: 0.3213963508605957
Creating Circuit: 0.4021134376525879
Creating Circuit: 0.4970259666442871
Creating Circuit: 0.605665922164917
Creating Circuit: 0.729640007019043
Creating Circuit: 0.9285268783569336
Creating Circuit: 1.0783586502075195
Creating Circuit: 1.2389459609985352
Creating Circuit: 1.409686803817749
Creating Circuit: 1.7108445167541504
Creating Circuit: 1.9100217819213867
Creating Circuit: 2.12790584564209
Creating Circuit: 2.438664197921753
Creating Circuit: 2.6803929805755615
Creating Circuit: 2.941718101501465
Creating Circuit: 3.3152987957000732
Creating Circuit: 3.598379373550415
Creating Circuit: 3.9046947956085205
Creating Circuit: 4.432946443557739
Creating Circuit: 4.765382766723633
Creating Circuit: 5.111759662628174
Creating Circuit: 5.633735418319702
Creating Circuit: 5.99965763092041
Creating Circuit: 6.379552841186523
Creating Circuit: 6.782680511474609
Creating Circuit: 7.39788818359375
Creating Circuit: 7.819728851318359
Creating Circuit: 8.2553129196167
Creating Circuit: 8.716466426849365
Creating Circuit: 9.490409851074219
Creating Circuit: 9.980760335922241
Creating Circuit: 10.471970558166504
Creating Circuit: 10.97749924659729
Creating Circuit: 11.81300950050354
Creating Circuit: 12.353442907333374
Creating Circuit: 12.91759729385376
Creating Circuit: 13.479479789733887
Creating Circuit: 14.055206060409546
Creating Circuit: 15.085938930511475
Creating Circuit: 15.690585136413574
Creating Circuit: 16.30915665626526
Creating Circuit: 16.941298484802246
Creating Circuit: 17.589423418045044
Creating Circuit: 18.71640133857727
Creating Circuit: 19.390162706375122
Creating Circuit: 20.09311032295227
Creating Circuit: 20.79482126235962
Creating Circuit: 21.511290788650513
Creating Circuit: 22.24062418937683
Creating Circuit: 23.61796259880066
Creating Circuit: 24.375081777572632
Creating Circuit: 25.159149885177612
Creating Circuit: 25.96727204322815
Creating Circuit: 26.787813901901245
Creating Circuit: 27.60139298439026
Creating Circuit: 29.162142276763916
Creating Circuit: 30.024816751480103
Creating Circuit: 30.880832195281982
Creating Circuit: 31.777660608291626
Creating Circuit: 32.66000699996948
Creating Circuit: 33.57085585594177
Creating Circuit: 34.48239326477051
Creating Circuit: 36.338014364242554
Creating Circuit: 37.278250217437744
Creating Circuit: 38.256611347198486
Creating Circuit: 39.24971270561218
Creating Circuit: 40.25772500038147
Creating Circuit: 41.252246141433716
Creating Circuit: 42.2635440826416
Creating Circuit: 43.31545114517212
Creating Circuit: 45.45392322540283
Creating Circuit: 46.53242516517639
Creating Circuit: 47.59758734703064
Creating Circuit: 48.67596173286438
Creating Circuit: 49.77028965950012
Creating Circuit: 50.878840923309326
Creating Circuit: 52.02984857559204
Creating Circuit: 53.19503927230835
Creating Circuit: 54.37445616722107
Creating Circuit: 56.836387634277344
Creating Circuit: 58.01425266265869
Creating Circuit: 59.23745059967041
Creating Circuit: 60.44221043586731
Creating Circuit: 61.661415338516235
Creating Circuit: 62.89709734916687
Creating Circuit: 64.17817258834839
Creating Circuit: 65.47330451011658
Creating Circuit: 66.74795699119568
Creating Circuit: 68.03791761398315
Creating Circuit: 70.99698734283447
Creating Circuit: 72.34995150566101
Creating Circuit: 73.7154290676117
Creating Circuit: 75.09678030014038
Creating Circuit: 76.45803737640381
Creating Circuit: 77.86681771278381
Creating Circuit: 79.29176235198975
Creating Circuit: 80.73043918609619
Transpile: 82.1794764995575
mprof: Sampling memory every 0.1s
running new process
