number of tasks = 1
number of cpus_per_task = 80
output ['/veracruz/projects/c/cquant/Dirac-Quantum-Walk/QuantumWalk/main.py', '6', '100', '1', '2', '1', '2', '10000', 'statevector', '423350', '80', 'CPU', 'double', '80', '0', '1', 'None']
Creating Circuit: 0.15096020698547363
Creating Circuit: 0.20064187049865723
Creating Circuit: 0.24962210655212402
Creating Circuit: 0.312053918838501
Creating Circuit: 0.3874523639678955
Creating Circuit: 0.4779069423675537
Creating Circuit: 0.5802395343780518
Creating Circuit: 0.6998810768127441
Creating Circuit: 0.9102945327758789
Creating Circuit: 1.0622029304504395
Creating Circuit: 1.2246625423431396
Creating Circuit: 1.3982656002044678
Creating Circuit: 1.7200183868408203
Creating Circuit: 1.9269604682922363
Creating Circuit: 2.1433351039886475
Creating Circuit: 2.476835012435913
Creating Circuit: 2.7219457626342773
Creating Circuit: 2.981232166290283
Creating Circuit: 3.4244797229766846
Creating Circuit: 3.711526393890381
Creating Circuit: 4.0101916790008545
Creating Circuit: 4.505789041519165
Creating Circuit: 4.84106707572937
Creating Circuit: 5.181926488876343
Creating Circuit: 5.708730459213257
Creating Circuit: 6.07758355140686
Creating Circuit: 6.470404386520386
Creating Circuit: 6.8769519329071045
Creating Circuit: 7.552980422973633
Creating Circuit: 7.978515148162842
Creating Circuit: 8.417606592178345
Creating Circuit: 8.870754480361938
Creating Circuit: 9.59286642074585
Creating Circuit: 10.07870888710022
Creating Circuit: 10.576374530792236
Creating Circuit: 11.086937189102173
Creating Circuit: 11.98319411277771
Creating Circuit: 12.521232843399048
Creating Circuit: 13.087899684906006
Creating Circuit: 13.668241739273071
Creating Circuit: 14.266221046447754
Creating Circuit: 15.302619934082031
Creating Circuit: 15.91170358657837
Creating Circuit: 16.535457849502563
Creating Circuit: 17.17671251296997
Creating Circuit: 17.82931399345398
Creating Circuit: 18.965067386627197
Creating Circuit: 19.663269996643066
Creating Circuit: 20.356471061706543
Creating Circuit: 21.083314180374146
Creating Circuit: 21.806078910827637
Creating Circuit: 22.56076741218567
Creating Circuit: 23.876943826675415
Creating Circuit: 24.662352323532104
Creating Circuit: 25.440447092056274
Creating Circuit: 26.2330379486084
Creating Circuit: 27.061380624771118
Creating Circuit: 27.885619640350342
Creating Circuit: 29.49581503868103
Creating Circuit: 30.370306491851807
Creating Circuit: 31.258488416671753
Creating Circuit: 32.13545036315918
Creating Circuit: 33.02638292312622
Creating Circuit: 33.931909799575806
Creating Circuit: 34.87473964691162
Creating Circuit: 36.719972133636475
Creating Circuit: 37.66950535774231
Creating Circuit: 38.63235092163086
Creating Circuit: 39.608668088912964
Creating Circuit: 40.59916114807129
Creating Circuit: 41.60661458969116
Creating Circuit: 42.65227961540222
Creating Circuit: 43.714133501052856
Creating Circuit: 45.86977529525757
Creating Circuit: 46.95924687385559
Creating Circuit: 48.06166481971741
Creating Circuit: 49.178154706954956
Creating Circuit: 50.309969902038574
Creating Circuit: 51.42727565765381
Creating Circuit: 52.56013011932373
Creating Circuit: 53.70516514778137
Creating Circuit: 54.89497089385986
Creating Circuit: 57.43644881248474
Creating Circuit: 58.624353885650635
Creating Circuit: 59.82712173461914
Creating Circuit: 61.04364490509033
Creating Circuit: 62.306418895721436
Creating Circuit: 63.55172944068909
Creating Circuit: 64.81263136863708
Creating Circuit: 66.08641791343689
Creating Circuit: 67.37331080436707
Creating Circuit: 68.67583155632019
Creating Circuit: 71.64172601699829
Creating Circuit: 73.00639295578003
Creating Circuit: 74.35040855407715
Creating Circuit: 75.74475336074829
Creating Circuit: 77.15347671508789
Creating Circuit: 78.53856301307678
Creating Circuit: 79.9426941871643
Creating Circuit: 81.39516019821167
Transpile: 82.85719680786133
mprof: Sampling memory every 0.1s
running new process
