number of tasks = 1
number of cpus_per_task = 80
output ['/veracruz/projects/c/cquant/Dirac-Quantum-Walk/QuantumWalk/main.py', '6', '100', '1', '2', '1', '2', '10000', 'statevector', '423353', '80', 'CPU', 'double', '1', '0', '1', 'None']
Creating Circuit: 0.1503889560699463
Creating Circuit: 0.20013046264648438
Creating Circuit: 0.2494945526123047
Creating Circuit: 0.31202125549316406
Creating Circuit: 0.3909029960632324
Creating Circuit: 0.483349084854126
Creating Circuit: 0.5921971797943115
Creating Circuit: 0.7164301872253418
Creating Circuit: 0.9245989322662354
Creating Circuit: 1.079946517944336
Creating Circuit: 1.2516846656799316
Creating Circuit: 1.4316654205322266
Creating Circuit: 1.7494616508483887
Creating Circuit: 1.9544365406036377
Creating Circuit: 2.173767328262329
Creating Circuit: 2.5025908946990967
Creating Circuit: 2.7517616748809814
Creating Circuit: 3.015152931213379
Creating Circuit: 3.4174821376800537
Creating Circuit: 3.7113966941833496
Creating Circuit: 4.008176803588867
Creating Circuit: 4.499154567718506
Creating Circuit: 4.832252740859985
Creating Circuit: 5.17143440246582
Creating Circuit: 5.698868274688721
Creating Circuit: 6.066032886505127
Creating Circuit: 6.451613903045654
Creating Circuit: 6.85841965675354
Creating Circuit: 7.526024103164673
Creating Circuit: 7.961055755615234
Creating Circuit: 8.39786672592163
Creating Circuit: 8.860928773880005
Creating Circuit: 9.582363843917847
Creating Circuit: 10.062130212783813
Creating Circuit: 10.555620908737183
Creating Circuit: 11.0793616771698
Creating Circuit: 11.96924114227295
Creating Circuit: 12.51929759979248
Creating Circuit: 13.068779468536377
Creating Circuit: 13.647897243499756
Creating Circuit: 14.226529836654663
Creating Circuit: 15.20817255973816
Creating Circuit: 15.832220554351807
Creating Circuit: 16.47015380859375
Creating Circuit: 17.121630430221558
Creating Circuit: 17.78745937347412
Creating Circuit: 18.930887460708618
Creating Circuit: 19.607617616653442
Creating Circuit: 20.315535068511963
Creating Circuit: 21.01977515220642
Creating Circuit: 21.738490343093872
Creating Circuit: 22.4903244972229
Creating Circuit: 23.878890991210938
Creating Circuit: 24.659591913223267
Creating Circuit: 25.45457696914673
Creating Circuit: 26.265248775482178
Creating Circuit: 27.092819452285767
Creating Circuit: 27.909740447998047
Creating Circuit: 29.43831515312195
Creating Circuit: 30.305664777755737
Creating Circuit: 31.167722702026367
Creating Circuit: 32.065195083618164
Creating Circuit: 32.97647762298584
Creating Circuit: 33.90104556083679
Creating Circuit: 34.81544351577759
Creating Circuit: 36.663140535354614
Creating Circuit: 37.608400106430054
Creating Circuit: 38.59237027168274
Creating Circuit: 39.56950926780701
Creating Circuit: 40.555965423583984
Creating Circuit: 41.556822776794434
Creating Circuit: 42.5737190246582
Creating Circuit: 43.62993049621582
Creating Circuit: 45.81251096725464
Creating Circuit: 46.89737010002136
Creating Circuit: 47.99634385108948
Creating Circuit: 49.10769581794739
Creating Circuit: 50.23480272293091
Creating Circuit: 51.37713694572449
Creating Circuit: 52.53463888168335
Creating Circuit: 53.676837682724
Creating Circuit: 54.834675550460815
Creating Circuit: 57.37292718887329
Creating Circuit: 58.5554141998291
Creating Circuit: 59.786227226257324
Creating Circuit: 61.02952432632446
Creating Circuit: 62.28695058822632
Creating Circuit: 63.52648210525513
Creating Circuit: 64.81204581260681
Creating Circuit: 66.11332488059998
Creating Circuit: 67.40021705627441
Creating Circuit: 68.69892001152039
Creating Circuit: 71.6586480140686
Creating Circuit: 72.98214435577393
Creating Circuit: 74.35510921478271
Creating Circuit: 75.7079086303711
Creating Circuit: 77.07474780082703
Creating Circuit: 78.45757102966309
Creating Circuit: 79.89116764068604
Creating Circuit: 81.33661317825317
Transpile: 82.79172897338867
mprof: Sampling memory every 0.1s
running new process
