number of tasks = 1
number of cpus_per_task = 80
output ['/veracruz/projects/c/cquant/Dirac-Quantum-Walk/QuantumWalk/main.py', '6', '100', '1', '2', '1', '2', '10000', 'statevector', '423348', '80', 'CPU', 'double', '80', '0', '1', 'None']
Creating Circuit: 0.19643616676330566
Creating Circuit: 0.2694675922393799
Creating Circuit: 0.31583499908447266
Creating Circuit: 0.37558817863464355
Creating Circuit: 0.4508390426635742
Creating Circuit: 0.5398170948028564
Creating Circuit: 0.6424465179443359
Creating Circuit: 0.7593948841094971
Creating Circuit: 0.9708530902862549
Creating Circuit: 1.1195647716522217
Creating Circuit: 1.2800555229187012
Creating Circuit: 1.454028844833374
Creating Circuit: 1.770418643951416
Creating Circuit: 1.9690558910369873
Creating Circuit: 2.186164379119873
Creating Circuit: 2.5201618671417236
Creating Circuit: 2.767258644104004
Creating Circuit: 3.0215818881988525
Creating Circuit: 3.4191384315490723
Creating Circuit: 3.708827495574951
Creating Circuit: 4.009413719177246
Creating Circuit: 4.540232419967651
Creating Circuit: 4.86553430557251
Creating Circuit: 5.205294370651245
Creating Circuit: 5.732203722000122
Creating Circuit: 6.109539985656738
Creating Circuit: 6.494485378265381
Creating Circuit: 6.902987480163574
Creating Circuit: 7.573179721832275
Creating Circuit: 8.008350133895874
Creating Circuit: 8.446597576141357
Creating Circuit: 8.910461187362671
Creating Circuit: 9.640397071838379
Creating Circuit: 10.12512755393982
Creating Circuit: 10.62168025970459
Creating Circuit: 11.14333987236023
Creating Circuit: 12.03086519241333
Creating Circuit: 12.568147659301758
Creating Circuit: 13.118695974349976
Creating Circuit: 13.697926044464111
Creating Circuit: 14.276514053344727
Creating Circuit: 15.259617805480957
Creating Circuit: 15.883188247680664
Creating Circuit: 16.505192756652832
Creating Circuit: 17.157442569732666
Creating Circuit: 17.824519634246826
Creating Circuit: 18.968082904815674
Creating Circuit: 19.667399168014526
Creating Circuit: 20.37819266319275
Creating Circuit: 21.085425853729248
Creating Circuit: 21.805572271347046
Creating Circuit: 22.540931224822998
Creating Circuit: 23.92117404937744
Creating Circuit: 24.70224905014038
Creating Circuit: 25.500518798828125
Creating Circuit: 26.31163215637207
Creating Circuit: 27.137768983840942
Creating Circuit: 27.957066535949707
Creating Circuit: 29.509730339050293
Creating Circuit: 30.356455087661743
Creating Circuit: 31.24038577079773
Creating Circuit: 32.138715505599976
Creating Circuit: 33.051660776138306
Creating Circuit: 33.957637310028076
Creating Circuit: 34.875388860702515
Creating Circuit: 36.753236055374146
Creating Circuit: 37.72992300987244
Creating Circuit: 38.690218925476074
Creating Circuit: 39.68991041183472
Creating Circuit: 40.70568776130676
Creating Circuit: 41.7080762386322
Creating Circuit: 42.72664666175842
Creating Circuit: 43.758079290390015
Creating Circuit: 45.92353796958923
Creating Circuit: 47.00865936279297
Creating Circuit: 48.11088824272156
Creating Circuit: 49.197022676467896
Creating Circuit: 50.32605338096619
Creating Circuit: 51.4613835811615
Creating Circuit: 52.59237551689148
Creating Circuit: 53.76575326919556
Creating Circuit: 54.95248556137085
Creating Circuit: 57.45795226097107
Creating Circuit: 58.64305830001831
Creating Circuit: 59.842610359191895
Creating Circuit: 61.088481426239014
Creating Circuit: 62.34865856170654
Creating Circuit: 63.59032201766968
Creating Circuit: 64.87949562072754
Creating Circuit: 66.16005277633667
Creating Circuit: 67.47921895980835
Creating Circuit: 68.77915930747986
Creating Circuit: 71.77697920799255
Creating Circuit: 73.10426545143127
Creating Circuit: 74.48040080070496
Creating Circuit: 75.83374762535095
Creating Circuit: 77.23952960968018
Creating Circuit: 78.658527135849
Creating Circuit: 80.07313370704651
Creating Circuit: 81.52250385284424
Transpile: 83.01840591430664
mprof: Sampling memory every 0.1s
running new process
