number of tasks = 1
number of cpus_per_task = 80
output ['/veracruz/projects/c/cquant/Dirac-Quantum-Walk/QuantumWalk/main.py', '6', '25', '1', '2', '1', '2', '10000', 'statevector', '423997', '80', 'CPU', 'double', '1', '0', '1', 'None']
Creating Circuit: 0.15920567512512207
Creating Circuit: 0.3620338439941406
Creating Circuit: 0.4078030586242676
Creating Circuit: 0.4668610095977783
Creating Circuit: 0.5406370162963867
Creating Circuit: 0.6343789100646973
Creating Circuit: 0.7381312847137451
Creating Circuit: 0.855076789855957
Creating Circuit: 1.0995848178863525
Creating Circuit: 1.2420799732208252
Creating Circuit: 1.4019901752471924
Creating Circuit: 1.5718364715576172
Creating Circuit: 1.8455314636230469
Creating Circuit: 2.0484778881073
Creating Circuit: 2.2652549743652344
Creating Circuit: 2.5933690071105957
Creating Circuit: 2.840266227722168
Creating Circuit: 3.093999147415161
Creating Circuit: 3.4944777488708496
Creating Circuit: 3.780545949935913
Creating Circuit: 4.083521604537964
Creating Circuit: 4.603098154067993
Creating Circuit: 4.935385704040527
Creating Circuit: 5.282023906707764
Creating Circuit: 5.803495645523071
Transpile: 6.211241006851196
Run: 64.32419991493225
.result() start: 86.67704486846924
.result() end: 121.17942023277283
Backend options: Options(shots=10000, method='statevector', device='CPU', precision='double', executor=None, max_job_size=None, max_shot_size=None, enable_truncation=True, zero_threshold=1e-10, validation_threshold=None, max_parallel_threads=80, max_parallel_experiments=1, max_parallel_shots=None, max_memory_mb=None, fusion_enable=True, fusion_verbose=False, fusion_max_qubit=None, fusion_threshold=None, accept_distributed_results=None, memory=None, noise_model=None, seed_simulator=None, cuStateVec_enable=False, blocking_qubits=None, blocking_enable=False, chunk_swap_buffer_qubits=None, batched_shots_gpu=False, batched_shots_gpu_max_qubits=16, num_threads_per_device=1, statevector_parallel_threshold=14, statevector_sample_measure_opt=10, stabilizer_max_snapshot_probabilities=32, extended_stabilizer_sampling_method='resampled_metropolis', extended_stabilizer_metropolis_mixing_time=5000, extended_stabilizer_approximation_error=0.05, extended_stabilizer_norm_estimation_samples=100, extended_stabilizer_norm_estimation_repetitions=3, extended_stabilizer_parallel_threshold=100, extended_stabilizer_probabilities_snapshot_samples=3000, matrix_product_state_truncation_threshold=1e-16, matrix_product_state_max_bond_dimension=None, mps_sample_measure_algorithm='mps_heuristic', mps_log_data=False, mps_swap_direction='mps_swap_left', chop_threshold=1e-08, mps_parallel_threshold=14, mps_omp_threads=1, tensor_network_num_sampling_qubits=10, use_cuTensorNet_autotuning=False)
Finnish: 124.11505794525146
mprof: Sampling memory every 0.1s
running new process
