number of tasks = 1
number of cpus_per_task = 80
output ['/veracruz/projects/c/cquant/Dirac-Quantum-Walk/QuantumWalk/main.py', '6', '100', '1', '2', '1', '2', '10000', 'statevector', '423965', '80', 'CPU', 'double', '1', '0', '1', 'None']
Creating Circuit: 0.21178936958312988
Creating Circuit: 0.42825770378112793
Creating Circuit: 0.47472238540649414
Creating Circuit: 0.5352144241333008
Creating Circuit: 0.609480619430542
Creating Circuit: 0.6969072818756104
Creating Circuit: 0.7997913360595703
Creating Circuit: 0.9152011871337891
Creating Circuit: 1.1663622856140137
Creating Circuit: 1.3128740787506104
Creating Circuit: 1.470412254333496
Creating Circuit: 1.6452631950378418
Creating Circuit: 1.9192183017730713
Creating Circuit: 2.1189517974853516
Creating Circuit: 2.3388431072235107
Creating Circuit: 2.684202194213867
Creating Circuit: 2.9293596744537354
Creating Circuit: 3.184661865234375
Creating Circuit: 3.6378400325775146
Creating Circuit: 3.9225642681121826
Creating Circuit: 4.228517293930054
Creating Circuit: 4.69327974319458
Creating Circuit: 5.0185582637786865
Creating Circuit: 5.357504367828369
Creating Circuit: 5.891324281692505
Creating Circuit: 6.270305871963501
Creating Circuit: 6.6662492752075195
Creating Circuit: 7.063005447387695
Creating Circuit: 7.738328695297241
Creating Circuit: 8.194958209991455
Creating Circuit: 8.649645328521729
Creating Circuit: 9.113152265548706
Creating Circuit: 9.903049230575562
Creating Circuit: 10.397114753723145
Creating Circuit: 10.891354084014893
Creating Circuit: 11.398773670196533
Creating Circuit: 12.25315237045288
Creating Circuit: 12.804490804672241
Creating Circuit: 13.36831283569336
Creating Circuit: 13.935601234436035
Creating Circuit: 14.51584792137146
Creating Circuit: 15.56425142288208
Creating Circuit: 16.170162677764893
Creating Circuit: 16.806344270706177
Creating Circuit: 17.45638871192932
Creating Circuit: 18.115170001983643
Creating Circuit: 19.285712242126465
Creating Circuit: 19.980222463607788
Creating Circuit: 20.670513153076172
Creating Circuit: 21.39284873008728
Creating Circuit: 22.11186909675598
Creating Circuit: 22.87026882171631
Creating Circuit: 24.20886254310608
Creating Circuit: 24.978684186935425
Creating Circuit: 25.75912070274353
Creating Circuit: 26.556448698043823
Creating Circuit: 27.38504958152771
Creating Circuit: 28.217370748519897
Creating Circuit: 29.86504864692688
Creating Circuit: 30.71466851234436
Creating Circuit: 31.57955050468445
Creating Circuit: 32.457298040390015
Creating Circuit: 33.37419891357422
Creating Circuit: 34.3060884475708
Creating Circuit: 35.24541521072388
Creating Circuit: 37.090739727020264
Creating Circuit: 38.0453884601593
Creating Circuit: 39.06879448890686
Creating Circuit: 40.09339785575867
Creating Circuit: 41.11239433288574
Creating Circuit: 42.1321656703949
Creating Circuit: 43.15073013305664
Creating Circuit: 44.178805112838745
Creating Circuit: 46.36669158935547
Creating Circuit: 47.44896578788757
Creating Circuit: 48.55445456504822
Creating Circuit: 49.66521430015564
Creating Circuit: 50.792478799819946
Creating Circuit: 51.90415596961975
Creating Circuit: 53.03333902359009
Creating Circuit: 54.2052001953125
Creating Circuit: 55.36104655265808
Creating Circuit: 57.9305465221405
Creating Circuit: 59.12409520149231
Creating Circuit: 60.33090782165527
Creating Circuit: 61.582093715667725
Creating Circuit: 62.85693717002869
Creating Circuit: 64.13291382789612
Creating Circuit: 65.38610863685608
Creating Circuit: 66.65426254272461
Creating Circuit: 67.93487358093262
Creating Circuit: 69.22985935211182
Creating Circuit: 72.2275710105896
Creating Circuit: 73.58609175682068
Creating Circuit: 74.95791530609131
Creating Circuit: 76.34463429450989
Creating Circuit: 77.70877718925476
Creating Circuit: 79.09370613098145
Creating Circuit: 80.52435564994812
Creating Circuit: 81.96918439865112
Transpile: 83.46038150787354
Run: 1043.866717338562
.result(): 1376.6663947105408
Backend options: Options(shots=10000, method='statevector', device='CPU', precision='double', executor=None, max_job_size=None, max_shot_size=None, enable_truncation=True, zero_threshold=1e-10, validation_threshold=None, max_parallel_threads=80, max_parallel_experiments=1, max_parallel_shots=None, max_memory_mb=None, fusion_enable=True, fusion_verbose=False, fusion_max_qubit=None, fusion_threshold=None, accept_distributed_results=None, memory=None, noise_model=None, seed_simulator=None, cuStateVec_enable=False, blocking_qubits=None, blocking_enable=False, chunk_swap_buffer_qubits=None, batched_shots_gpu=False, batched_shots_gpu_max_qubits=16, num_threads_per_device=1, statevector_parallel_threshold=14, statevector_sample_measure_opt=10, stabilizer_max_snapshot_probabilities=32, extended_stabilizer_sampling_method='resampled_metropolis', extended_stabilizer_metropolis_mixing_time=5000, extended_stabilizer_approximation_error=0.05, extended_stabilizer_norm_estimation_samples=100, extended_stabilizer_norm_estimation_repetitions=3, extended_stabilizer_parallel_threshold=100, extended_stabilizer_probabilities_snapshot_samples=3000, matrix_product_state_truncation_threshold=1e-16, matrix_product_state_max_bond_dimension=None, mps_sample_measure_algorithm='mps_heuristic', mps_log_data=False, mps_swap_direction='mps_swap_left', chop_threshold=1e-08, mps_parallel_threshold=14, mps_omp_threads=1, tensor_network_num_sampling_qubits=10, use_cuTensorNet_autotuning=False)
Finnish: 1960.1704051494598
mprof: Sampling memory every 0.1s
running new process
