number of tasks = 1
number of cpus_per_task = 80
output ['/veracruz/projects/c/cquant/Dirac-Quantum-Walk/QuantumWalk/main.py', '6', '27', '1', '2', '1', '2', '10000', 'statevector', '423998', '80', 'CPU', 'double', '1', '0', '1', 'None']
Creating Circuit: 0.15497040748596191
Creating Circuit: 0.25961732864379883
Creating Circuit: 0.3061990737915039
Creating Circuit: 0.36658573150634766
Creating Circuit: 0.4409060478210449
Creating Circuit: 0.5285236835479736
Creating Circuit: 0.6365268230438232
Creating Circuit: 0.7556533813476562
Creating Circuit: 0.9978106021881104
Creating Circuit: 1.1411550045013428
Creating Circuit: 1.3019323348999023
Creating Circuit: 1.476736068725586
Creating Circuit: 1.7499415874481201
Creating Circuit: 1.9497771263122559
Creating Circuit: 2.16825532913208
Creating Circuit: 2.495100975036621
Creating Circuit: 2.7435967922210693
Creating Circuit: 3.0058443546295166
Creating Circuit: 3.4419562816619873
Creating Circuit: 3.725940704345703
Creating Circuit: 4.023630380630493
Creating Circuit: 4.48298192024231
Creating Circuit: 4.809016704559326
Creating Circuit: 5.1494300365448
Creating Circuit: 5.685097694396973
Creating Circuit: 6.059174299240112
Creating Circuit: 6.451376676559448
Transpile: 6.878154754638672
Run: 69.64777898788452
.result() start: 90.98608016967773
.result() end: 132.4300754070282
Backend options: Options(shots=10000, method='statevector', device='CPU', precision='double', executor=None, max_job_size=None, max_shot_size=None, enable_truncation=True, zero_threshold=1e-10, validation_threshold=None, max_parallel_threads=80, max_parallel_experiments=1, max_parallel_shots=None, max_memory_mb=None, fusion_enable=True, fusion_verbose=False, fusion_max_qubit=None, fusion_threshold=None, accept_distributed_results=None, memory=None, noise_model=None, seed_simulator=None, cuStateVec_enable=False, blocking_qubits=None, blocking_enable=False, chunk_swap_buffer_qubits=None, batched_shots_gpu=False, batched_shots_gpu_max_qubits=16, num_threads_per_device=1, statevector_parallel_threshold=14, statevector_sample_measure_opt=10, stabilizer_max_snapshot_probabilities=32, extended_stabilizer_sampling_method='resampled_metropolis', extended_stabilizer_metropolis_mixing_time=5000, extended_stabilizer_approximation_error=0.05, extended_stabilizer_norm_estimation_samples=100, extended_stabilizer_norm_estimation_repetitions=3, extended_stabilizer_parallel_threshold=100, extended_stabilizer_probabilities_snapshot_samples=3000, matrix_product_state_truncation_threshold=1e-16, matrix_product_state_max_bond_dimension=None, mps_sample_measure_algorithm='mps_heuristic', mps_log_data=False, mps_swap_direction='mps_swap_left', chop_threshold=1e-08, mps_parallel_threshold=14, mps_omp_threads=1, tensor_network_num_sampling_qubits=10, use_cuTensorNet_autotuning=False)
Finnish: 135.58379340171814
mprof: Sampling memory every 0.1s
running new process
