number of tasks = 1
number of cpus_per_task = 80
output ['/veracruz/projects/c/cquant/Dirac-Quantum-Walk/QuantumWalk/main.py', '6', '19', '1', '2', '1', '2', '10000', 'statevector', '423994', '80', 'CPU', 'double', '1', '0', '1', 'None']
Creating Circuit: 0.1563863754272461
Creating Circuit: 0.20593810081481934
Creating Circuit: 0.25318074226379395
Creating Circuit: 0.312868595123291
Creating Circuit: 0.3878607749938965
Creating Circuit: 0.47780728340148926
Creating Circuit: 0.5854418277740479
Creating Circuit: 0.7041983604431152
Creating Circuit: 0.9445672035217285
Creating Circuit: 1.092855453491211
Creating Circuit: 1.2526111602783203
Creating Circuit: 1.4249398708343506
Creating Circuit: 1.6994304656982422
Creating Circuit: 1.9016728401184082
Creating Circuit: 2.1169919967651367
Creating Circuit: 2.4491524696350098
Creating Circuit: 2.700584650039673
Creating Circuit: 2.9575352668762207
Creating Circuit: 3.349440574645996
Transpile: 3.6693999767303467
Run: 37.80633783340454
.result(): 47.795419454574585
Backend options: Options(shots=10000, method='statevector', device='CPU', precision='double', executor=None, max_job_size=None, max_shot_size=None, enable_truncation=True, zero_threshold=1e-10, validation_threshold=None, max_parallel_threads=80, max_parallel_experiments=1, max_parallel_shots=None, max_memory_mb=None, fusion_enable=True, fusion_verbose=False, fusion_max_qubit=None, fusion_threshold=None, accept_distributed_results=None, memory=None, noise_model=None, seed_simulator=None, cuStateVec_enable=False, blocking_qubits=None, blocking_enable=False, chunk_swap_buffer_qubits=None, batched_shots_gpu=False, batched_shots_gpu_max_qubits=16, num_threads_per_device=1, statevector_parallel_threshold=14, statevector_sample_measure_opt=10, stabilizer_max_snapshot_probabilities=32, extended_stabilizer_sampling_method='resampled_metropolis', extended_stabilizer_metropolis_mixing_time=5000, extended_stabilizer_approximation_error=0.05, extended_stabilizer_norm_estimation_samples=100, extended_stabilizer_norm_estimation_repetitions=3, extended_stabilizer_parallel_threshold=100, extended_stabilizer_probabilities_snapshot_samples=3000, matrix_product_state_truncation_threshold=1e-16, matrix_product_state_max_bond_dimension=None, mps_sample_measure_algorithm='mps_heuristic', mps_log_data=False, mps_swap_direction='mps_swap_left', chop_threshold=1e-08, mps_parallel_threshold=14, mps_omp_threads=1, tensor_network_num_sampling_qubits=10, use_cuTensorNet_autotuning=False)
Finnish: 68.43163919448853
mprof: Sampling memory every 0.1s
running new process
