number of tasks = 1
number of cpus_per_task = 80
output ['/veracruz/projects/c/cquant/Dirac-Quantum-Walk/QuantumWalk/main.py', '6', '100', '1', '2', '1', '2', '10000', 'statevector', '423964', '80', 'CPU', 'double', '1', '0', '1', 'None']
Creating Circuit: 0.20360422134399414
Creating Circuit: 5.0776989459991455
Creating Circuit: 5.124121189117432
Creating Circuit: 5.184689521789551
Creating Circuit: 5.259298086166382
Creating Circuit: 5.346672296524048
Creating Circuit: 5.450551986694336
Creating Circuit: 5.679259538650513
Creating Circuit: 5.812439203262329
Creating Circuit: 5.9595725536346436
Creating Circuit: 6.1210408210754395
Creating Circuit: 6.379589319229126
Creating Circuit: 6.566088914871216
Creating Circuit: 6.765584945678711
Creating Circuit: 6.97922682762146
Creating Circuit: 7.308213710784912
Creating Circuit: 7.556591510772705
Creating Circuit: 7.8187255859375
Creating Circuit: 8.249448776245117
Creating Circuit: 8.53464388847351
Creating Circuit: 8.83349061012268
Creating Circuit: 9.294675588607788
Creating Circuit: 9.621326684951782
Creating Circuit: 9.961061239242554
Creating Circuit: 10.494221925735474
Creating Circuit: 10.872069835662842
Creating Circuit: 11.254390478134155
Creating Circuit: 11.66081190109253
Creating Circuit: 12.35026216506958
Creating Circuit: 12.775131940841675
Creating Circuit: 13.224756479263306
Creating Circuit: 13.688681840896606
Creating Circuit: 14.41570520401001
Creating Circuit: 14.896384000778198
Creating Circuit: 15.405906915664673
Creating Circuit: 15.915028810501099
Creating Circuit: 16.752363920211792
Creating Circuit: 17.289416551589966
Creating Circuit: 17.844215869903564
Creating Circuit: 18.410740852355957
Creating Circuit: 19.00479292869568
Creating Circuit: 20.039976596832275
Creating Circuit: 20.64710831642151
Creating Circuit: 21.268038749694824
Creating Circuit: 21.90305256843567
Creating Circuit: 22.55178189277649
Creating Circuit: 23.69199514389038
Creating Circuit: 24.387221097946167
Creating Circuit: 25.079124927520752
Creating Circuit: 25.811671257019043
Creating Circuit: 26.535577535629272
Creating Circuit: 27.269903659820557
Creating Circuit: 28.604559659957886
Creating Circuit: 29.391252756118774
Creating Circuit: 30.169654369354248
Creating Circuit: 30.959863424301147
Creating Circuit: 31.763251304626465
Creating Circuit: 32.602744340896606
Creating Circuit: 34.211804151535034
Creating Circuit: 35.0807101726532
Creating Circuit: 35.98572635650635
Creating Circuit: 36.90327978134155
Creating Circuit: 37.81469917297363
Creating Circuit: 38.73988461494446
Creating Circuit: 39.68061804771423
Creating Circuit: 41.48059344291687
Creating Circuit: 42.45894980430603
Creating Circuit: 43.42165470123291
Creating Circuit: 44.42197608947754
Creating Circuit: 45.435893535614014
Creating Circuit: 46.46816277503967
Creating Circuit: 47.51174712181091
Creating Circuit: 48.539589166641235
Creating Circuit: 50.7102210521698
Creating Circuit: 51.79506516456604
Creating Circuit: 52.89362406730652
Creating Circuit: 53.979578256607056
Creating Circuit: 55.07840609550476
Creating Circuit: 56.22081255912781
Creating Circuit: 57.34865975379944
Creating Circuit: 58.49317240715027
Creating Circuit: 61.04903554916382
Creating Circuit: 62.24950671195984
Creating Circuit: 63.464240312576294
Creating Circuit: 64.69299674034119
Creating Circuit: 65.96127223968506
Creating Circuit: 67.2265613079071
Creating Circuit: 68.50439596176147
Creating Circuit: 69.79377937316895
Creating Circuit: 71.06389856338501
Creating Circuit: 72.34826588630676
Creating Circuit: 75.35874009132385
Creating Circuit: 76.73547649383545
Creating Circuit: 78.09727740287781
Creating Circuit: 79.47131133079529
Creating Circuit: 80.86239743232727
Creating Circuit: 82.22989892959595
Creating Circuit: 83.61089301109314
Creating Circuit: 85.04507350921631
Creating Circuit: 86.53649377822876
Transpile: 87.99620199203491
