number of tasks = 1
number of cpus_per_task = 80
output ['/veracruz/projects/c/cquant/Dirac-Quantum-Walk/QuantumWalk/main.py', '6', '39', '1', '2', '1', '2', '10000', 'statevector', '424004', '80', 'CPU', 'double', '1', '0', '1', 'None']
Creating Circuit: 0.15108346939086914
Creating Circuit: 0.2010660171508789
Creating Circuit: 0.25190138816833496
Creating Circuit: 0.3166053295135498
Creating Circuit: 0.396331787109375
Creating Circuit: 0.49372196197509766
Creating Circuit: 0.6037611961364746
Creating Circuit: 0.7337548732757568
Creating Circuit: 0.9886095523834229
Creating Circuit: 1.1489923000335693
Creating Circuit: 1.3250110149383545
Creating Circuit: 1.511411190032959
Creating Circuit: 1.7975819110870361
Creating Circuit: 2.0092833042144775
Creating Circuit: 2.241084098815918
Creating Circuit: 2.5831634998321533
Creating Circuit: 2.845900535583496
Creating Circuit: 3.129239559173584
Creating Circuit: 3.58854341506958
Creating Circuit: 3.8973026275634766
Creating Circuit: 4.203376531600952
Creating Circuit: 4.663477659225464
Creating Circuit: 4.990599632263184
Creating Circuit: 5.340080976486206
Creating Circuit: 5.867792129516602
Creating Circuit: 6.246283054351807
Creating Circuit: 6.644082307815552
Creating Circuit: 7.041388273239136
Creating Circuit: 7.711375713348389
Creating Circuit: 8.147710800170898
Creating Circuit: 8.587056398391724
Creating Circuit: 9.052503824234009
Creating Circuit: 9.780616283416748
Creating Circuit: 10.27503752708435
Creating Circuit: 10.78325343132019
Creating Circuit: 11.301741600036621
Creating Circuit: 12.194387435913086
Creating Circuit: 12.732211351394653
Creating Circuit: 13.299253463745117
Transpile: 13.90717339515686
Run: 154.81883716583252
.result() start: 183.2423017024994
.result() end: 269.25172662734985
Backend options: Options(shots=10000, method='statevector', device='CPU', precision='double', executor=None, max_job_size=None, max_shot_size=None, enable_truncation=True, zero_threshold=1e-10, validation_threshold=None, max_parallel_threads=80, max_parallel_experiments=1, max_parallel_shots=None, max_memory_mb=None, fusion_enable=True, fusion_verbose=False, fusion_max_qubit=None, fusion_threshold=None, accept_distributed_results=None, memory=None, noise_model=None, seed_simulator=None, cuStateVec_enable=False, blocking_qubits=None, blocking_enable=False, chunk_swap_buffer_qubits=None, batched_shots_gpu=False, batched_shots_gpu_max_qubits=16, num_threads_per_device=1, statevector_parallel_threshold=14, statevector_sample_measure_opt=10, stabilizer_max_snapshot_probabilities=32, extended_stabilizer_sampling_method='resampled_metropolis', extended_stabilizer_metropolis_mixing_time=5000, extended_stabilizer_approximation_error=0.05, extended_stabilizer_norm_estimation_samples=100, extended_stabilizer_norm_estimation_repetitions=3, extended_stabilizer_parallel_threshold=100, extended_stabilizer_probabilities_snapshot_samples=3000, matrix_product_state_truncation_threshold=1e-16, matrix_product_state_max_bond_dimension=None, mps_sample_measure_algorithm='mps_heuristic', mps_log_data=False, mps_swap_direction='mps_swap_left', chop_threshold=1e-08, mps_parallel_threshold=14, mps_omp_threads=1, tensor_network_num_sampling_qubits=10, use_cuTensorNet_autotuning=False)
Finnish: 276.0392053127289
mprof: Sampling memory every 0.1s
running new process
