number of tasks = 1
number of cpus_per_task = 80
output ['/veracruz/projects/c/cquant/Dirac-Quantum-Walk/QuantumWalk/main.py', '6', '64', '1', '2', '1', '2', '10000', 'statevector', '434992', '80', 'CPU', 'double', '1', '0', '1', 'None', '0']
Creating Circuit: 0.2045125961303711
Creating Circuit: 0.27530765533447266
Creating Circuit: 0.324368953704834
Creating Circuit: 0.38808298110961914
Creating Circuit: 0.46431422233581543
Creating Circuit: 0.5517458915710449
Creating Circuit: 0.655144453048706
Creating Circuit: 0.7704882621765137
Creating Circuit: 0.9731078147888184
Creating Circuit: 1.1226229667663574
Creating Circuit: 1.280867099761963
Creating Circuit: 1.4563860893249512
Creating Circuit: 1.7592689990997314
Creating Circuit: 1.9647622108459473
Creating Circuit: 2.185210943222046
Creating Circuit: 2.512308359146118
Creating Circuit: 2.7551329135894775
Creating Circuit: 3.0114586353302
Creating Circuit: 3.45615553855896
Creating Circuit: 3.7483034133911133
Creating Circuit: 4.054011821746826
Creating Circuit: 4.513949871063232
Creating Circuit: 4.840514659881592
Creating Circuit: 5.189555406570435
Creating Circuit: 5.7236387729644775
Creating Circuit: 6.09220290184021
Creating Circuit: 6.478951454162598
Creating Circuit: 6.877156019210815
Creating Circuit: 7.53920316696167
Creating Circuit: 7.964252471923828
Creating Circuit: 8.413602828979492
Creating Circuit: 8.878304719924927
Creating Circuit: 9.605916738510132
Creating Circuit: 10.099571704864502
Creating Circuit: 10.607287883758545
Creating Circuit: 11.127954006195068
Creating Circuit: 12.017082691192627
Creating Circuit: 12.56825876235962
Creating Circuit: 13.134739398956299
Creating Circuit: 13.701138496398926
Creating Circuit: 14.296943187713623
Creating Circuit: 15.268494129180908
Creating Circuit: 15.877467393875122
Creating Circuit: 16.500343561172485
Creating Circuit: 17.13759684562683
Creating Circuit: 17.788450002670288
Creating Circuit: 18.930715084075928
Creating Circuit: 19.62842893600464
Creating Circuit: 20.33864402770996
Creating Circuit: 21.064532995224
Creating Circuit: 21.786195755004883
Creating Circuit: 22.540886163711548
Creating Circuit: 23.917502641677856
Creating Circuit: 24.70121455192566
Creating Circuit: 25.499395847320557
Creating Circuit: 26.31218433380127
Creating Circuit: 27.140140295028687
Creating Circuit: 27.981495141983032
Creating Circuit: 29.53199577331543
Creating Circuit: 30.401955127716064
Creating Circuit: 31.267539024353027
Creating Circuit: 32.16773533821106
Creating Circuit: 33.05749583244324
Creating Circuit: 33.961843490600586
Available Devices: ('CPU',)
Backend options: Options(shots=10000, method='statevector', device='CPU', precision='double', executor=None, max_job_size=None, max_shot_size=None, enable_truncation=True, zero_threshold=1e-10, validation_threshold=None, max_parallel_threads=80, max_parallel_experiments=1, max_parallel_shots=80, max_memory_mb=None, fusion_enable=True, fusion_verbose=False, fusion_max_qubit=None, fusion_threshold=None, accept_distributed_results=None, memory=None, noise_model=None, seed_simulator=None, cuStateVec_enable=False, blocking_qubits=None, blocking_enable=False, chunk_swap_buffer_qubits=None, batched_shots_gpu=False, batched_shots_gpu_max_qubits=16, num_threads_per_device=1, statevector_parallel_threshold=14, statevector_sample_measure_opt=10, stabilizer_max_snapshot_probabilities=32, extended_stabilizer_sampling_method='resampled_metropolis', extended_stabilizer_metropolis_mixing_time=5000, extended_stabilizer_approximation_error=0.05, extended_stabilizer_norm_estimation_samples=100, extended_stabilizer_norm_estimation_repetitions=3, extended_stabilizer_parallel_threshold=100, extended_stabilizer_probabilities_snapshot_samples=3000, matrix_product_state_truncation_threshold=1e-16, matrix_product_state_max_bond_dimension=None, mps_sample_measure_algorithm='mps_heuristic', mps_log_data=False, mps_swap_direction='mps_swap_left', chop_threshold=1e-08, mps_parallel_threshold=14, mps_omp_threads=1, tensor_network_num_sampling_qubits=10, use_cuTensorNet_autotuning=False)
Transpile: 34.91820025444031
