number of tasks = 1
number of cpus_per_task = 80
output ['/veracruz/projects/c/cquant/Dirac-Quantum-Walk/QuantumWalk/main.py', '6', '128', '1', '2', '1', '2', '10000', 'statevector', '434990', '80', 'CPU', 'double', '1', '0', '1', 'None', '0']
Creating Circuit: 0.15459775924682617
Creating Circuit: 0.2053685188293457
Creating Circuit: 0.2554512023925781
Creating Circuit: 0.32024407386779785
Creating Circuit: 0.3999905586242676
Creating Circuit: 0.49747562408447266
Creating Circuit: 0.607546329498291
Creating Circuit: 0.7340850830078125
Creating Circuit: 0.9443249702453613
Creating Circuit: 1.1077537536621094
Creating Circuit: 1.2865076065063477
Creating Circuit: 1.4730489253997803
Creating Circuit: 1.7923815250396729
Creating Circuit: 2.01012921333313
Creating Circuit: 2.2492125034332275
Creating Circuit: 2.5960335731506348
Creating Circuit: 2.8633956909179688
Creating Circuit: 3.1352996826171875
Creating Circuit: 3.534071207046509
Creating Circuit: 3.8198633193969727
Creating Circuit: 4.126803159713745
Creating Circuit: 4.5853965282440186
Creating Circuit: 4.920918226242065
Creating Circuit: 5.26556396484375
Creating Circuit: 5.84164023399353
Creating Circuit: 6.220417261123657
Creating Circuit: 6.6039934158325195
Creating Circuit: 7.011490106582642
Creating Circuit: 7.684525728225708
Creating Circuit: 8.111412048339844
Creating Circuit: 8.551533222198486
Creating Circuit: 9.005983114242554
Creating Circuit: 9.733779191970825
Creating Circuit: 10.217077016830444
Creating Circuit: 10.72696590423584
Creating Circuit: 11.25155234336853
Creating Circuit: 12.143495798110962
Creating Circuit: 12.696671724319458
Creating Circuit: 13.265044689178467
Creating Circuit: 13.84869647026062
Creating Circuit: 14.445685625076294
Creating Circuit: 15.42921495437622
Creating Circuit: 16.04029870033264
Creating Circuit: 16.664600610733032
Creating Circuit: 17.304083824157715
Creating Circuit: 17.956891298294067
Creating Circuit: 19.10171127319336
Creating Circuit: 19.801344394683838
Creating Circuit: 20.496444940567017
Creating Circuit: 21.209671020507812
Creating Circuit: 21.952536821365356
Creating Circuit: 22.708855867385864
Creating Circuit: 24.099989652633667
Creating Circuit: 24.885555267333984
Creating Circuit: 25.685741424560547
Creating Circuit: 26.50059199333191
Creating Circuit: 27.32898211479187
Creating Circuit: 28.174297094345093
Creating Circuit: 29.73459529876709
Creating Circuit: 30.608164310455322
Creating Circuit: 31.473939657211304
Creating Circuit: 32.35196828842163
Creating Circuit: 33.24544930458069
Creating Circuit: 34.17748808860779
Creating Circuit: 35.121922969818115
Creating Circuit: 36.937185525894165
Creating Circuit: 37.91408443450928
Creating Circuit: 38.90355563163757
Creating Circuit: 39.91073489189148
Creating Circuit: 40.92856478691101
Creating Circuit: 41.96038794517517
Creating Circuit: 43.0064115524292
Creating Circuit: 44.06849551200867
Creating Circuit: 46.23125648498535
Creating Circuit: 47.29559659957886
Creating Circuit: 48.400827407836914
Creating Circuit: 49.52060604095459
Creating Circuit: 50.6257860660553
Creating Circuit: 51.74545955657959
Creating Circuit: 52.908528327941895
Creating Circuit: 54.088107109069824
Creating Circuit: 55.25030446052551
Creating Circuit: 57.82423806190491
Creating Circuit: 59.045286655426025
Creating Circuit: 60.28232431411743
Creating Circuit: 61.53437256813049
Creating Circuit: 62.800464391708374
Creating Circuit: 64.0821795463562
Creating Circuit: 65.34403872489929
Creating Circuit: 66.62039995193481
Creating Circuit: 67.94420671463013
Creating Circuit: 69.28146290779114
Creating Circuit: 72.21442937850952
Creating Circuit: 73.58254885673523
Creating Circuit: 74.92852091789246
Creating Circuit: 76.3255569934845
Creating Circuit: 77.73614716529846
Creating Circuit: 79.16204881668091
Creating Circuit: 80.60255169868469
Creating Circuit: 82.0191740989685
Creating Circuit: 83.48905444145203
Creating Circuit: 84.97312951087952
Creating Circuit: 86.47289276123047
Creating Circuit: 90.07003712654114
Creating Circuit: 91.5594630241394
Creating Circuit: 93.10242342948914
Creating Circuit: 94.65763354301453
Creating Circuit: 96.2284083366394
Creating Circuit: 97.81219983100891
Creating Circuit: 99.41292953491211
Creating Circuit: 101.02667331695557
Creating Circuit: 102.62728548049927
Creating Circuit: 104.2710018157959
Creating Circuit: 105.88477897644043
Creating Circuit: 107.51310706138611
Creating Circuit: 111.68890595436096
Creating Circuit: 113.34915614128113
Creating Circuit: 115.05220913887024
Creating Circuit: 116.74001574516296
Creating Circuit: 118.43809127807617
Creating Circuit: 120.15019202232361
Creating Circuit: 121.87715315818787
Creating Circuit: 123.61757755279541
Creating Circuit: 125.37944149971008
Creating Circuit: 127.14750671386719
Creating Circuit: 128.9747622013092
Creating Circuit: 130.81695413589478
Creating Circuit: 132.62666511535645
Available Devices: ('CPU',)
Backend options: Options(shots=10000, method='statevector', device='CPU', precision='double', executor=None, max_job_size=None, max_shot_size=None, enable_truncation=True, zero_threshold=1e-10, validation_threshold=None, max_parallel_threads=80, max_parallel_experiments=1, max_parallel_shots=80, max_memory_mb=None, fusion_enable=True, fusion_verbose=False, fusion_max_qubit=None, fusion_threshold=None, accept_distributed_results=None, memory=None, noise_model=None, seed_simulator=None, cuStateVec_enable=False, blocking_qubits=None, blocking_enable=False, chunk_swap_buffer_qubits=None, batched_shots_gpu=False, batched_shots_gpu_max_qubits=16, num_threads_per_device=1, statevector_parallel_threshold=14, statevector_sample_measure_opt=10, stabilizer_max_snapshot_probabilities=32, extended_stabilizer_sampling_method='resampled_metropolis', extended_stabilizer_metropolis_mixing_time=5000, extended_stabilizer_approximation_error=0.05, extended_stabilizer_norm_estimation_samples=100, extended_stabilizer_norm_estimation_repetitions=3, extended_stabilizer_parallel_threshold=100, extended_stabilizer_probabilities_snapshot_samples=3000, matrix_product_state_truncation_threshold=1e-16, matrix_product_state_max_bond_dimension=None, mps_sample_measure_algorithm='mps_heuristic', mps_log_data=False, mps_swap_direction='mps_swap_left', chop_threshold=1e-08, mps_parallel_threshold=14, mps_omp_threads=1, tensor_network_num_sampling_qubits=10, use_cuTensorNet_autotuning=False)
Transpile: 137.59954953193665
Run: 1807.655462026596
.result() start: 2210.553877592087
.result() end: 3199.1823241710663
Finnish: 3288.880583047867
mprof: Sampling memory every 0.1s
running new process
