number of tasks = 1
number of cpus_per_task = 80
output ['/veracruz/projects/c/cquant/Dirac-Quantum-Walk/QuantumWalk/main.py', '6', '128', '1', '2', '1', '2', '10000', 'statevector', '434993', '80', 'CPU', 'double', '1', '0', '1', 'None', '0']
Creating Circuit: 0.19047164916992188
Creating Circuit: 0.2660343647003174
Creating Circuit: 0.31525564193725586
Creating Circuit: 0.37801361083984375
Creating Circuit: 0.45650529861450195
Creating Circuit: 0.5487120151519775
Creating Circuit: 0.6574373245239258
Creating Circuit: 0.7786228656768799
Creating Circuit: 1.0056266784667969
Creating Circuit: 1.157289743423462
Creating Circuit: 1.323150873184204
Creating Circuit: 1.4952588081359863
Creating Circuit: 1.767500638961792
Creating Circuit: 1.9672672748565674
Creating Circuit: 2.1853537559509277
Creating Circuit: 2.509315252304077
Creating Circuit: 2.7572548389434814
Creating Circuit: 3.0196876525878906
Creating Circuit: 3.408419609069824
Creating Circuit: 3.6943869590759277
Creating Circuit: 4.00419282913208
Creating Circuit: 4.494274616241455
Creating Circuit: 4.8360679149627686
Creating Circuit: 5.178791522979736
Creating Circuit: 5.708425998687744
Creating Circuit: 6.076744079589844
Creating Circuit: 6.459380388259888
Creating Circuit: 6.8550615310668945
Creating Circuit: 7.4821977615356445
Creating Circuit: 7.917828559875488
Creating Circuit: 8.359822034835815
Creating Circuit: 8.826268196105957
Creating Circuit: 9.602888345718384
Creating Circuit: 10.083980321884155
Creating Circuit: 10.591851234436035
Creating Circuit: 11.113975048065186
Creating Circuit: 11.958311080932617
Creating Circuit: 12.495533227920532
Creating Circuit: 13.047736883163452
Creating Circuit: 13.614017248153687
Creating Circuit: 14.208900451660156
Creating Circuit: 15.193132638931274
Creating Circuit: 15.804083347320557
Creating Circuit: 16.444427728652954
Creating Circuit: 17.097704648971558
Creating Circuit: 17.76653504371643
Creating Circuit: 18.952499389648438
Creating Circuit: 19.648526430130005
Creating Circuit: 20.340738534927368
Creating Circuit: 21.047730684280396
Creating Circuit: 21.769749641418457
Creating Circuit: 22.523917198181152
Creating Circuit: 23.862770557403564
Creating Circuit: 24.626548767089844
Creating Circuit: 25.403543949127197
Creating Circuit: 26.195022106170654
Creating Circuit: 27.021955013275146
Creating Circuit: 27.8428053855896
Creating Circuit: 29.3976628780365
Creating Circuit: 30.26789164543152
Creating Circuit: 31.152467727661133
Creating Circuit: 32.029006004333496
Creating Circuit: 32.94292974472046
Creating Circuit: 33.87115550041199
Creating Circuit: 34.7921302318573
Creating Circuit: 36.67127871513367
Creating Circuit: 37.64462852478027
Creating Circuit: 38.69046759605408
Creating Circuit: 39.732518672943115
Creating Circuit: 40.77895545959473
Creating Circuit: 41.81258726119995
Creating Circuit: 42.85773277282715
Creating Circuit: 43.94103813171387
Creating Circuit: 46.105008363723755
Creating Circuit: 47.168888092041016
Creating Circuit: 48.27054810523987
Creating Circuit: 49.38662505149841
Creating Circuit: 50.48812484741211
Creating Circuit: 51.63498878479004
Creating Circuit: 52.76823711395264
Creating Circuit: 53.943816900253296
Creating Circuit: 55.132628440856934
Creating Circuit: 57.655287981033325
Creating Circuit: 58.87317395210266
Creating Circuit: 60.07424998283386
Creating Circuit: 61.28904914855957
Creating Circuit: 62.51897859573364
Creating Circuit: 63.762725830078125
Creating Circuit: 65.06258893013
Creating Circuit: 66.36789584159851
Creating Circuit: 67.68760347366333
Creating Circuit: 69.02114915847778
Creating Circuit: 71.98108053207397
Creating Circuit: 73.31247925758362
Creating Circuit: 74.69018578529358
Creating Circuit: 76.04569292068481
Creating Circuit: 77.45142841339111
Creating Circuit: 78.87265753746033
Creating Circuit: 80.27169370651245
Creating Circuit: 81.68463587760925
Creating Circuit: 83.14858031272888
Creating Circuit: 84.62741923332214
Creating Circuit: 86.12042593955994
Creating Circuit: 89.72031569480896
Creating Circuit: 91.20375370979309
Creating Circuit: 92.7420392036438
Creating Circuit: 94.27348566055298
Creating Circuit: 95.9569001197815
Creating Circuit: 97.69676899909973
Creating Circuit: 99.2495436668396
Creating Circuit: 100.86025762557983
Creating Circuit: 102.47627234458923
Creating Circuit: 104.24474143981934
Creating Circuit: 105.91722297668457
Creating Circuit: 107.53901934623718
Creating Circuit: 111.74032926559448
Creating Circuit: 113.43954634666443
Creating Circuit: 115.15022349357605
Creating Circuit: 116.83079791069031
Creating Circuit: 118.54184055328369
Creating Circuit: 120.2504813671112
Creating Circuit: 122.01968193054199
Creating Circuit: 123.8035295009613
Creating Circuit: 125.55523729324341
Creating Circuit: 127.35331082344055
Creating Circuit: 129.1951036453247
Creating Circuit: 131.00521659851074
Creating Circuit: 132.86864137649536
Available Devices: ('CPU',)
Backend options: Options(shots=10000, method='statevector', device='CPU', precision='double', executor=None, max_job_size=None, max_shot_size=None, enable_truncation=True, zero_threshold=1e-10, validation_threshold=None, max_parallel_threads=80, max_parallel_experiments=1, max_parallel_shots=80, max_memory_mb=None, fusion_enable=True, fusion_verbose=False, fusion_max_qubit=None, fusion_threshold=None, accept_distributed_results=None, memory=None, noise_model=None, seed_simulator=None, cuStateVec_enable=False, blocking_qubits=None, blocking_enable=False, chunk_swap_buffer_qubits=None, batched_shots_gpu=False, batched_shots_gpu_max_qubits=16, num_threads_per_device=1, statevector_parallel_threshold=14, statevector_sample_measure_opt=10, stabilizer_max_snapshot_probabilities=32, extended_stabilizer_sampling_method='resampled_metropolis', extended_stabilizer_metropolis_mixing_time=5000, extended_stabilizer_approximation_error=0.05, extended_stabilizer_norm_estimation_samples=100, extended_stabilizer_norm_estimation_repetitions=3, extended_stabilizer_parallel_threshold=100, extended_stabilizer_probabilities_snapshot_samples=3000, matrix_product_state_truncation_threshold=1e-16, matrix_product_state_max_bond_dimension=None, mps_sample_measure_algorithm='mps_heuristic', mps_log_data=False, mps_swap_direction='mps_swap_left', chop_threshold=1e-08, mps_parallel_threshold=14, mps_omp_threads=1, tensor_network_num_sampling_qubits=10, use_cuTensorNet_autotuning=False)
Transpile: 138.108948469162
Run: 1899.9527900218964-138.108948469162= 1761,8438415527
.result() start: 2354.2150433063507
.result() end: 3362.0266275405884-1899.9527900218964 = 1462,07383751869
Finnish: 3459.8446023464203
mprof: Sampling memory every 0.1s
running new process
