number of tasks = 1
number of cpus_per_task = 80
output ['/veracruz/projects/c/cquant/Dirac-Quantum-Walk/QuantumWalk/main.py', '6', '64', '1', '2', '1', '2', '10000', 'statevector', '434991', '80', 'CPU', 'double', '1', '0', '1', 'None', '0']
Creating Circuit: 0.18438959121704102
Creating Circuit: 0.25438523292541504
Creating Circuit: 0.30544233322143555
Creating Circuit: 0.37137699127197266
Creating Circuit: 0.45258593559265137
Creating Circuit: 0.5496876239776611
Creating Circuit: 0.6562955379486084
Creating Circuit: 0.7808072566986084
Creating Circuit: 1.0563104152679443
Creating Circuit: 1.212184190750122
Creating Circuit: 1.3786547183990479
Creating Circuit: 1.5532917976379395
Creating Circuit: 1.8260478973388672
Creating Circuit: 2.025834798812866
Creating Circuit: 2.2466185092926025
Creating Circuit: 2.577085018157959
Creating Circuit: 2.825645923614502
Creating Circuit: 3.0894851684570312
Creating Circuit: 3.4863440990448
Creating Circuit: 3.7713634967803955
Creating Circuit: 4.079484701156616
Creating Circuit: 4.615128755569458
Creating Circuit: 4.949185848236084
Creating Circuit: 5.289645671844482
Creating Circuit: 5.823020696640015
Creating Circuit: 6.200237512588501
Creating Circuit: 6.581649541854858
Creating Circuit: 6.986981630325317
Creating Circuit: 7.6078362464904785
Creating Circuit: 8.0436851978302
Creating Circuit: 8.483014345169067
Creating Circuit: 8.945723056793213
Creating Circuit: 9.751878023147583
Creating Circuit: 10.247325658798218
Creating Circuit: 10.754390954971313
Creating Circuit: 11.288717985153198
Creating Circuit: 12.20819354057312
Creating Circuit: 12.7462637424469
Creating Circuit: 13.314223766326904
Creating Circuit: 13.89355754852295
Creating Circuit: 14.475478887557983
Creating Circuit: 15.460436582565308
Creating Circuit: 16.070700883865356
Creating Circuit: 16.691296815872192
Creating Circuit: 17.327433824539185
Creating Circuit: 17.979476928710938
Creating Circuit: 19.13519525527954
Creating Circuit: 19.85220766067505
Creating Circuit: 20.56983995437622
Creating Circuit: 21.294121742248535
Creating Circuit: 22.01398468017578
Creating Circuit: 22.767077445983887
Creating Circuit: 24.153149127960205
Creating Circuit: 24.920761108398438
Creating Circuit: 25.697258710861206
Creating Circuit: 26.511700868606567
Creating Circuit: 27.322033405303955
Creating Circuit: 28.166537284851074
Creating Circuit: 29.768188953399658
Creating Circuit: 30.63331937789917
Creating Circuit: 31.51868724822998
Creating Circuit: 32.39673471450806
Creating Circuit: 33.30930733680725
Creating Circuit: 34.21013808250427
Available Devices: ('CPU',)
Backend options: Options(shots=10000, method='statevector', device='CPU', precision='double', executor=None, max_job_size=None, max_shot_size=None, enable_truncation=True, zero_threshold=1e-10, validation_threshold=None, max_parallel_threads=80, max_parallel_experiments=1, max_parallel_shots=80, max_memory_mb=None, fusion_enable=True, fusion_verbose=False, fusion_max_qubit=None, fusion_threshold=None, accept_distributed_results=None, memory=None, noise_model=None, seed_simulator=None, cuStateVec_enable=False, blocking_qubits=None, blocking_enable=False, chunk_swap_buffer_qubits=None, batched_shots_gpu=False, batched_shots_gpu_max_qubits=16, num_threads_per_device=1, statevector_parallel_threshold=14, statevector_sample_measure_opt=10, stabilizer_max_snapshot_probabilities=32, extended_stabilizer_sampling_method='resampled_metropolis', extended_stabilizer_metropolis_mixing_time=5000, extended_stabilizer_approximation_error=0.05, extended_stabilizer_norm_estimation_samples=100, extended_stabilizer_norm_estimation_repetitions=3, extended_stabilizer_parallel_threshold=100, extended_stabilizer_probabilities_snapshot_samples=3000, matrix_product_state_truncation_threshold=1e-16, matrix_product_state_max_bond_dimension=None, mps_sample_measure_algorithm='mps_heuristic', mps_log_data=False, mps_swap_direction='mps_swap_left', chop_threshold=1e-08, mps_parallel_threshold=14, mps_omp_threads=1, tensor_network_num_sampling_qubits=10, use_cuTensorNet_autotuning=False)
Transpile: 35.18047571182251
