number of tasks = 1
number of cpus_per_task = 80
output ['/veracruz/projects/c/cquant/Dirac-Quantum-Walk/QuantumWalk/main.py', '6', '128', '1', '2', '1', '2', '10000', 'statevector', '436697', '80', 'CPU', 'double', '80', '0', '1', 'None', '0']
Creating Circuit: 4.3973774909973145
Creating Circuit: 5.014981269836426
Creating Circuit: 5.061307668685913
Creating Circuit: 5.1195642948150635
Creating Circuit: 5.198375940322876
Creating Circuit: 5.293331861495972
Creating Circuit: 5.403840780258179
Creating Circuit: 5.639878511428833
Creating Circuit: 5.76691198348999
Creating Circuit: 5.909930944442749
Creating Circuit: 6.062363624572754
Creating Circuit: 6.32063627243042
Creating Circuit: 6.506363868713379
Creating Circuit: 6.699687957763672
Creating Circuit: 6.907189846038818
Creating Circuit: 7.238385200500488
Creating Circuit: 7.477721214294434
Creating Circuit: 7.723498582839966
Creating Circuit: 8.112578392028809
Creating Circuit: 8.393272876739502
Creating Circuit: 8.69584035873413
Creating Circuit: 9.212253093719482
Creating Circuit: 9.526215553283691
Creating Circuit: 9.852981805801392
Creating Circuit: 10.369113683700562
Creating Circuit: 10.732096195220947
Creating Circuit: 11.108151912689209
Creating Circuit: 11.498844623565674
Creating Circuit: 12.106762647628784
Creating Circuit: 12.52501916885376
Creating Circuit: 12.955997467041016
Creating Circuit: 13.401162385940552
Creating Circuit: 14.16223669052124
Creating Circuit: 14.623541116714478
Creating Circuit: 15.097747564315796
Creating Circuit: 15.616936445236206
Creating Circuit: 16.474279403686523
Creating Circuit: 16.990290880203247
Creating Circuit: 17.533379554748535
Creating Circuit: 18.09013819694519
Creating Circuit: 18.66135334968567
Creating Circuit: 19.65272545814514
Creating Circuit: 20.25097155570984
Creating Circuit: 20.861403942108154
Creating Circuit: 21.475253343582153
Creating Circuit: 22.11315417289734
Creating Circuit: 23.230408430099487
Creating Circuit: 23.882757425308228
Creating Circuit: 24.546996116638184
Creating Circuit: 25.25034523010254
Creating Circuit: 25.985982656478882
Creating Circuit: 26.692261457443237
Creating Circuit: 28.045828819274902
Creating Circuit: 28.787303924560547
Creating Circuit: 29.532246589660645
Creating Circuit: 30.287984132766724
Creating Circuit: 31.07751441001892
Creating Circuit: 31.86015796661377
Creating Circuit: 33.386722564697266
Creating Circuit: 34.21946907043457
Creating Circuit: 35.04329586029053
Creating Circuit: 35.94541096687317
Creating Circuit: 36.82530689239502
Creating Circuit: 37.688719272613525
Creating Circuit: 38.56629395484924
Creating Circuit: 40.38548421859741
Creating Circuit: 41.31381011009216
Creating Circuit: 42.255473136901855
Creating Circuit: 43.1855993270874
Creating Circuit: 44.13455653190613
Creating Circuit: 45.094233989715576
Creating Circuit: 46.12431764602661
Creating Circuit: 47.16562247276306
Creating Circuit: 49.32558751106262
Creating Circuit: 50.36433506011963
Creating Circuit: 51.39019179344177
Creating Circuit: 52.45723748207092
Creating Circuit: 53.50891470909119
Creating Circuit: 54.602866411209106
Creating Circuit: 55.73797583580017
Creating Circuit: 56.8751654624939
Creating Circuit: 59.3091926574707
Creating Circuit: 60.480863094329834
Creating Circuit: 61.71958613395691
Creating Circuit: 62.95620012283325
Creating Circuit: 64.15034294128418
Creating Circuit: 65.33841681480408
Creating Circuit: 66.57227849960327
Creating Circuit: 67.81323671340942
Creating Circuit: 69.02906465530396
Creating Circuit: 70.29214119911194
Creating Circuit: 73.23878979682922
Creating Circuit: 74.52937722206116
Creating Circuit: 75.86719584465027
Creating Circuit: 77.15561532974243
Creating Circuit: 78.48072791099548
Creating Circuit: 79.82733654975891
Creating Circuit: 81.18702626228333
Creating Circuit: 82.52570819854736
Creating Circuit: 83.91302442550659
Creating Circuit: 85.2791395187378
Creating Circuit: 86.66062951087952
Creating Circuit: 91.2123122215271
Creating Circuit: 92.6147882938385
Creating Circuit: 94.06709361076355
Creating Circuit: 95.49559688568115
Creating Circuit: 96.97470736503601
Creating Circuit: 98.46697306632996
Creating Circuit: 99.93455743789673
Creating Circuit: 101.45404148101807
Creating Circuit: 102.9872477054596
Creating Circuit: 104.4948513507843
Creating Circuit: 106.05689978599548
Creating Circuit: 111.11420273780823
Creating Circuit: 112.66268110275269
Creating Circuit: 114.26292276382446
Creating Circuit: 115.87853932380676
Creating Circuit: 117.465407371521
Creating Circuit: 119.11341047286987
Creating Circuit: 120.72943711280823
Creating Circuit: 122.39785242080688
Creating Circuit: 124.08072662353516
Creating Circuit: 125.78085112571716
Creating Circuit: 127.54076790809631
Creating Circuit: 129.26956152915955
Creating Circuit: 131.00315976142883
Creating Circuit: 132.7347013950348
Creating Circuit: 138.9993097782135
Available Devices: ('CPU',)
Backend options: Options(shots=10000, method='statevector', device='CPU', precision='double', executor=None, max_job_size=None, max_shot_size=None, enable_truncation=True, zero_threshold=1e-10, validation_threshold=None, max_parallel_threads=80, max_parallel_experiments=80, max_parallel_shots=80, max_memory_mb=None, fusion_enable=True, fusion_verbose=False, fusion_max_qubit=None, fusion_threshold=None, accept_distributed_results=None, memory=None, noise_model=None, seed_simulator=None, cuStateVec_enable=False, blocking_qubits=None, blocking_enable=False, chunk_swap_buffer_qubits=None, batched_shots_gpu=False, batched_shots_gpu_max_qubits=16, num_threads_per_device=1, statevector_parallel_threshold=14, statevector_sample_measure_opt=10, stabilizer_max_snapshot_probabilities=32, extended_stabilizer_sampling_method='resampled_metropolis', extended_stabilizer_metropolis_mixing_time=5000, extended_stabilizer_approximation_error=0.05, extended_stabilizer_norm_estimation_samples=100, extended_stabilizer_norm_estimation_repetitions=3, extended_stabilizer_parallel_threshold=100, extended_stabilizer_probabilities_snapshot_samples=3000, matrix_product_state_truncation_threshold=1e-16, matrix_product_state_max_bond_dimension=None, mps_sample_measure_algorithm='mps_heuristic', mps_log_data=False, mps_swap_direction='mps_swap_left', chop_threshold=1e-08, mps_parallel_threshold=14, mps_omp_threads=1, tensor_network_num_sampling_qubits=10, use_cuTensorNet_autotuning=False)
Transpile: 140.78633832931519
