number of tasks = 1
number of cpus_per_task = 80
output ['/veracruz/projects/c/cquant/Dirac-Quantum-Walk/QuantumWalk/main.py', '6', '128', '1', '2', '1', '2', '10000', 'statevector', '436696', '80', 'CPU', 'double', '1', '0', '1', 'None', '0']
Creating Circuit: 4.397588729858398
Creating Circuit: 5.015865325927734
Creating Circuit: 5.064901828765869
Creating Circuit: 5.127712965011597
Creating Circuit: 5.207818508148193
Creating Circuit: 5.3035571575164795
Creating Circuit: 5.41743278503418
Creating Circuit: 5.637631893157959
Creating Circuit: 5.769172668457031
Creating Circuit: 5.910388946533203
Creating Circuit: 6.068464279174805
Creating Circuit: 6.307671070098877
Creating Circuit: 6.490528345108032
Creating Circuit: 6.690638780593872
Creating Circuit: 6.905446529388428
Creating Circuit: 7.222496032714844
Creating Circuit: 7.459968328475952
Creating Circuit: 7.709840297698975
Creating Circuit: 8.084455966949463
Creating Circuit: 8.360420942306519
Creating Circuit: 8.660261154174805
Creating Circuit: 9.1790771484375
Creating Circuit: 9.495210409164429
Creating Circuit: 9.833135604858398
Creating Circuit: 10.355133533477783
Creating Circuit: 10.71793532371521
Creating Circuit: 11.090004444122314
Creating Circuit: 11.473978281021118
Creating Circuit: 12.147522687911987
Creating Circuit: 12.584046602249146
Creating Circuit: 13.016780853271484
Creating Circuit: 13.461787939071655
Creating Circuit: 14.229650974273682
Creating Circuit: 14.700626373291016
Creating Circuit: 15.2026846408844
Creating Circuit: 15.720012903213501
Creating Circuit: 16.54549789428711
Creating Circuit: 17.079404592514038
Creating Circuit: 17.628100395202637
Creating Circuit: 18.17428755760193
Creating Circuit: 18.74972128868103
Creating Circuit: 19.767717123031616
Creating Circuit: 20.371485471725464
Creating Circuit: 20.988916158676147
Creating Circuit: 21.619507789611816
Creating Circuit: 22.263209342956543
Creating Circuit: 23.387024402618408
Creating Circuit: 24.058911561965942
Creating Circuit: 24.727367639541626
Creating Circuit: 25.462026834487915
Creating Circuit: 26.167284965515137
Creating Circuit: 26.900280475616455
Creating Circuit: 28.270697116851807
Creating Circuit: 29.008788585662842
Creating Circuit: 29.77886128425598
Creating Circuit: 30.54115867614746
Creating Circuit: 31.338210821151733
Creating Circuit: 32.14946985244751
Creating Circuit: 33.677850008010864
Creating Circuit: 34.498286962509155
Creating Circuit: 35.35440111160278
Creating Circuit: 36.22294807434082
Creating Circuit: 37.08066391944885
Creating Circuit: 37.9506995677948
Creating Circuit: 38.85907530784607
Creating Circuit: 40.66860342025757
Creating Circuit: 41.58263325691223
Creating Circuit: 42.508365631103516
Creating Circuit: 43.45535683631897
Creating Circuit: 44.41379165649414
Creating Circuit: 45.43306255340576
Creating Circuit: 46.425429344177246
Creating Circuit: 47.42539167404175
Creating Circuit: 49.576977014541626
Creating Circuit: 50.625067710876465
Creating Circuit: 51.68739628791809
Creating Circuit: 52.7642285823822
Creating Circuit: 53.852883100509644
Creating Circuit: 54.94219613075256
Creating Circuit: 56.09617233276367
Creating Circuit: 57.232337474823
Creating Circuit: 59.76893448829651
Creating Circuit: 60.93619513511658
Creating Circuit: 62.11123967170715
Creating Circuit: 63.26847815513611
Creating Circuit: 64.44258093833923
Creating Circuit: 65.7262794971466
Creating Circuit: 66.96467471122742
Creating Circuit: 68.18021321296692
Creating Circuit: 69.43919277191162
Creating Circuit: 70.71298480033875
Creating Circuit: 73.63463711738586
Creating Circuit: 74.91117572784424
Creating Circuit: 76.24069237709045
Creating Circuit: 77.56932258605957
Creating Circuit: 78.87797927856445
Creating Circuit: 80.22013592720032
Creating Circuit: 81.55592584609985
Creating Circuit: 82.94158911705017
Creating Circuit: 84.30537390708923
Creating Circuit: 85.72518730163574
Creating Circuit: 87.12016415596008
Creating Circuit: 90.60906648635864
Creating Circuit: 92.03634548187256
Creating Circuit: 93.46796417236328
Creating Circuit: 94.94692850112915
Creating Circuit: 96.51247215270996
Creating Circuit: 97.98420715332031
Creating Circuit: 99.46969532966614
Creating Circuit: 100.9701075553894
Creating Circuit: 102.48365449905396
Creating Circuit: 104.01349997520447
Creating Circuit: 105.60586357116699
Creating Circuit: 109.76912903785706
Creating Circuit: 111.33743381500244
Creating Circuit: 112.91873788833618
Creating Circuit: 114.51348972320557
Creating Circuit: 116.16556906700134
Creating Circuit: 117.83231329917908
Creating Circuit: 119.51227760314941
Creating Circuit: 121.16208338737488
Creating Circuit: 122.87049889564514
Creating Circuit: 124.54782557487488
Creating Circuit: 126.27231001853943
Creating Circuit: 127.97793555259705
Creating Circuit: 129.74384665489197
Creating Circuit: 131.52209997177124
Creating Circuit: 136.5141360759735
Available Devices: ('CPU',)
Backend options: Options(shots=10000, method='statevector', device='CPU', precision='double', executor=None, max_job_size=None, max_shot_size=None, enable_truncation=True, zero_threshold=1e-10, validation_threshold=None, max_parallel_threads=80, max_parallel_experiments=1, max_parallel_shots=80, max_memory_mb=None, fusion_enable=True, fusion_verbose=False, fusion_max_qubit=None, fusion_threshold=None, accept_distributed_results=None, memory=None, noise_model=None, seed_simulator=None, cuStateVec_enable=False, blocking_qubits=None, blocking_enable=False, chunk_swap_buffer_qubits=None, batched_shots_gpu=False, batched_shots_gpu_max_qubits=16, num_threads_per_device=1, statevector_parallel_threshold=14, statevector_sample_measure_opt=10, stabilizer_max_snapshot_probabilities=32, extended_stabilizer_sampling_method='resampled_metropolis', extended_stabilizer_metropolis_mixing_time=5000, extended_stabilizer_approximation_error=0.05, extended_stabilizer_norm_estimation_samples=100, extended_stabilizer_norm_estimation_repetitions=3, extended_stabilizer_parallel_threshold=100, extended_stabilizer_probabilities_snapshot_samples=3000, matrix_product_state_truncation_threshold=1e-16, matrix_product_state_max_bond_dimension=None, mps_sample_measure_algorithm='mps_heuristic', mps_log_data=False, mps_swap_direction='mps_swap_left', chop_threshold=1e-08, mps_parallel_threshold=14, mps_omp_threads=1, tensor_network_num_sampling_qubits=10, use_cuTensorNet_autotuning=False)
Transpile: 138.7484724521637
