number of tasks = 1
number of cpus_per_task = 80
output ['/veracruz/projects/c/cquant/Dirac-Quantum-Walk/QuantumWalk/main.py', '5', '64', '1', '2', '1', '2', '10000', 'statevector', '436698', '80', 'CPU', 'double', '1', '0', '1', 'None', '0']
Creating Circuit: 2.1593852043151855
Creating Circuit: 2.2834768295288086
Creating Circuit: 2.323193311691284
Creating Circuit: 2.3727974891662598
Creating Circuit: 2.4322900772094727
Creating Circuit: 2.5030064582824707
Creating Circuit: 2.583555221557617
Creating Circuit: 2.6746585369110107
Creating Circuit: 2.781066417694092
Creating Circuit: 3.0194411277770996
Creating Circuit: 3.1425833702087402
Creating Circuit: 3.2762579917907715
Creating Circuit: 3.419546127319336
Creating Circuit: 3.6605377197265625
Creating Circuit: 3.8256995677948
Creating Circuit: 4.000839948654175
Creating Circuit: 4.186329364776611
Creating Circuit: 4.486182451248169
Creating Circuit: 4.693251371383667
Creating Circuit: 4.910649299621582
Creating Circuit: 5.13825535774231
Creating Circuit: 5.5017454624176025
Creating Circuit: 5.751284837722778
Creating Circuit: 6.0165698528289795
Creating Circuit: 6.514383792877197
Creating Circuit: 6.795661926269531
Creating Circuit: 7.086702823638916
Creating Circuit: 7.388403415679932
Creating Circuit: 7.699731826782227
Creating Circuit: 8.203821897506714
Creating Circuit: 8.536628007888794
Creating Circuit: 8.88052248954773
Creating Circuit: 9.235210657119751
Creating Circuit: 9.817338943481445
Creating Circuit: 10.192911386489868
Creating Circuit: 10.577996969223022
Creating Circuit: 10.985631227493286
Creating Circuit: 11.435936689376831
Creating Circuit: 12.192649841308594
Creating Circuit: 12.622424602508545
Creating Circuit: 13.061879634857178
Creating Circuit: 13.514990329742432
Creating Circuit: 13.977339744567871
Creating Circuit: 14.818506240844727
Creating Circuit: 15.299778461456299
Creating Circuit: 15.790956974029541
Creating Circuit: 16.291881561279297
Creating Circuit: 16.80344271659851
Creating Circuit: 17.74438500404358
Creating Circuit: 18.278342723846436
Creating Circuit: 18.820595741271973
Creating Circuit: 19.37467932701111
Creating Circuit: 19.939335584640503
Creating Circuit: 20.51435947418213
Creating Circuit: 21.62015724182129
Creating Circuit: 22.22102928161621
Creating Circuit: 22.8216872215271
Creating Circuit: 23.439722061157227
Creating Circuit: 24.068419933319092
Creating Circuit: 24.70750594139099
Creating Circuit: 25.366122484207153
Creating Circuit: 26.710873126983643
Creating Circuit: 27.383025646209717
Creating Circuit: 28.06599760055542
Available Devices: ('CPU',)
Backend options: Options(shots=10000, method='statevector', device='CPU', precision='double', executor=None, max_job_size=None, max_shot_size=None, enable_truncation=True, zero_threshold=1e-10, validation_threshold=None, max_parallel_threads=80, max_parallel_experiments=1, max_parallel_shots=80, max_memory_mb=None, fusion_enable=True, fusion_verbose=False, fusion_max_qubit=None, fusion_threshold=None, accept_distributed_results=None, memory=None, noise_model=None, seed_simulator=None, cuStateVec_enable=False, blocking_qubits=None, blocking_enable=False, chunk_swap_buffer_qubits=None, batched_shots_gpu=False, batched_shots_gpu_max_qubits=16, num_threads_per_device=1, statevector_parallel_threshold=14, statevector_sample_measure_opt=10, stabilizer_max_snapshot_probabilities=32, extended_stabilizer_sampling_method='resampled_metropolis', extended_stabilizer_metropolis_mixing_time=5000, extended_stabilizer_approximation_error=0.05, extended_stabilizer_norm_estimation_samples=100, extended_stabilizer_norm_estimation_repetitions=3, extended_stabilizer_parallel_threshold=100, extended_stabilizer_probabilities_snapshot_samples=3000, matrix_product_state_truncation_threshold=1e-16, matrix_product_state_max_bond_dimension=None, mps_sample_measure_algorithm='mps_heuristic', mps_log_data=False, mps_swap_direction='mps_swap_left', chop_threshold=1e-08, mps_parallel_threshold=14, mps_omp_threads=1, tensor_network_num_sampling_qubits=10, use_cuTensorNet_autotuning=False)
Transpile: 29.58973002433777
Run: 179.0670473575592
.result() start: 179.07276606559753
.result() end: 275.2322528362274
Finnish: 278.1961154937744
mprof: Sampling memory every 0.1s
running new process
