number of tasks = 1
number of cpus_per_task = 80
output ['/veracruz/projects/c/cquant/Dirac-Quantum-Walk/QuantumWalk/main.py', '5', '64', '1', '2', '1', '2', '10000', 'statevector', '436700', '80', 'CPU', 'double', '80', '0', '1', 'None', '0']
Creating Circuit: 2.752261161804199
Creating Circuit: 3.0189406871795654
Creating Circuit: 3.058151960372925
Creating Circuit: 3.107228994369507
Creating Circuit: 3.166316270828247
Creating Circuit: 3.2365758419036865
Creating Circuit: 3.316720485687256
Creating Circuit: 3.4071526527404785
Creating Circuit: 3.5086123943328857
Creating Circuit: 3.703981637954712
Creating Circuit: 3.8287200927734375
Creating Circuit: 3.961305618286133
Creating Circuit: 4.103792190551758
Creating Circuit: 4.3780295848846436
Creating Circuit: 4.542270660400391
Creating Circuit: 4.715808153152466
Creating Circuit: 4.900415658950806
Creating Circuit: 5.200231313705444
Creating Circuit: 5.405338764190674
Creating Circuit: 5.62056040763855
Creating Circuit: 5.846055507659912
Creating Circuit: 6.206995964050293
Creating Circuit: 6.454150199890137
Creating Circuit: 6.711255311965942
Creating Circuit: 7.133075714111328
Creating Circuit: 7.415216445922852
Creating Circuit: 7.707967042922974
Creating Circuit: 8.006657838821411
Creating Circuit: 8.315448522567749
Creating Circuit: 8.894612073898315
Creating Circuit: 9.224803686141968
Creating Circuit: 9.562947034835815
Creating Circuit: 9.915348529815674
Creating Circuit: 10.52985143661499
Creating Circuit: 10.901476860046387
Creating Circuit: 11.283236026763916
Creating Circuit: 11.67581558227539
Creating Circuit: 12.07338571548462
Creating Circuit: 12.806925535202026
Creating Circuit: 13.231430292129517
Creating Circuit: 13.665032148361206
Creating Circuit: 14.110453367233276
Creating Circuit: 14.565760374069214
Creating Circuit: 15.345420122146606
Creating Circuit: 15.820430994033813
Creating Circuit: 16.308806896209717
Creating Circuit: 16.804775714874268
Creating Circuit: 17.31197237968445
Creating Circuit: 18.276943683624268
Creating Circuit: 18.80600643157959
Creating Circuit: 19.344126224517822
Creating Circuit: 19.89397931098938
Creating Circuit: 20.453614234924316
Creating Circuit: 21.023446798324585
Creating Circuit: 22.093141317367554
Creating Circuit: 22.684605598449707
Creating Circuit: 23.28593134880066
Creating Circuit: 23.899359464645386
Creating Circuit: 24.520939111709595
Creating Circuit: 25.152981758117676
Creating Circuit: 25.793763399124146
Creating Circuit: 27.09907031059265
Creating Circuit: 27.763360738754272
Creating Circuit: 28.43850588798523
Available Devices: ('CPU',)
Backend options: Options(shots=10000, method='statevector', device='CPU', precision='double', executor=None, max_job_size=None, max_shot_size=None, enable_truncation=True, zero_threshold=1e-10, validation_threshold=None, max_parallel_threads=80, max_parallel_experiments=80, max_parallel_shots=80, max_memory_mb=None, fusion_enable=True, fusion_verbose=False, fusion_max_qubit=None, fusion_threshold=None, accept_distributed_results=None, memory=None, noise_model=None, seed_simulator=None, cuStateVec_enable=False, blocking_qubits=None, blocking_enable=False, chunk_swap_buffer_qubits=None, batched_shots_gpu=False, batched_shots_gpu_max_qubits=16, num_threads_per_device=1, statevector_parallel_threshold=14, statevector_sample_measure_opt=10, stabilizer_max_snapshot_probabilities=32, extended_stabilizer_sampling_method='resampled_metropolis', extended_stabilizer_metropolis_mixing_time=5000, extended_stabilizer_approximation_error=0.05, extended_stabilizer_norm_estimation_samples=100, extended_stabilizer_norm_estimation_repetitions=3, extended_stabilizer_parallel_threshold=100, extended_stabilizer_probabilities_snapshot_samples=3000, matrix_product_state_truncation_threshold=1e-16, matrix_product_state_max_bond_dimension=None, mps_sample_measure_algorithm='mps_heuristic', mps_log_data=False, mps_swap_direction='mps_swap_left', chop_threshold=1e-08, mps_parallel_threshold=14, mps_omp_threads=1, tensor_network_num_sampling_qubits=10, use_cuTensorNet_autotuning=False)
Transpile: 29.154112339019775
Run: 169.95317268371582
.result() start: 169.958833694458
.result() end: 263.97324776649475
Finnish: 267.94393825531006
mprof: Sampling memory every 0.1s
running new process
