number of tasks = 1
number of cpus_per_task = 80
output ['/veracruz/projects/c/cquant/Dirac-Quantum-Walk/QuantumWalk/main.py', '6', '128', '1', '2', '1', '2', '10000', 'statevector', '437040', '80', 'CPU', 'double', '1', '0', '1', 'None', '0']
Creating Circuit: 0.19710016250610352
Creating Circuit: 0.2708132266998291
Creating Circuit: 0.31725430488586426
Creating Circuit: 0.37676191329956055
Creating Circuit: 0.4485039710998535
Creating Circuit: 0.5349440574645996
Creating Circuit: 0.6351761817932129
Creating Circuit: 0.7488229274749756
Creating Circuit: 0.9476609230041504
Creating Circuit: 1.0912575721740723
Creating Circuit: 1.242896556854248
Creating Circuit: 1.4117400646209717
Creating Circuit: 1.7072250843048096
Creating Circuit: 1.9032909870147705
Creating Circuit: 2.1075210571289062
Creating Circuit: 2.426853656768799
Creating Circuit: 2.6636462211608887
Creating Circuit: 2.914271593093872
Creating Circuit: 3.2985177040100098
Creating Circuit: 3.5728087425231934
Creating Circuit: 3.8570549488067627
Creating Circuit: 4.341325283050537
Creating Circuit: 4.652418613433838
Creating Circuit: 4.976881504058838
Creating Circuit: 5.492187738418579
Creating Circuit: 5.851642608642578
Creating Circuit: 6.2251036167144775
Creating Circuit: 6.606159925460815
Creating Circuit: 7.255448579788208
Creating Circuit: 7.669344186782837
Creating Circuit: 8.09740662574768
Creating Circuit: 8.538808345794678
Creating Circuit: 9.242256164550781
Creating Circuit: 9.711092710494995
Creating Circuit: 10.181973695755005
Creating Circuit: 10.666443347930908
Creating Circuit: 11.541860580444336
Creating Circuit: 12.052568197250366
Creating Circuit: 12.590160608291626
Creating Circuit: 13.1276695728302
Creating Circuit: 13.692534685134888
Creating Circuit: 14.640309572219849
Creating Circuit: 15.232874155044556
Creating Circuit: 15.83945107460022
Creating Circuit: 16.459905862808228
Creating Circuit: 17.077800750732422
Creating Circuit: 18.17651629447937
Creating Circuit: 18.837772130966187
Creating Circuit: 19.494714498519897
Creating Circuit: 20.165376901626587
Creating Circuit: 20.866952896118164
Creating Circuit: 21.582921266555786
Creating Circuit: 22.86257767677307
Creating Circuit: 23.593833923339844
Creating Circuit: 24.35010313987732
Creating Circuit: 25.100597620010376
Creating Circuit: 25.86389946937561
Creating Circuit: 26.661343574523926
Creating Circuit: 28.227548599243164
Creating Circuit: 29.053298473358154
Creating Circuit: 29.893112659454346
Creating Circuit: 30.740907907485962
Creating Circuit: 31.58560538291931
Creating Circuit: 32.44282937049866
Creating Circuit: 33.31384515762329
Creating Circuit: 35.092116832733154
Creating Circuit: 36.013877630233765
Creating Circuit: 36.94935202598572
Creating Circuit: 37.89844727516174
Creating Circuit: 38.86047625541687
Creating Circuit: 39.83629059791565
Creating Circuit: 40.82562732696533
Creating Circuit: 41.828591108322144
Creating Circuit: 43.953736305236816
Creating Circuit: 44.957517862319946
Creating Circuit: 46.000550746917725
Creating Circuit: 47.05899620056152
Creating Circuit: 48.10341739654541
Creating Circuit: 49.18780589103699
Creating Circuit: 50.286816358566284
Creating Circuit: 51.37125754356384
Creating Circuit: 52.49771809577942
Creating Circuit: 55.62249279022217
Creating Circuit: 56.77973532676697
Creating Circuit: 57.921194314956665
Creating Circuit: 59.07471036911011
Creating Circuit: 60.27397584915161
Creating Circuit: 61.55297899246216
Creating Circuit: 62.80123782157898
Creating Circuit: 64.02248740196228
Creating Circuit: 65.24231958389282
Creating Circuit: 69.34819746017456
Creating Circuit: 70.60414481163025
Creating Circuit: 71.86671543121338
Creating Circuit: 73.16647911071777
Creating Circuit: 74.44568181037903
Creating Circuit: 75.73623180389404
Creating Circuit: 77.07573533058167
Creating Circuit: 78.39273524284363
Creating Circuit: 79.73402142524719
Creating Circuit: 81.08092522621155
Creating Circuit: 82.44540023803711
Creating Circuit: 86.36722898483276
Creating Circuit: 87.76396131515503
Creating Circuit: 89.1834466457367
Creating Circuit: 90.61980962753296
Creating Circuit: 92.0402843952179
Creating Circuit: 93.48615384101868
Creating Circuit: 94.93512463569641
Creating Circuit: 96.40592932701111
Creating Circuit: 97.90045642852783
Creating Circuit: 99.42476153373718
Creating Circuit: 100.9260458946228
Creating Circuit: 102.44502663612366
Creating Circuit: 106.83494067192078
Creating Circuit: 108.37274384498596
Creating Circuit: 109.96089673042297
Creating Circuit: 111.52834057807922
Creating Circuit: 113.13813996315002
Creating Circuit: 114.77613425254822
Creating Circuit: 116.38849639892578
Creating Circuit: 118.09698677062988
Creating Circuit: 119.77059364318848
Creating Circuit: 121.43378257751465
Creating Circuit: 123.1067247390747
Creating Circuit: 124.79890561103821
Creating Circuit: 126.50963044166565
Creating Circuit: 131.71324682235718
Available Devices: ('CPU',)
Backend options: Options(shots=10000, method='statevector', device='CPU', precision='double', executor=None, max_job_size=None, max_shot_size=None, enable_truncation=True, zero_threshold=1e-10, validation_threshold=None, max_parallel_threads=80, max_parallel_experiments=1, max_parallel_shots=None, max_memory_mb=None, fusion_enable=True, fusion_verbose=False, fusion_max_qubit=None, fusion_threshold=None, accept_distributed_results=None, memory=None, noise_model=None, seed_simulator=None, cuStateVec_enable=False, blocking_qubits=None, blocking_enable=False, chunk_swap_buffer_qubits=None, batched_shots_gpu=False, batched_shots_gpu_max_qubits=16, num_threads_per_device=1, statevector_parallel_threshold=14, statevector_sample_measure_opt=10, stabilizer_max_snapshot_probabilities=32, extended_stabilizer_sampling_method='resampled_metropolis', extended_stabilizer_metropolis_mixing_time=5000, extended_stabilizer_approximation_error=0.05, extended_stabilizer_norm_estimation_samples=100, extended_stabilizer_norm_estimation_repetitions=3, extended_stabilizer_parallel_threshold=100, extended_stabilizer_probabilities_snapshot_samples=3000, matrix_product_state_truncation_threshold=1e-16, matrix_product_state_max_bond_dimension=None, mps_sample_measure_algorithm='mps_heuristic', mps_log_data=False, mps_swap_direction='mps_swap_left', chop_threshold=1e-08, mps_parallel_threshold=14, mps_omp_threads=1, tensor_network_num_sampling_qubits=10, use_cuTensorNet_autotuning=False)
Transpile: 133.4598515033722
Run: 1908.956580877304
.result() start: 1908.9623637199402
.result() end: 3059.9424102306366
Finnish: 3109.7295043468475
mprof: Sampling memory every 0.1s
running new process
