number of tasks = 1
number of cpus_per_task = 80
output ['/veracruz/projects/c/cquant/Dirac-Quantum-Walk/QuantumWalk/main.py', '6', '256', '1', '2', '1', '2', '10000', 'statevector', '437017', '80', 'CPU', 'double', '1', '0', '1', 'None', '0']
Creating Circuit: 0.21289896965026855
Creating Circuit: 0.291989803314209
Creating Circuit: 0.34183478355407715
Creating Circuit: 0.4067270755767822
Creating Circuit: 0.4848358631134033
Creating Circuit: 0.5793044567108154
Creating Circuit: 0.6863706111907959
Creating Circuit: 0.8106629848480225
Creating Circuit: 1.0232536792755127
Creating Circuit: 1.1805460453033447
Creating Circuit: 1.3460791110992432
Creating Circuit: 1.5188443660736084
Creating Circuit: 1.8155899047851562
Creating Circuit: 2.0088281631469727
Creating Circuit: 2.2199299335479736
Creating Circuit: 2.538877010345459
Creating Circuit: 2.7777578830718994
Creating Circuit: 3.0306568145751953
Creating Circuit: 3.4532063007354736
Creating Circuit: 3.7274580001831055
Creating Circuit: 4.021173000335693
Creating Circuit: 4.48382043838501
Creating Circuit: 4.805122375488281
Creating Circuit: 5.13988995552063
Creating Circuit: 5.653697490692139
Creating Circuit: 6.007653713226318
Creating Circuit: 6.386788845062256
Creating Circuit: 6.7693493366241455
Creating Circuit: 7.416137218475342
Creating Circuit: 7.834012985229492
Creating Circuit: 8.265718936920166
Creating Circuit: 8.700639247894287
Creating Circuit: 9.404581069946289
Creating Circuit: 9.86583662033081
Creating Circuit: 10.341280698776245
Creating Circuit: 10.84174108505249
Creating Circuit: 11.719815254211426
Creating Circuit: 12.248180627822876
Creating Circuit: 12.790594816207886
Creating Circuit: 13.33272933959961
Creating Circuit: 13.889466524124146
Creating Circuit: 14.84157395362854
Creating Circuit: 15.423965454101562
Creating Circuit: 16.035154819488525
Creating Circuit: 16.661750078201294
Creating Circuit: 17.284830808639526
Creating Circuit: 18.40302562713623
Creating Circuit: 19.06994605064392
Creating Circuit: 19.74877691268921
Creating Circuit: 20.442333459854126
Creating Circuit: 21.132741689682007
Creating Circuit: 21.835875272750854
Creating Circuit: 23.135411739349365
Creating Circuit: 23.866767168045044
Creating Circuit: 24.62885618209839
Creating Circuit: 25.385691165924072
Creating Circuit: 26.157110929489136
Creating Circuit: 26.96083664894104
Creating Circuit: 28.53496026992798
Creating Circuit: 29.367091178894043
Creating Circuit: 30.192543506622314
Creating Circuit: 31.032095193862915
Creating Circuit: 31.884509563446045
Creating Circuit: 32.77148461341858
Creating Circuit: 33.64915442466736
Creating Circuit: 35.46172642707825
Creating Circuit: 36.39036417007446
Creating Circuit: 37.33317279815674
Creating Circuit: 38.265780448913574
Creating Circuit: 39.23640751838684
Creating Circuit: 40.19548511505127
Creating Circuit: 41.168166637420654
Creating Circuit: 42.180169343948364
Creating Circuit: 44.31385087966919
Creating Circuit: 45.35356950759888
Creating Circuit: 46.37877607345581
Creating Circuit: 47.41779899597168
Creating Circuit: 48.470985889434814
Creating Circuit: 49.564889430999756
Creating Circuit: 50.67284893989563
Creating Circuit: 51.794151067733765
Creating Circuit: 52.928213596343994
Creating Circuit: 55.36179065704346
Creating Circuit: 56.52261424064636
Creating Circuit: 57.66817784309387
Creating Circuit: 58.82671761512756
Creating Circuit: 60.03076910972595
Creating Circuit: 61.24938201904297
Creating Circuit: 62.48282551765442
Creating Circuit: 63.72784447669983
Creating Circuit: 64.98908805847168
Creating Circuit: 67.98910665512085
Creating Circuit: 69.24392485618591
Creating Circuit: 70.51343441009521
Creating Circuit: 71.82982444763184
Creating Circuit: 73.16045904159546
Creating Circuit: 74.47115349769592
Creating Circuit: 75.82927465438843
Creating Circuit: 77.1669270992279
Creating Circuit: 78.5519163608551
Creating Circuit: 79.9550712108612
Creating Circuit: 81.36989617347717
Creating Circuit: 84.8453733921051
Creating Circuit: 86.24981760978699
Creating Circuit: 87.70420289039612
Creating Circuit: 89.13371515274048
Creating Circuit: 90.61058688163757
Creating Circuit: 92.1048994064331
Creating Circuit: 93.61346626281738
Creating Circuit: 95.09638357162476
Creating Circuit: 96.59422206878662
Creating Circuit: 98.10557746887207
Creating Circuit: 99.66982913017273
Creating Circuit: 101.24800729751587
Creating Circuit: 105.43724918365479
Creating Circuit: 107.00268983840942
Creating Circuit: 108.62275195121765
Creating Circuit: 110.25710463523865
Creating Circuit: 111.86389231681824
Creating Circuit: 113.52664613723755
Creating Circuit: 115.18444037437439
Creating Circuit: 116.87290120124817
Creating Circuit: 118.53213024139404
Creating Circuit: 120.25405240058899
Creating Circuit: 122.06114363670349
Creating Circuit: 123.80803990364075
Creating Circuit: 125.64439797401428
Creating Circuit: 132.63297581672668
Creating Circuit: 134.3740918636322
Creating Circuit: 136.13311576843262
Creating Circuit: 137.9671549797058
Creating Circuit: 139.76702404022217
Creating Circuit: 141.60535049438477
Creating Circuit: 143.44234919548035
Creating Circuit: 145.30195093154907
Creating Circuit: 147.1716811656952
Creating Circuit: 149.11028027534485
Creating Circuit: 150.9700894355774
Creating Circuit: 152.83215427398682
Creating Circuit: 154.70833730697632
Creating Circuit: 156.66220450401306
Creating Circuit: 158.57094168663025
Creating Circuit: 166.4925935268402
Creating Circuit: 168.48450469970703
Creating Circuit: 170.46474742889404
Creating Circuit: 172.45982146263123
Creating Circuit: 174.4793894290924
Creating Circuit: 176.46077132225037
Creating Circuit: 178.52607488632202
Creating Circuit: 180.57033038139343
Creating Circuit: 182.61170530319214
Creating Circuit: 184.74783492088318
Creating Circuit: 186.87962889671326
Creating Circuit: 188.96824312210083
Creating Circuit: 191.05893278121948
Creating Circuit: 193.20302557945251
Creating Circuit: 195.35338521003723
Creating Circuit: 197.48483109474182
Creating Circuit: 199.7074635028839
Creating Circuit: 208.0938172340393
Creating Circuit: 210.2555856704712
Creating Circuit: 212.4507064819336
Creating Circuit: 214.64188265800476
Creating Circuit: 216.9259226322174
Creating Circuit: 219.16744709014893
Creating Circuit: 221.39129447937012
Creating Circuit: 223.62922596931458
Creating Circuit: 225.9501292705536
Creating Circuit: 228.26034450531006
Creating Circuit: 230.56591415405273
Creating Circuit: 232.90930318832397
Creating Circuit: 235.20573019981384
Creating Circuit: 237.53100562095642
Creating Circuit: 239.89231204986572
Creating Circuit: 242.3030207157135
Creating Circuit: 244.66422581672668
Creating Circuit: 247.13267135620117
Creating Circuit: 256.7982225418091
Creating Circuit: 259.2252860069275
Creating Circuit: 261.70580554008484
Creating Circuit: 264.12162709236145
Creating Circuit: 266.63170194625854
Creating Circuit: 269.1228811740875
Creating Circuit: 271.59764766693115
Creating Circuit: 274.0628662109375
Creating Circuit: 276.5520050525665
Creating Circuit: 279.11163115501404
Creating Circuit: 281.6560938358307
Creating Circuit: 284.247207403183
Creating Circuit: 286.8985319137573
Creating Circuit: 289.465651512146
Creating Circuit: 292.0991497039795
Creating Circuit: 294.6851670742035
Creating Circuit: 297.3786618709564
Creating Circuit: 299.9888653755188
Creating Circuit: 302.6176586151123
Creating Circuit: 305.2479124069214
Creating Circuit: 307.93839049339294
Creating Circuit: 318.862300157547
Creating Circuit: 321.6124584674835
Creating Circuit: 324.2943420410156
Creating Circuit: 327.02473497390747
Creating Circuit: 329.9192883968353
Creating Circuit: 332.7161190509796
Creating Circuit: 335.4586372375488
Creating Circuit: 338.22387170791626
Creating Circuit: 341.0182135105133
Creating Circuit: 343.8706433773041
Creating Circuit: 346.67836809158325
Creating Circuit: 349.62159872055054
Creating Circuit: 352.44586849212646
Creating Circuit: 355.2856855392456
Creating Circuit: 358.14627146720886
Creating Circuit: 361.08656096458435
Creating Circuit: 363.9568758010864
Creating Circuit: 366.89819407463074
Creating Circuit: 369.86189222335815
Creating Circuit: 372.82786226272583
Creating Circuit: 375.8139624595642
Creating Circuit: 378.831844329834
Creating Circuit: 381.87910056114197
Creating Circuit: 395.1659953594208
Creating Circuit: 398.25454020500183
Creating Circuit: 401.2985610961914
Creating Circuit: 404.5009138584137
Creating Circuit: 407.56883668899536
Creating Circuit: 410.6981873512268
Creating Circuit: 413.83106327056885
Creating Circuit: 416.9401841163635
Creating Circuit: 420.0523018836975
Creating Circuit: 423.14582991600037
Creating Circuit: 426.30450534820557
Creating Circuit: 429.44583559036255
Creating Circuit: 432.58381605148315
Creating Circuit: 435.7445318698883
Creating Circuit: 438.91547751426697
Creating Circuit: 442.1233432292938
Creating Circuit: 445.45773792266846
Creating Circuit: 448.7094602584839
Creating Circuit: 451.93504214286804
Creating Circuit: 455.234037399292
Creating Circuit: 458.5457127094269
Creating Circuit: 461.83998918533325
Creating Circuit: 465.10030794143677
Creating Circuit: 468.43085193634033
Creating Circuit: 471.8169810771942
Creating Circuit: 488.35191011428833
Creating Circuit: 491.79425048828125
Creating Circuit: 495.14173102378845
Creating Circuit: 498.5075764656067
Creating Circuit: 501.8703045845032
Creating Circuit: 505.29365038871765
Creating Circuit: 508.69870376586914
Creating Circuit: 512.1019833087921
Creating Circuit: 515.5347278118134
Creating Circuit: 519.037113904953
Available Devices: ('CPU',)
Backend options: Options(shots=10000, method='statevector', device='CPU', precision='double', executor=None, max_job_size=None, max_shot_size=None, enable_truncation=True, zero_threshold=1e-10, validation_threshold=None, max_parallel_threads=80, max_parallel_experiments=1, max_parallel_shots=80, max_memory_mb=None, fusion_enable=True, fusion_verbose=False, fusion_max_qubit=None, fusion_threshold=None, accept_distributed_results=None, memory=None, noise_model=None, seed_simulator=None, cuStateVec_enable=False, blocking_qubits=None, blocking_enable=False, chunk_swap_buffer_qubits=None, batched_shots_gpu=False, batched_shots_gpu_max_qubits=16, num_threads_per_device=1, statevector_parallel_threshold=14, statevector_sample_measure_opt=10, stabilizer_max_snapshot_probabilities=32, extended_stabilizer_sampling_method='resampled_metropolis', extended_stabilizer_metropolis_mixing_time=5000, extended_stabilizer_approximation_error=0.05, extended_stabilizer_norm_estimation_samples=100, extended_stabilizer_norm_estimation_repetitions=3, extended_stabilizer_parallel_threshold=100, extended_stabilizer_probabilities_snapshot_samples=3000, matrix_product_state_truncation_threshold=1e-16, matrix_product_state_max_bond_dimension=None, mps_sample_measure_algorithm='mps_heuristic', mps_log_data=False, mps_swap_direction='mps_swap_left', chop_threshold=1e-08, mps_parallel_threshold=14, mps_omp_threads=1, tensor_network_num_sampling_qubits=10, use_cuTensorNet_autotuning=False)
Transpile: 522.5282735824585
mprof: Sampling memory every 0.1s
running new process
