number of tasks = 1
number of cpus_per_task = 80
output ['/veracruz/projects/c/cquant/Dirac-Quantum-Walk/QuantumWalk/main.py', '5', '128', '1', '2', '1', '2', '10000', 'statevector', '437018', '80', 'CPU', 'double', '1', '0', '1', 'None', '0']
Creating Circuit: 2.6694533824920654
Creating Circuit: 2.7468321323394775
Creating Circuit: 2.788695812225342
Creating Circuit: 2.8408586978912354
Creating Circuit: 2.9035890102386475
Creating Circuit: 2.978206157684326
Creating Circuit: 3.0633697509765625
Creating Circuit: 3.1595678329467773
Creating Circuit: 3.26699161529541
Creating Circuit: 3.5235824584960938
Creating Circuit: 3.6533448696136475
Creating Circuit: 3.7943458557128906
Creating Circuit: 3.9457736015319824
Creating Circuit: 4.201127767562866
Creating Circuit: 4.376802444458008
Creating Circuit: 4.560073137283325
Creating Circuit: 4.747760057449341
Creating Circuit: 5.051605701446533
Creating Circuit: 5.258451461791992
Creating Circuit: 5.4756247997283936
Creating Circuit: 5.7026686668396
Creating Circuit: 6.0700201988220215
Creating Circuit: 6.324318885803223
Creating Circuit: 6.592155694961548
Creating Circuit: 7.087512016296387
Creating Circuit: 7.36941385269165
Creating Circuit: 7.660149812698364
Creating Circuit: 7.961092710494995
Creating Circuit: 8.273406028747559
Creating Circuit: 8.77881932258606
Creating Circuit: 9.111438035964966
Creating Circuit: 9.455379962921143
Creating Circuit: 9.809360980987549
Creating Circuit: 10.390856981277466
Creating Circuit: 10.770036697387695
Creating Circuit: 11.157160520553589
Creating Circuit: 11.553110122680664
Creating Circuit: 11.958990097045898
Creating Circuit: 12.695896625518799
Creating Circuit: 13.124375343322754
Creating Circuit: 13.564861297607422
Creating Circuit: 14.015851736068726
Creating Circuit: 14.493212461471558
Creating Circuit: 15.36882734298706
Creating Circuit: 15.86232614517212
Creating Circuit: 16.361355543136597
Creating Circuit: 16.86407160758972
Creating Circuit: 17.37628960609436
Creating Circuit: 18.300416946411133
Creating Circuit: 18.83374571800232
Creating Circuit: 19.3773832321167
Creating Circuit: 19.931156396865845
Creating Circuit: 20.49718165397644
Creating Circuit: 21.062673330307007
Creating Circuit: 22.20331859588623
Creating Circuit: 22.801648378372192
Creating Circuit: 23.40886354446411
Creating Circuit: 24.025990962982178
Creating Circuit: 24.69517970085144
Creating Circuit: 25.325588703155518
Creating Circuit: 25.978277683258057
Creating Circuit: 27.26862859725952
Creating Circuit: 27.939340591430664
Creating Circuit: 28.62335181236267
Creating Circuit: 29.31506037712097
Creating Circuit: 30.01656413078308
Creating Circuit: 30.730952501296997
Creating Circuit: 31.453158140182495
Creating Circuit: 32.18299961090088
Creating Circuit: 33.7226083278656
Creating Circuit: 34.504398345947266
Creating Circuit: 35.30540895462036
Creating Circuit: 36.08495378494263
Creating Circuit: 36.88036227226257
Creating Circuit: 37.67750334739685
Creating Circuit: 38.4856481552124
Creating Circuit: 39.29380941390991
Creating Circuit: 41.09166693687439
Creating Circuit: 41.932401180267334
Creating Circuit: 42.79037666320801
Creating Circuit: 43.658332109451294
Creating Circuit: 44.55889582633972
Creating Circuit: 45.44334673881531
Creating Circuit: 46.33770227432251
Creating Circuit: 47.24064636230469
Creating Circuit: 48.152095794677734
Creating Circuit: 49.07971429824829
Creating Circuit: 51.199627161026
Creating Circuit: 52.153972148895264
Creating Circuit: 53.11112093925476
Creating Circuit: 54.07708191871643
Creating Circuit: 55.109569787979126
Creating Circuit: 56.11008596420288
Creating Circuit: 57.11495304107666
Creating Circuit: 58.12434649467468
Creating Circuit: 59.16357231140137
Creating Circuit: 60.19345164299011
Creating Circuit: 62.677491903305054
Creating Circuit: 63.72884392738342
Creating Circuit: 64.81006813049316
Creating Circuit: 65.88202047348022
Creating Circuit: 66.97585248947144
Creating Circuit: 68.08061861991882
Creating Circuit: 69.19809818267822
Creating Circuit: 70.31295657157898
Creating Circuit: 71.4412956237793
Creating Circuit: 72.5778796672821
Creating Circuit: 73.73170948028564
Creating Circuit: 76.68346285820007
Creating Circuit: 77.85403156280518
Creating Circuit: 79.03498864173889
Creating Circuit: 80.23734140396118
Creating Circuit: 81.44340348243713
Creating Circuit: 82.65673112869263
Creating Circuit: 83.88970375061035
Creating Circuit: 85.13052892684937
Creating Circuit: 86.38421940803528
Creating Circuit: 87.6497232913971
Creating Circuit: 88.91810846328735
Creating Circuit: 90.19181990623474
Creating Circuit: 91.47726774215698
Creating Circuit: 94.93884801864624
Creating Circuit: 96.24754524230957
Creating Circuit: 97.57248830795288
Creating Circuit: 98.89993643760681
Creating Circuit: 100.23835945129395
Creating Circuit: 101.58575081825256
Creating Circuit: 102.94426822662354
Available Devices: ('CPU',)
Backend options: Options(shots=10000, method='statevector', device='CPU', precision='double', executor=None, max_job_size=None, max_shot_size=None, enable_truncation=True, zero_threshold=1e-10, validation_threshold=None, max_parallel_threads=80, max_parallel_experiments=1, max_parallel_shots=80, max_memory_mb=None, fusion_enable=True, fusion_verbose=False, fusion_max_qubit=None, fusion_threshold=None, accept_distributed_results=None, memory=None, noise_model=None, seed_simulator=None, cuStateVec_enable=False, blocking_qubits=None, blocking_enable=False, chunk_swap_buffer_qubits=None, batched_shots_gpu=False, batched_shots_gpu_max_qubits=16, num_threads_per_device=1, statevector_parallel_threshold=14, statevector_sample_measure_opt=10, stabilizer_max_snapshot_probabilities=32, extended_stabilizer_sampling_method='resampled_metropolis', extended_stabilizer_metropolis_mixing_time=5000, extended_stabilizer_approximation_error=0.05, extended_stabilizer_norm_estimation_samples=100, extended_stabilizer_norm_estimation_repetitions=3, extended_stabilizer_parallel_threshold=100, extended_stabilizer_probabilities_snapshot_samples=3000, matrix_product_state_truncation_threshold=1e-16, matrix_product_state_max_bond_dimension=None, mps_sample_measure_algorithm='mps_heuristic', mps_log_data=False, mps_swap_direction='mps_swap_left', chop_threshold=1e-08, mps_parallel_threshold=14, mps_omp_threads=1, tensor_network_num_sampling_qubits=10, use_cuTensorNet_autotuning=False)
Transpile: 104.35590696334839
Run: 628.6046214103699
.result() start: 628.610139131546
.result() end: 1007.0217435359955
Finnish: 1018.9786686897278
mprof: Sampling memory every 0.1s
running new process
