number of tasks = 1
number of cpus_per_task = 80
output ['/veracruz/projects/c/cquant/Dirac-Quantum-Walk/QuantumWalk/main.py', '6', '256', '1', '2', '1', '2', '10000', 'statevector', '437016', '80', 'CPU', 'double', '1', '0', '1', 'None', '0']
Creating Circuit: 1.8596746921539307
Creating Circuit: 2.110755443572998
Creating Circuit: 2.1569840908050537
Creating Circuit: 2.2163398265838623
Creating Circuit: 2.2894446849823
Creating Circuit: 2.3745033740997314
Creating Circuit: 2.4749562740325928
Creating Circuit: 2.589033603668213
Creating Circuit: 2.799382209777832
Creating Circuit: 2.9444282054901123
Creating Circuit: 3.095916748046875
Creating Circuit: 3.2645668983459473
Creating Circuit: 3.5679473876953125
Creating Circuit: 3.7646610736846924
Creating Circuit: 3.9744157791137695
Creating Circuit: 4.300836563110352
Creating Circuit: 4.532867193222046
Creating Circuit: 4.78373384475708
Creating Circuit: 5.219157934188843
Creating Circuit: 5.492710590362549
Creating Circuit: 5.78430962562561
Creating Circuit: 6.262650489807129
Creating Circuit: 6.57461404800415
Creating Circuit: 6.899704933166504
Creating Circuit: 7.417870283126831
Creating Circuit: 7.7743589878082275
Creating Circuit: 8.149866342544556
Creating Circuit: 8.537530660629272
Creating Circuit: 9.178375482559204
Creating Circuit: 9.583956956863403
Creating Circuit: 10.002909898757935
Creating Circuit: 10.448398113250732
Creating Circuit: 11.199590682983398
Creating Circuit: 11.670324087142944
Creating Circuit: 12.143356800079346
Creating Circuit: 12.629036903381348
Creating Circuit: 13.446388006210327
Creating Circuit: 13.972169399261475
Creating Circuit: 14.49851107597351
Creating Circuit: 15.037591218948364
Creating Circuit: 15.595166444778442
Creating Circuit: 16.601154088974
Creating Circuit: 17.18111777305603
Creating Circuit: 17.789336919784546
Creating Circuit: 18.411719799041748
Creating Circuit: 19.047952890396118
Creating Circuit: 20.145492792129517
Creating Circuit: 20.7932448387146
Creating Circuit: 21.452269077301025
Creating Circuit: 22.142608404159546
Creating Circuit: 22.840512990951538
Creating Circuit: 23.561663150787354
Creating Circuit: 25.22383141517639
Creating Circuit: 25.99009370803833
Creating Circuit: 26.784682035446167
Creating Circuit: 27.562222242355347
Creating Circuit: 28.35572624206543
Creating Circuit: 29.164876699447632
Creating Circuit: 31.047086238861084
Creating Circuit: 31.883825063705444
Creating Circuit: 32.730533838272095
Creating Circuit: 33.58619952201843
Creating Circuit: 34.45854568481445
Creating Circuit: 35.32391047477722
Creating Circuit: 36.221503257751465
Creating Circuit: 38.32088494300842
Creating Circuit: 39.2523467540741
Creating Circuit: 40.18808126449585
Creating Circuit: 41.11961483955383
Creating Circuit: 42.087804317474365
Creating Circuit: 43.044528007507324
Creating Circuit: 44.03469181060791
Creating Circuit: 45.03699254989624
Creating Circuit: 47.510969400405884
Creating Circuit: 48.523130655288696
Creating Circuit: 49.541805267333984
Creating Circuit: 50.59818124771118
Creating Circuit: 51.66957187652588
Creating Circuit: 52.81885385513306
Creating Circuit: 53.982808351516724
Creating Circuit: 55.15120267868042
Creating Circuit: 56.34217619895935
Creating Circuit: 59.382176876068115
Creating Circuit: 60.51192831993103
Creating Circuit: 61.69041657447815
Creating Circuit: 62.858177185058594
Creating Circuit: 64.05855345726013
Creating Circuit: 65.26559901237488
Creating Circuit: 66.49259233474731
Creating Circuit: 67.7490758895874
Creating Circuit: 68.9730110168457
Creating Circuit: 72.08064293861389
Creating Circuit: 73.35735893249512
Creating Circuit: 74.64706110954285
Creating Circuit: 75.95242524147034
Creating Circuit: 77.29158163070679
Creating Circuit: 78.63139081001282
Creating Circuit: 79.98050165176392
Creating Circuit: 81.34015655517578
Creating Circuit: 82.68239402770996
Creating Circuit: 84.03325867652893
Creating Circuit: 85.43312788009644
Creating Circuit: 89.025319814682
Creating Circuit: 90.4768807888031
Creating Circuit: 91.92117929458618
Creating Circuit: 93.3377480506897
Creating Circuit: 94.79640436172485
Creating Circuit: 96.28031921386719
Creating Circuit: 97.84879636764526
Creating Circuit: 99.32115387916565
Creating Circuit: 100.84462928771973
Creating Circuit: 102.38576674461365
Creating Circuit: 103.9373459815979
Creating Circuit: 105.50009965896606
Creating Circuit: 109.61066460609436
Creating Circuit: 111.20426678657532
Creating Circuit: 112.88346123695374
Creating Circuit: 114.59706401824951
Creating Circuit: 116.23895454406738
Creating Circuit: 117.90751433372498
Creating Circuit: 119.57966256141663
Creating Circuit: 121.20632004737854
Creating Circuit: 122.85128045082092
Creating Circuit: 124.50552940368652
Creating Circuit: 126.2178602218628
Creating Circuit: 127.97420716285706
Creating Circuit: 129.75234651565552
Creating Circuit: 134.68871188163757
Creating Circuit: 136.4649999141693
Creating Circuit: 138.22383451461792
Creating Circuit: 139.98865056037903
Creating Circuit: 141.7960684299469
Creating Circuit: 143.5757658481598
Creating Circuit: 145.36335229873657
Creating Circuit: 147.24905610084534
Creating Circuit: 149.1233012676239
Creating Circuit: 151.0028111934662
Creating Circuit: 152.89335417747498
Creating Circuit: 154.7985861301422
Creating Circuit: 156.73245096206665
Creating Circuit: 158.67066478729248
Creating Circuit: 160.5669822692871
Creating Circuit: 166.51166129112244
Creating Circuit: 168.51919746398926
Creating Circuit: 170.46293377876282
Creating Circuit: 172.41629838943481
Creating Circuit: 174.3796727657318
Creating Circuit: 176.40819382667542
Creating Circuit: 178.51633763313293
Creating Circuit: 180.59567189216614
Creating Circuit: 182.66824221611023
Creating Circuit: 184.7518072128296
Creating Circuit: 186.83020424842834
Creating Circuit: 188.94532942771912
Creating Circuit: 191.01802039146423
Creating Circuit: 193.1029314994812
Creating Circuit: 195.19775295257568
Creating Circuit: 197.38572001457214
Creating Circuit: 199.61207175254822
Creating Circuit: 206.7223048210144
Creating Circuit: 208.9459204673767
Creating Circuit: 211.1089165210724
Creating Circuit: 213.28915905952454
Creating Circuit: 215.48014760017395
Creating Circuit: 217.70315670967102
Creating Circuit: 219.92186617851257
Creating Circuit: 222.15724921226501
Creating Circuit: 224.45927810668945
Creating Circuit: 226.79478454589844
Creating Circuit: 229.07803630828857
Creating Circuit: 231.36229538917542
Creating Circuit: 233.73292231559753
Creating Circuit: 236.03778624534607
Creating Circuit: 238.38069319725037
Creating Circuit: 240.71699404716492
Creating Circuit: 243.13863730430603
Creating Circuit: 245.4992377758026
Creating Circuit: 254.15296721458435
Creating Circuit: 256.5601398944855
Creating Circuit: 259.0014009475708
Creating Circuit: 261.49657440185547
Creating Circuit: 263.95645785331726
Creating Circuit: 266.4641354084015
Creating Circuit: 268.9452157020569
Creating Circuit: 271.4788625240326
Creating Circuit: 273.9642481803894
Creating Circuit: 276.5150225162506
Creating Circuit: 279.0486798286438
Creating Circuit: 281.5687599182129
Creating Circuit: 284.1754059791565
Creating Circuit: 286.73721385002136
Creating Circuit: 289.31112360954285
Creating Circuit: 291.9640974998474
Creating Circuit: 294.54951000213623
Creating Circuit: 297.23986411094666
Creating Circuit: 299.86847448349
Creating Circuit: 302.54247283935547
Creating Circuit: 305.18559074401855
Creating Circuit: 315.8937797546387
Creating Circuit: 318.65887689590454
Creating Circuit: 321.34049677848816
Creating Circuit: 324.1199436187744
Creating Circuit: 326.8693904876709
Creating Circuit: 329.6352815628052
Creating Circuit: 332.3742105960846
Creating Circuit: 335.1806650161743
Creating Circuit: 338.0450723171234
Creating Circuit: 340.9403078556061
Creating Circuit: 343.7444100379944
Creating Circuit: 346.5849447250366
Creating Circuit: 349.4166669845581
Creating Circuit: 352.251127243042
Creating Circuit: 355.09275007247925
Creating Circuit: 357.97532176971436
Creating Circuit: 360.86113023757935
Creating Circuit: 363.82273530960083
Creating Circuit: 366.7389748096466
Creating Circuit: 369.6849126815796
Creating Circuit: 372.615416765213
Creating Circuit: 375.6361298561096
Creating Circuit: 378.6887810230255
Creating Circuit: 391.83487367630005
Creating Circuit: 394.82399797439575
Creating Circuit: 397.8505964279175
Creating Circuit: 400.97735500335693
Creating Circuit: 404.0596721172333
Creating Circuit: 407.17429065704346
Creating Circuit: 410.24288964271545
Creating Circuit: 413.3397240638733
Creating Circuit: 416.40766882896423
Creating Circuit: 419.5533227920532
Creating Circuit: 422.6618320941925
Creating Circuit: 425.77130103111267
Creating Circuit: 429.0034372806549
Creating Circuit: 432.20198106765747
Creating Circuit: 435.34369945526123
Creating Circuit: 438.5861451625824
Creating Circuit: 441.7907590866089
Creating Circuit: 444.98306131362915
Creating Circuit: 448.2077522277832
Creating Circuit: 451.4616539478302
Creating Circuit: 454.7140803337097
Creating Circuit: 458.03953528404236
Creating Circuit: 461.28838896751404
Creating Circuit: 464.56101298332214
Creating Circuit: 467.85993337631226
Creating Circuit: 484.0296642780304
Creating Circuit: 487.4179346561432
Creating Circuit: 490.73720836639404
Creating Circuit: 494.1547050476074
Creating Circuit: 497.5202548503876
Creating Circuit: 500.8975474834442
Creating Circuit: 504.3177080154419
Creating Circuit: 507.7980227470398
Creating Circuit: 511.25868368148804
Creating Circuit: 514.6961481571198
Available Devices: ('CPU',)
Backend options: Options(shots=10000, method='statevector', device='CPU', precision='double', executor=None, max_job_size=None, max_shot_size=None, enable_truncation=True, zero_threshold=1e-10, validation_threshold=None, max_parallel_threads=80, max_parallel_experiments=1, max_parallel_shots=80, max_memory_mb=None, fusion_enable=True, fusion_verbose=False, fusion_max_qubit=None, fusion_threshold=None, accept_distributed_results=None, memory=None, noise_model=None, seed_simulator=None, cuStateVec_enable=False, blocking_qubits=None, blocking_enable=False, chunk_swap_buffer_qubits=None, batched_shots_gpu=False, batched_shots_gpu_max_qubits=16, num_threads_per_device=1, statevector_parallel_threshold=14, statevector_sample_measure_opt=10, stabilizer_max_snapshot_probabilities=32, extended_stabilizer_sampling_method='resampled_metropolis', extended_stabilizer_metropolis_mixing_time=5000, extended_stabilizer_approximation_error=0.05, extended_stabilizer_norm_estimation_samples=100, extended_stabilizer_norm_estimation_repetitions=3, extended_stabilizer_parallel_threshold=100, extended_stabilizer_probabilities_snapshot_samples=3000, matrix_product_state_truncation_threshold=1e-16, matrix_product_state_max_bond_dimension=None, mps_sample_measure_algorithm='mps_heuristic', mps_log_data=False, mps_swap_direction='mps_swap_left', chop_threshold=1e-08, mps_parallel_threshold=14, mps_omp_threads=1, tensor_network_num_sampling_qubits=10, use_cuTensorNet_autotuning=False)
Transpile: 518.6660511493683
