number of tasks = 1
number of cpus_per_task = 80
output ['/veracruz/projects/c/cquant/Dirac-Quantum-Walk/QuantumWalk/main.py', '6', '128', '1', '2', '1', '2', '10000', 'statevector', '437030', '80', 'CPU', 'double', '80', '0', '1', 'None', '0']
Creating Circuit: 0.2220470905303955
Creating Circuit: 0.48311686515808105
Creating Circuit: 0.5292971134185791
Creating Circuit: 0.588451623916626
Creating Circuit: 0.6606512069702148
Creating Circuit: 0.7473647594451904
Creating Circuit: 0.8475887775421143
Creating Circuit: 1.0389485359191895
Creating Circuit: 1.1707227230072021
Creating Circuit: 1.315317153930664
Creating Circuit: 1.4706149101257324
Creating Circuit: 1.7634484767913818
Creating Circuit: 1.9469170570373535
Creating Circuit: 2.1382129192352295
Creating Circuit: 2.3479886054992676
Creating Circuit: 2.678586483001709
Creating Circuit: 2.9104859828948975
Creating Circuit: 3.160897970199585
Creating Circuit: 3.5456278324127197
Creating Circuit: 3.8175342082977295
Creating Circuit: 4.10907769203186
Creating Circuit: 4.560783386230469
Creating Circuit: 4.879208564758301
Creating Circuit: 5.216341495513916
Creating Circuit: 5.8151867389678955
Creating Circuit: 6.186375141143799
Creating Circuit: 6.563203811645508
Creating Circuit: 6.953711032867432
Creating Circuit: 7.709343671798706
Creating Circuit: 8.116432428359985
Creating Circuit: 8.547380924224854
Creating Circuit: 8.991450548171997
Creating Circuit: 9.88664698600769
Creating Circuit: 10.348403215408325
Creating Circuit: 10.833078145980835
Creating Circuit: 11.318869352340698
Creating Circuit: 12.13740348815918
Creating Circuit: 12.651284217834473
Creating Circuit: 13.196773529052734
Creating Circuit: 13.750634670257568
Creating Circuit: 14.303480625152588
Creating Circuit: 15.322254180908203
Creating Circuit: 15.90314769744873
Creating Circuit: 16.546962022781372
Creating Circuit: 17.170668840408325
Creating Circuit: 17.790826082229614
Creating Circuit: 18.972179412841797
Creating Circuit: 19.635196447372437
Creating Circuit: 20.31512999534607
Creating Circuit: 21.006267547607422
Creating Circuit: 21.696596384048462
Creating Circuit: 22.4167582988739
Creating Circuit: 23.774678707122803
Creating Circuit: 24.5134494304657
Creating Circuit: 25.255550622940063
Creating Circuit: 26.018587589263916
Creating Circuit: 26.848975658416748
Creating Circuit: 27.631995677947998
Creating Circuit: 29.180635690689087
Creating Circuit: 30.009968757629395
Creating Circuit: 30.85282588005066
Creating Circuit: 31.70928120613098
Creating Circuit: 32.579190731048584
Creating Circuit: 33.462318897247314
Creating Circuit: 34.34063768386841
Creating Circuit: 36.24365425109863
Creating Circuit: 37.17442202568054
Creating Circuit: 38.088902711868286
Creating Circuit: 39.04023718833923
Creating Circuit: 39.98094296455383
Creating Circuit: 40.935999155044556
Creating Circuit: 41.9122679233551
Creating Circuit: 42.91969013214111
Creating Circuit: 45.0442590713501
Creating Circuit: 46.09232997894287
Creating Circuit: 47.14167618751526
Creating Circuit: 48.18033051490784
Creating Circuit: 49.23140048980713
Creating Circuit: 50.296257972717285
Creating Circuit: 51.40463614463806
Creating Circuit: 52.505600690841675
Creating Circuit: 54.99314069747925
Creating Circuit: 56.1260781288147
Creating Circuit: 57.26368474960327
Creating Circuit: 58.41395664215088
Creating Circuit: 59.64401078224182
Creating Circuit: 60.92685508728027
Creating Circuit: 62.20869970321655
Creating Circuit: 63.50536489486694
Creating Circuit: 64.78974509239197
Creating Circuit: 66.06366300582886
Creating Circuit: 69.00396800041199
Creating Circuit: 70.25796294212341
Creating Circuit: 71.56087946891785
Creating Circuit: 72.8730833530426
Creating Circuit: 74.19922018051147
Creating Circuit: 75.50712203979492
Creating Circuit: 76.87181043624878
Creating Circuit: 78.24068546295166
Creating Circuit: 79.62390327453613
Creating Circuit: 81.00352787971497
Creating Circuit: 82.37400364875793
Creating Circuit: 85.90154981613159
Creating Circuit: 87.32554602622986
Creating Circuit: 88.73705172538757
Creating Circuit: 90.19995951652527
Creating Circuit: 91.6741738319397
Creating Circuit: 93.12745928764343
Creating Circuit: 94.6303060054779
Creating Circuit: 96.12035322189331
Creating Circuit: 97.63824248313904
Creating Circuit: 99.14230680465698
Creating Circuit: 100.66174030303955
Creating Circuit: 104.79883193969727
Creating Circuit: 106.35297465324402
Creating Circuit: 107.96467995643616
Creating Circuit: 109.57768702507019
Creating Circuit: 111.16270232200623
Creating Circuit: 112.80533647537231
Creating Circuit: 114.46058511734009
Creating Circuit: 116.09518337249756
Creating Circuit: 117.78686690330505
Creating Circuit: 119.49996900558472
Creating Circuit: 121.33321189880371
Creating Circuit: 123.1191828250885
Creating Circuit: 124.92723631858826
Creating Circuit: 126.75214672088623
Creating Circuit: 131.88012957572937
Available Devices: ('CPU',)
Backend options: Options(shots=10000, method='statevector', device='CPU', precision='double', executor=None, max_job_size=None, max_shot_size=None, enable_truncation=True, zero_threshold=1e-10, validation_threshold=None, max_parallel_threads=80, max_parallel_experiments=80, max_parallel_shots=None, max_memory_mb=None, fusion_enable=True, fusion_verbose=False, fusion_max_qubit=None, fusion_threshold=None, accept_distributed_results=None, memory=None, noise_model=None, seed_simulator=None, cuStateVec_enable=False, blocking_qubits=None, blocking_enable=False, chunk_swap_buffer_qubits=None, batched_shots_gpu=False, batched_shots_gpu_max_qubits=16, num_threads_per_device=1, statevector_parallel_threshold=14, statevector_sample_measure_opt=10, stabilizer_max_snapshot_probabilities=32, extended_stabilizer_sampling_method='resampled_metropolis', extended_stabilizer_metropolis_mixing_time=5000, extended_stabilizer_approximation_error=0.05, extended_stabilizer_norm_estimation_samples=100, extended_stabilizer_norm_estimation_repetitions=3, extended_stabilizer_parallel_threshold=100, extended_stabilizer_probabilities_snapshot_samples=3000, matrix_product_state_truncation_threshold=1e-16, matrix_product_state_max_bond_dimension=None, mps_sample_measure_algorithm='mps_heuristic', mps_log_data=False, mps_swap_direction='mps_swap_left', chop_threshold=1e-08, mps_parallel_threshold=14, mps_omp_threads=1, tensor_network_num_sampling_qubits=10, use_cuTensorNet_autotuning=False)
Transpile: 134.1070520877838
mprof: Sampling memory every 0.1s
running new process
