number of tasks = 2
number of cpus_per_task = 80
output ['/veracruz/projects/c/cquant/Dirac-Quantum-Walk/QuantumWalk/main.py', '6', '128', '1', '2', '1', '2', '10000', 'statevector', '437039', '80', 'CPU', 'double', '80', '0', '1', 'None', '0']
Creating Circuit: 2.93141508102417
Creating Circuit: 3.090756416320801
Creating Circuit: 3.1369476318359375
Creating Circuit: 3.195831298828125
Creating Circuit: 3.2679295539855957
Creating Circuit: 3.3531253337860107
Creating Circuit: 3.4539859294891357
Creating Circuit: 3.5684216022491455
Creating Circuit: 3.811187505722046
Creating Circuit: 3.9512858390808105
Creating Circuit: 4.108901739120483
Creating Circuit: 4.275432586669922
Creating Circuit: 4.5452704429626465
Creating Circuit: 4.743363618850708
Creating Circuit: 4.953872203826904
Creating Circuit: 5.2772345542907715
Creating Circuit: 5.509864330291748
Creating Circuit: 5.75644063949585
Creating Circuit: 6.207499742507935
Creating Circuit: 6.487785577774048
Creating Circuit: 6.774726152420044
Creating Circuit: 7.220696926116943
Creating Circuit: 7.542612075805664
Creating Circuit: 7.878068208694458
Creating Circuit: 8.400528192520142
Creating Circuit: 8.757253170013428
Creating Circuit: 9.13421106338501
Creating Circuit: 9.524179458618164
Creating Circuit: 10.172796964645386
Creating Circuit: 10.591027975082397
Creating Circuit: 11.023494720458984
Creating Circuit: 11.469531297683716
Creating Circuit: 12.23815655708313
Creating Circuit: 12.712798595428467
Creating Circuit: 13.188558101654053
Creating Circuit: 13.678231477737427
Creating Circuit: 14.505693197250366
Creating Circuit: 15.035293817520142
Creating Circuit: 15.578004598617554
Creating Circuit: 16.134945392608643
Creating Circuit: 16.695674657821655
Creating Circuit: 17.714709758758545
Creating Circuit: 18.314122915267944
Creating Circuit: 18.926090240478516
Creating Circuit: 19.537397146224976
Creating Circuit: 20.1786105632782
Creating Circuit: 21.28702425956726
Creating Circuit: 21.949614763259888
Creating Circuit: 22.631035804748535
Creating Circuit: 23.30933666229248
Creating Circuit: 24.017357349395752
Creating Circuit: 24.723095178604126
Creating Circuit: 26.03325867652893
Creating Circuit: 26.764439344406128
Creating Circuit: 27.508204460144043
Creating Circuit: 28.28678798675537
Creating Circuit: 29.059329509735107
Creating Circuit: 29.867649793624878
Creating Circuit: 31.434650897979736
Creating Circuit: 32.24684286117554
Creating Circuit: 33.0730836391449
Creating Circuit: 33.93302917480469
Creating Circuit: 34.8079309463501
Creating Circuit: 35.67427635192871
Creating Circuit: 36.576982259750366
Creating Circuit: 38.34448051452637
Creating Circuit: 39.275569438934326
Creating Circuit: 40.19621181488037
Creating Circuit: 41.15482211112976
Creating Circuit: 42.12576627731323
Creating Circuit: 43.109766483306885
Creating Circuit: 44.109111309051514
Creating Circuit: 45.15330719947815
Creating Circuit: 47.31521272659302
Creating Circuit: 48.35722732543945
Creating Circuit: 49.38359808921814
Creating Circuit: 50.47757077217102
Creating Circuit: 51.549277782440186
Creating Circuit: 52.644856452941895
Creating Circuit: 53.765384912490845
Creating Circuit: 54.87131476402283
Creating Circuit: 55.99169063568115
Creating Circuit: 58.50022912025452
Creating Circuit: 59.637147188186646
Creating Circuit: 60.819074392318726
Creating Circuit: 62.01230478286743
Creating Circuit: 63.18863797187805
Creating Circuit: 64.3996593952179
Creating Circuit: 65.63893914222717
Creating Circuit: 66.88981032371521
Creating Circuit: 68.15475273132324
Creating Circuit: 71.13441920280457
Creating Circuit: 72.440190076828
Creating Circuit: 73.77016758918762
Creating Circuit: 75.09077715873718
Creating Circuit: 76.42588138580322
Creating Circuit: 77.7532467842102
Creating Circuit: 79.11603927612305
Creating Circuit: 80.49576497077942
Creating Circuit: 81.8885850906372
Creating Circuit: 83.25538444519043
Creating Circuit: 84.67445850372314
Creating Circuit: 88.16501903533936
Creating Circuit: 89.57381892204285
Creating Circuit: 91.11365365982056
Creating Circuit: 92.60624313354492
Creating Circuit: 94.0606689453125
Creating Circuit: 95.56396245956421
Creating Circuit: 97.04338574409485
Creating Circuit: 98.5338487625122
Creating Circuit: 100.06092071533203
Creating Circuit: 101.59475803375244
Creating Circuit: 103.16629028320312
Creating Circuit: 104.70913791656494
Creating Circuit: 108.94555020332336
Creating Circuit: 110.63997292518616
Creating Circuit: 112.22561168670654
Creating Circuit: 113.87583947181702
Creating Circuit: 115.49013257026672
Creating Circuit: 117.15848731994629
Creating Circuit: 118.83769416809082
Creating Circuit: 120.52805352210999
Creating Circuit: 122.2373194694519
Creating Circuit: 123.92399382591248
Creating Circuit: 125.61849427223206
Creating Circuit: 127.36860227584839
Creating Circuit: 129.13410687446594
Creating Circuit: 134.1886110305786
Available Devices: ('CPU',)
Backend options: Options(shots=10000, method='statevector', device='CPU', precision='double', executor=None, max_job_size=None, max_shot_size=None, enable_truncation=True, zero_threshold=1e-10, validation_threshold=None, max_parallel_threads=80, max_parallel_experiments=80, max_parallel_shots=None, max_memory_mb=None, fusion_enable=True, fusion_verbose=False, fusion_max_qubit=None, fusion_threshold=None, accept_distributed_results=None, memory=None, noise_model=None, seed_simulator=None, cuStateVec_enable=False, blocking_qubits=None, blocking_enable=False, chunk_swap_buffer_qubits=None, batched_shots_gpu=False, batched_shots_gpu_max_qubits=16, num_threads_per_device=1, statevector_parallel_threshold=14, statevector_sample_measure_opt=10, stabilizer_max_snapshot_probabilities=32, extended_stabilizer_sampling_method='resampled_metropolis', extended_stabilizer_metropolis_mixing_time=5000, extended_stabilizer_approximation_error=0.05, extended_stabilizer_norm_estimation_samples=100, extended_stabilizer_norm_estimation_repetitions=3, extended_stabilizer_parallel_threshold=100, extended_stabilizer_probabilities_snapshot_samples=3000, matrix_product_state_truncation_threshold=1e-16, matrix_product_state_max_bond_dimension=None, mps_sample_measure_algorithm='mps_heuristic', mps_log_data=False, mps_swap_direction='mps_swap_left', chop_threshold=1e-08, mps_parallel_threshold=14, mps_omp_threads=1, tensor_network_num_sampling_qubits=10, use_cuTensorNet_autotuning=False)
Transpile: 136.48200106620789
output ['/veracruz/projects/c/cquant/Dirac-Quantum-Walk/QuantumWalk/main.py', '6', '128', '1', '2', '1', '2', '10000', 'statevector', '437039', '80', 'CPU', 'double', '80', '0', '1', 'None', '0']
Creating Circuit: 2.9314942359924316
Creating Circuit: 3.090949773788452
Creating Circuit: 3.137728691101074
Creating Circuit: 3.1974709033966064
Creating Circuit: 3.270409345626831
Creating Circuit: 3.358285427093506
Creating Circuit: 3.4581127166748047
Creating Circuit: 3.5755996704101562
Creating Circuit: 3.828263998031616
Creating Circuit: 3.9738035202026367
Creating Circuit: 4.127856254577637
Creating Circuit: 4.300279855728149
Creating Circuit: 4.557433843612671
Creating Circuit: 4.7531516551971436
Creating Circuit: 4.965719699859619
Creating Circuit: 5.277116775512695
Creating Circuit: 5.517957925796509
Creating Circuit: 5.768405199050903
Creating Circuit: 6.1415040493011475
Creating Circuit: 6.417948961257935
Creating Circuit: 6.707156181335449
Creating Circuit: 7.14430570602417
Creating Circuit: 7.466949224472046
Creating Circuit: 7.805093288421631
Creating Circuit: 8.384395122528076
Creating Circuit: 8.742162466049194
Creating Circuit: 9.113035202026367
Creating Circuit: 9.500954627990723
Creating Circuit: 10.193607091903687
Creating Circuit: 10.604941606521606
Creating Circuit: 11.04096794128418
Creating Circuit: 11.479043245315552
Creating Circuit: 12.211638450622559
Creating Circuit: 12.697864294052124
Creating Circuit: 13.181616067886353
Creating Circuit: 13.675609827041626
Creating Circuit: 14.545328140258789
Creating Circuit: 15.079204082489014
Creating Circuit: 15.626744508743286
Creating Circuit: 16.175138235092163
Creating Circuit: 16.75085997581482
Creating Circuit: 17.769020080566406
Creating Circuit: 18.372032165527344
Creating Circuit: 18.989869117736816
Creating Circuit: 19.624292612075806
Creating Circuit: 20.292745351791382
Creating Circuit: 21.403335571289062
Creating Circuit: 22.0797381401062
Creating Circuit: 22.77078413963318
Creating Circuit: 23.462308406829834
Creating Circuit: 24.177317142486572
Creating Circuit: 24.906317710876465
Creating Circuit: 26.216394901275635
Creating Circuit: 26.97289514541626
Creating Circuit: 27.72271490097046
Creating Circuit: 28.503793239593506
Creating Circuit: 29.3033766746521
Creating Circuit: 30.130270957946777
Creating Circuit: 31.70368766784668
Creating Circuit: 32.551069021224976
Creating Circuit: 33.38499450683594
Creating Circuit: 34.25328016281128
Creating Circuit: 35.113648653030396
Creating Circuit: 35.99361801147461
Creating Circuit: 36.90530347824097
Creating Circuit: 38.72327280044556
Creating Circuit: 39.67024493217468
Creating Circuit: 40.61323094367981
Creating Circuit: 41.579044580459595
Creating Circuit: 42.57159376144409
Creating Circuit: 43.573803424835205
Creating Circuit: 44.598825454711914
Creating Circuit: 45.70978784561157
Creating Circuit: 47.94072413444519
Creating Circuit: 49.00394415855408
Creating Circuit: 50.126901388168335
Creating Circuit: 51.18645620346069
Creating Circuit: 52.2943058013916
Creating Circuit: 53.39961242675781
Creating Circuit: 54.520180225372314
Creating Circuit: 55.654650926589966
Creating Circuit: 56.77426314353943
Creating Circuit: 59.214195251464844
Creating Circuit: 60.3848991394043
Creating Circuit: 61.57426118850708
Creating Circuit: 62.753708600997925
Creating Circuit: 63.94615364074707
Creating Circuit: 65.1505377292633
Creating Circuit: 66.40183281898499
Creating Circuit: 67.67388033866882
Creating Circuit: 68.95189166069031
Creating Circuit: 71.96955370903015
Creating Circuit: 73.2755994796753
Creating Circuit: 74.55920910835266
Creating Circuit: 75.8976936340332
Creating Circuit: 77.20826435089111
Creating Circuit: 78.53329014778137
Creating Circuit: 79.89851331710815
Creating Circuit: 81.29295992851257
Creating Circuit: 82.68894124031067
Creating Circuit: 84.10897827148438
Creating Circuit: 85.54081702232361
Creating Circuit: 89.02201008796692
Creating Circuit: 90.50295090675354
Creating Circuit: 91.93883013725281
Creating Circuit: 93.39122152328491
Creating Circuit: 94.85489201545715
Creating Circuit: 96.37556719779968
Creating Circuit: 97.90233969688416
Creating Circuit: 99.44229769706726
Creating Circuit: 100.97705602645874
Creating Circuit: 102.55024981498718
Creating Circuit: 104.0915994644165
Creating Circuit: 105.73675441741943
Creating Circuit: 110.02985334396362
Creating Circuit: 111.72931671142578
Creating Circuit: 113.38575148582458
Creating Circuit: 114.98338437080383
Creating Circuit: 116.59710383415222
Creating Circuit: 118.25358414649963
Creating Circuit: 119.90673613548279
Creating Circuit: 121.5578019618988
Creating Circuit: 123.22968578338623
Creating Circuit: 124.90710163116455
Creating Circuit: 126.63925433158875
Creating Circuit: 128.38707995414734
Creating Circuit: 130.19232630729675
Creating Circuit: 135.12628602981567
Available Devices: ('CPU',)
Backend options: Options(shots=10000, method='statevector', device='CPU', precision='double', executor=None, max_job_size=None, max_shot_size=None, enable_truncation=True, zero_threshold=1e-10, validation_threshold=None, max_parallel_threads=80, max_parallel_experiments=80, max_parallel_shots=None, max_memory_mb=None, fusion_enable=True, fusion_verbose=False, fusion_max_qubit=None, fusion_threshold=None, accept_distributed_results=None, memory=None, noise_model=None, seed_simulator=None, cuStateVec_enable=False, blocking_qubits=None, blocking_enable=False, chunk_swap_buffer_qubits=None, batched_shots_gpu=False, batched_shots_gpu_max_qubits=16, num_threads_per_device=1, statevector_parallel_threshold=14, statevector_sample_measure_opt=10, stabilizer_max_snapshot_probabilities=32, extended_stabilizer_sampling_method='resampled_metropolis', extended_stabilizer_metropolis_mixing_time=5000, extended_stabilizer_approximation_error=0.05, extended_stabilizer_norm_estimation_samples=100, extended_stabilizer_norm_estimation_repetitions=3, extended_stabilizer_parallel_threshold=100, extended_stabilizer_probabilities_snapshot_samples=3000, matrix_product_state_truncation_threshold=1e-16, matrix_product_state_max_bond_dimension=None, mps_sample_measure_algorithm='mps_heuristic', mps_log_data=False, mps_swap_direction='mps_swap_left', chop_threshold=1e-08, mps_parallel_threshold=14, mps_omp_threads=1, tensor_network_num_sampling_qubits=10, use_cuTensorNet_autotuning=False)
Transpile: 136.94709610939026
mprof: Sampling memory every 0.1s
running new process
mprof: Sampling memory every 0.1s
running new process
