number of tasks = 1
number of cpus_per_task = 80
output ['/veracruz/projects/c/cquant/Dirac-Quantum-Walk/QuantumWalk/main.py', '5', '128', '1', '2', '1', '2', '10000', 'statevector', '437020', '80', 'CPU', 'double', '1', '0', '1', 'None', '0']
Creating Circuit: 2.6696202754974365
Creating Circuit: 2.755929946899414
Creating Circuit: 2.7978274822235107
Creating Circuit: 2.8501689434051514
Creating Circuit: 2.9129979610443115
Creating Circuit: 2.9876303672790527
Creating Circuit: 3.0726382732391357
Creating Circuit: 3.1686885356903076
Creating Circuit: 3.2762579917907715
Creating Circuit: 3.5202271938323975
Creating Circuit: 3.6506054401397705
Creating Circuit: 3.7918198108673096
Creating Circuit: 3.943613290786743
Creating Circuit: 4.19425892829895
Creating Circuit: 4.36901330947876
Creating Circuit: 4.5539703369140625
Creating Circuit: 4.749965667724609
Creating Circuit: 5.061026334762573
Creating Circuit: 5.26832389831543
Creating Circuit: 5.484911203384399
Creating Circuit: 5.71202540397644
Creating Circuit: 6.075762033462524
Creating Circuit: 6.324497938156128
Creating Circuit: 6.583272695541382
Creating Circuit: 7.088624954223633
Creating Circuit: 7.3687286376953125
Creating Circuit: 7.658842086791992
Creating Circuit: 7.959107398986816
Creating Circuit: 8.269525289535522
Creating Circuit: 8.767284631729126
Creating Circuit: 9.099099397659302
Creating Circuit: 9.441781520843506
Creating Circuit: 9.794042110443115
Creating Circuit: 10.36754584312439
Creating Circuit: 10.741771221160889
Creating Circuit: 11.12549877166748
Creating Circuit: 11.519927501678467
Creating Circuit: 11.924186944961548
Creating Circuit: 12.604146718978882
Creating Circuit: 13.032879114151001
Creating Circuit: 13.469020128250122
Creating Circuit: 13.916842222213745
Creating Circuit: 14.374946355819702
Creating Circuit: 15.206997632980347
Creating Circuit: 15.685550212860107
Creating Circuit: 16.173954963684082
Creating Circuit: 16.675068140029907
Creating Circuit: 17.18528962135315
Creating Circuit: 18.151078701019287
Creating Circuit: 18.682413816452026
Creating Circuit: 19.22328758239746
Creating Circuit: 19.776292324066162
Creating Circuit: 20.33928084373474
Creating Circuit: 20.911747217178345
Creating Circuit: 21.982746362686157
Creating Circuit: 22.577974557876587
Creating Circuit: 23.183064460754395
Creating Circuit: 23.79759693145752
Creating Circuit: 24.423161029815674
Creating Circuit: 25.061848402023315
Creating Circuit: 25.709871768951416
Creating Circuit: 27.0141921043396
Creating Circuit: 27.68168306350708
Creating Circuit: 28.360100030899048
Creating Circuit: 29.0478572845459
Creating Circuit: 29.746479988098145
Creating Circuit: 30.45490288734436
Creating Circuit: 31.162582874298096
Creating Circuit: 31.894455432891846
Creating Circuit: 33.383240938186646
Creating Circuit: 34.13507580757141
Creating Circuit: 34.89655113220215
Creating Circuit: 35.66877484321594
Creating Circuit: 36.45139241218567
Creating Circuit: 37.24583983421326
Creating Circuit: 38.05051565170288
Creating Circuit: 38.86457085609436
Creating Circuit: 40.63528537750244
Creating Circuit: 41.47196388244629
Creating Circuit: 42.31738018989563
Creating Circuit: 43.17342972755432
Creating Circuit: 44.039710521698
Creating Circuit: 44.91702175140381
Creating Circuit: 45.80507278442383
Creating Circuit: 46.70358753204346
Creating Circuit: 47.612826108932495
Creating Circuit: 48.533182859420776
Creating Circuit: 50.60640835762024
Creating Circuit: 51.54712700843811
Creating Circuit: 52.49944496154785
Creating Circuit: 53.46110987663269
Creating Circuit: 54.43370461463928
Creating Circuit: 55.416762590408325
Creating Circuit: 56.40919256210327
Creating Circuit: 57.41341543197632
Creating Circuit: 58.42892813682556
Creating Circuit: 59.453304290771484
Creating Circuit: 61.83407759666443
Creating Circuit: 62.88003873825073
Creating Circuit: 63.93530201911926
Creating Circuit: 65.0014295578003
Creating Circuit: 66.07848811149597
Creating Circuit: 67.165776014328
Creating Circuit: 68.26364326477051
Creating Circuit: 69.37350916862488
Creating Circuit: 70.49377918243408
Creating Circuit: 71.62704515457153
Creating Circuit: 72.77443504333496
Creating Circuit: 75.65161800384521
Creating Circuit: 76.81482720375061
Creating Circuit: 77.98795509338379
Creating Circuit: 79.1720016002655
Creating Circuit: 80.36572813987732
Creating Circuit: 81.57117486000061
Creating Circuit: 82.7865993976593
Creating Circuit: 84.01235723495483
Creating Circuit: 85.24903512001038
Creating Circuit: 86.48022103309631
Creating Circuit: 87.73776078224182
Creating Circuit: 89.00622534751892
Creating Circuit: 90.28537440299988
Creating Circuit: 93.67931985855103
Creating Circuit: 94.97792792320251
Creating Circuit: 96.28834748268127
Creating Circuit: 97.61234474182129
Creating Circuit: 98.9439651966095
Creating Circuit: 100.2814712524414
Creating Circuit: 101.63424634933472
Available Devices: ('CPU',)
Backend options: Options(shots=10000, method='statevector', device='CPU', precision='double', executor=None, max_job_size=None, max_shot_size=None, enable_truncation=True, zero_threshold=1e-10, validation_threshold=None, max_parallel_threads=80, max_parallel_experiments=1, max_parallel_shots=80, max_memory_mb=None, fusion_enable=True, fusion_verbose=False, fusion_max_qubit=None, fusion_threshold=None, accept_distributed_results=None, memory=None, noise_model=None, seed_simulator=None, cuStateVec_enable=False, blocking_qubits=None, blocking_enable=False, chunk_swap_buffer_qubits=None, batched_shots_gpu=False, batched_shots_gpu_max_qubits=16, num_threads_per_device=1, statevector_parallel_threshold=14, statevector_sample_measure_opt=10, stabilizer_max_snapshot_probabilities=32, extended_stabilizer_sampling_method='resampled_metropolis', extended_stabilizer_metropolis_mixing_time=5000, extended_stabilizer_approximation_error=0.05, extended_stabilizer_norm_estimation_samples=100, extended_stabilizer_norm_estimation_repetitions=3, extended_stabilizer_parallel_threshold=100, extended_stabilizer_probabilities_snapshot_samples=3000, matrix_product_state_truncation_threshold=1e-16, matrix_product_state_max_bond_dimension=None, mps_sample_measure_algorithm='mps_heuristic', mps_log_data=False, mps_swap_direction='mps_swap_left', chop_threshold=1e-08, mps_parallel_threshold=14, mps_omp_threads=1, tensor_network_num_sampling_qubits=10, use_cuTensorNet_autotuning=False)
Transpile: 103.55419611930847
Run: 663.470537185669
.result() start: 663.4763312339783
.result() end: 1045.7690153121948
Finnish: 1058.9985010623932
mprof: Sampling memory every 0.1s
running new process
