number of tasks = 1
number of cpus_per_task = 80
output ['/veracruz/projects/c/cquant/Dirac-Quantum-Walk/QuantumWalk/main.py', '6', '128', '1', '2', '1', '2', '10000', 'aer_simulator_statevector', '416529', '80', 'CPU', 'double', '20', '1', '1', '20']
[[<qiskit.circuit.quantumcircuit.QuantumCircuit object at 0x7fa09e1a3fd0>, <qiskit.circuit.quantumcircuit.QuantumCircuit object at 0x7fa09e1c3890>, <qiskit.circuit.quantumcircuit.QuantumCircuit object at 0x7fa0a1a7b2d0>, <qiskit.circuit.quantumcircuit.QuantumCircuit object at 0x7fa09e08d990>, <qiskit.circuit.quantumcircuit.QuantumCircuit object at 0x7fa09e022b90>, <qiskit.circuit.quantumcircuit.QuantumCircuit object at 0x7fa09df08b50>, <qiskit.circuit.quantumcircuit.QuantumCircuit object at 0x7fa09dfe7590>, <qiskit.circuit.quantumcircuit.QuantumCircuit object at 0x7fa09bcb9bd0>, <qiskit.circuit.quantumcircuit.QuantumCircuit object at 0x7fa09bad1d90>, <qiskit.circuit.quantumcircuit.QuantumCircuit object at 0x7fa09df088d0>, <qiskit.circuit.quantumcircuit.QuantumCircuit object at 0x7fa09b6d7d10>, <qiskit.circuit.quantumcircuit.QuantumCircuit object at 0x7fa09bcd2e10>, <qiskit.circuit.quantumcircuit.QuantumCircuit object at 0x7fa09bce0290>, <qiskit.circuit.quantumcircuit.QuantumCircuit object at 0x7fa098f0c9d0>, <qiskit.circuit.quantumcircuit.QuantumCircuit object at 0x7fa098c36110>, <qiskit.circuit.quantumcircuit.QuantumCircuit object at 0x7fa0988f8d50>, <qiskit.circuit.quantumcircuit.QuantumCircuit object at 0x7fa09851f9d0>, <qiskit.circuit.quantumcircuit.QuantumCircuit object at 0x7fa098109e50>, <qiskit.circuit.quantumcircuit.QuantumCircuit object at 0x7fa097d07d10>, <qiskit.circuit.quantumcircuit.QuantumCircuit object at 0x7fa0978f8a90>], [<qiskit.circuit.quantumcircuit.QuantumCircuit object at 0x7fa093101590>, <qiskit.circuit.quantumcircuit.QuantumCircuit object at 0x7fa092c41a10>, <qiskit.circuit.quantumcircuit.QuantumCircuit object at 0x7fa0926f0c50>, <qiskit.circuit.quantumcircuit.QuantumCircuit object at 0x7fa09215dc90>, <qiskit.circuit.quantumcircuit.QuantumCircuit object at 0x7fa092cd6b10>, <qiskit.circuit.quantumcircuit.QuantumCircuit object at 0x7fa06d130a90>, <qiskit.circuit.quantumcircuit.QuantumCircuit object at 0x7fa06cae8a90>, <qiskit.circuit.quantumcircuit.QuantumCircuit object at 0x7fa06c451690>, <qiskit.circuit.quantumcircuit.QuantumCircuit object at 0x7fa06c461210>, <qiskit.circuit.quantumcircuit.QuantumCircuit object at 0x7fa06b6cdc90>, <qiskit.circuit.quantumcircuit.QuantumCircuit object at 0x7fa06affb850>, <qiskit.circuit.quantumcircuit.QuantumCircuit object at 0x7fa06a860650>, <qiskit.circuit.quantumcircuit.QuantumCircuit object at 0x7fa06a0e9590>, <qiskit.circuit.quantumcircuit.QuantumCircuit object at 0x7fa0698ebd50>, <qiskit.circuit.quantumcircuit.QuantumCircuit object at 0x7fa069099e10>, <qiskit.circuit.quantumcircuit.QuantumCircuit object at 0x7fa068801e50>, <qiskit.circuit.quantumcircuit.QuantumCircuit object at 0x7fa067f88fd0>, <qiskit.circuit.quantumcircuit.QuantumCircuit object at 0x7fa067690b90>, <qiskit.circuit.quantumcircuit.QuantumCircuit object at 0x7fa066d41d10>, <qiskit.circuit.quantumcircuit.QuantumCircuit object at 0x7fa06642fb90>], [<qiskit.circuit.quantumcircuit.QuantumCircuit object at 0x7fa065a62fd0>, <qiskit.circuit.quantumcircuit.QuantumCircuit object at 0x7fa0650b0510>, <qiskit.circuit.quantumcircuit.QuantumCircuit object at 0x7fa06503f050>, <qiskit.circuit.quantumcircuit.QuantumCircuit object at 0x7fa063be3ed0>, <qiskit.circuit.quantumcircuit.QuantumCircuit object at 0x7fa063118d90>, <qiskit.circuit.quantumcircuit.QuantumCircuit object at 0x7fa06260ded0>, <qiskit.circuit.quantumcircuit.QuantumCircuit object at 0x7fa061b18d50>, <qiskit.circuit.quantumcircuit.QuantumCircuit object at 0x7fa060fa5990>, <qiskit.circuit.quantumcircuit.QuantumCircuit object at 0x7fa0603e0f50>, <qiskit.circuit.quantumcircuit.QuantumCircuit object at 0x7fa05f7d0ed0>, <qiskit.circuit.quantumcircuit.QuantumCircuit object at 0x7fa05eb8b4d0>, <qiskit.circuit.quantumcircuit.QuantumCircuit object at 0x7fa05df085d0>, <qiskit.circuit.quantumcircuit.QuantumCircuit object at 0x7fa05d2a3d50>, <qiskit.circuit.quantumcircuit.QuantumCircuit object at 0x7fa05c5a0c90>, <qiskit.circuit.quantumcircuit.QuantumCircuit object at 0x7fa05b85bed0>, <qiskit.circuit.quantumcircuit.QuantumCircuit object at 0x7fa05aadae90>, <qiskit.circuit.quantumcircuit.QuantumCircuit object at 0x7fa059d19c10>, <qiskit.circuit.quantumcircuit.QuantumCircuit object at 0x7fa058f17e90>, <qiskit.circuit.quantumcircuit.QuantumCircuit object at 0x7fa058131b90>, <qiskit.circuit.quantumcircuit.QuantumCircuit object at 0x7fa0572b4d50>], [<qiskit.circuit.quantumcircuit.QuantumCircuit object at 0x7fa0563f7bd0>, <qiskit.circuit.quantumcircuit.QuantumCircuit object at 0x7fa0554f9110>, <qiskit.circuit.quantumcircuit.QuantumCircuit object at 0x7fa0545bcf10>, <qiskit.circuit.quantumcircuit.QuantumCircuit object at 0x7fa05363ce90>, <qiskit.circuit.quantumcircuit.QuantumCircuit object at 0x7fa052607c90>, <qiskit.circuit.quantumcircuit.QuantumCircuit object at 0x7fa05165e190>, <qiskit.circuit.quantumcircuit.QuantumCircuit object at 0x7fa050624d90>, <qiskit.circuit.quantumcircuit.QuantumCircuit object at 0x7fa04f5add90>, <qiskit.circuit.quantumcircuit.QuantumCircuit object at 0x7fa04e4f3c90>, <qiskit.circuit.quantumcircuit.QuantumCircuit object at 0x7fa04d37ec90>, <qiskit.circuit.quantumcircuit.QuantumCircuit object at 0x7fa04c243cd0>, <qiskit.circuit.quantumcircuit.QuantumCircuit object at 0x7fa04b0d2590>, <qiskit.circuit.quantumcircuit.QuantumCircuit object at 0x7fa049f47dd0>, <qiskit.circuit.quantumcircuit.QuantumCircuit object at 0x7fa048d76b90>, <qiskit.circuit.quantumcircuit.QuantumCircuit object at 0x7fa047b3d850>, <qiskit.circuit.quantumcircuit.QuantumCircuit object at 0x7fa04684bc90>, <qiskit.circuit.quantumcircuit.QuantumCircuit object at 0x7fa04559ff10>, <qiskit.circuit.quantumcircuit.QuantumCircuit object at 0x7fa0442aecd0>, <qiskit.circuit.quantumcircuit.QuantumCircuit object at 0x7fa042efe690>, <qiskit.circuit.quantumcircuit.QuantumCircuit object at 0x7fa041b8fc90>], [<qiskit.circuit.quantumcircuit.QuantumCircuit object at 0x7fa0407e6ed0>, <qiskit.circuit.quantumcircuit.QuantumCircuit object at 0x7fa03f434d50>, <qiskit.circuit.quantumcircuit.QuantumCircuit object at 0x7fa03df89450>, <qiskit.circuit.quantumcircuit.QuantumCircuit object at 0x7fa03cb1aa90>, <qiskit.circuit.quantumcircuit.QuantumCircuit object at 0x7fa03b671cd0>, <qiskit.circuit.quantumcircuit.QuantumCircuit object at 0x7fa03a105690>, <qiskit.circuit.quantumcircuit.QuantumCircuit object at 0x7fa038be0110>, <qiskit.circuit.quantumcircuit.QuantumCircuit object at 0x7fa037676ed0>, <qiskit.circuit.quantumcircuit.QuantumCircuit object at 0x7fa036052ed0>, <qiskit.circuit.quantumcircuit.QuantumCircuit object at 0x7fa034a6ab10>, <qiskit.circuit.quantumcircuit.QuantumCircuit object at 0x7fa033454a90>, <qiskit.circuit.quantumcircuit.QuantumCircuit object at 0x7fa031d8f990>, <qiskit.circuit.quantumcircuit.QuantumCircuit object at 0x7fa0306eef10>, <qiskit.circuit.quantumcircuit.QuantumCircuit object at 0x7fa02ef85e50>, <qiskit.circuit.quantumcircuit.QuantumCircuit object at 0x7fa02d862c50>, <qiskit.circuit.quantumcircuit.QuantumCircuit object at 0x7fa02c083d50>, <qiskit.circuit.quantumcircuit.QuantumCircuit object at 0x7fa02a8e4110>, <qiskit.circuit.quantumcircuit.QuantumCircuit object at 0x7fa029085590>, <qiskit.circuit.quantumcircuit.QuantumCircuit object at 0x7fa027863c90>, <qiskit.circuit.quantumcircuit.QuantumCircuit object at 0x7fa025f819d0>], [<qiskit.circuit.quantumcircuit.QuantumCircuit object at 0x7fa0246df510>, <qiskit.circuit.quantumcircuit.QuantumCircuit object at 0x7fa022e28c90>, <qiskit.circuit.quantumcircuit.QuantumCircuit object at 0x7fa02148c990>, <qiskit.circuit.quantumcircuit.QuantumCircuit object at 0x7fa01fb2f350>, <qiskit.circuit.quantumcircuit.QuantumCircuit object at 0x7fa01e11ad10>, <qiskit.circuit.quantumcircuit.QuantumCircuit object at 0x7fa01c6be710>, <qiskit.circuit.quantumcircuit.QuantumCircuit object at 0x7fa01aca3f10>, <qiskit.circuit.quantumcircuit.QuantumCircuit object at 0x7fa0191cf990>, <qiskit.circuit.quantumcircuit.QuantumCircuit object at 0x7fa01773df90>, <qiskit.circuit.quantumcircuit.QuantumCircuit object at 0x7fa015be1610>, <qiskit.circuit.quantumcircuit.QuantumCircuit object at 0x7fa01404c990>, <qiskit.circuit.quantumcircuit.QuantumCircuit object at 0x7fa0124fb590>, <qiskit.circuit.quantumcircuit.QuantumCircuit object at 0x7fa0108e8d90>, <qiskit.circuit.quantumcircuit.QuantumCircuit object at 0x7fa00ed19590>, <qiskit.circuit.quantumcircuit.QuantumCircuit object at 0x7fa00d084650>, <qiskit.circuit.quantumcircuit.QuantumCircuit object at 0x7fa00b434cd0>, <qiskit.circuit.quantumcircuit.QuantumCircuit object at 0x7fa009724a10>, <qiskit.circuit.quantumcircuit.QuantumCircuit object at 0x7fa0079d8f10>, <qiskit.circuit.quantumcircuit.QuantumCircuit object at 0x7fa005c47350>, <qiskit.circuit.quantumcircuit.QuantumCircuit object at 0x7fa003efa690>], [<qiskit.circuit.quantumcircuit.QuantumCircuit object at 0x7fa0020ec5d0>, <qiskit.circuit.quantumcircuit.QuantumCircuit object at 0x7fa0002a4f50>, <qiskit.circuit.quantumcircuit.QuantumCircuit object at 0x7f9ffe414d50>, <qiskit.circuit.quantumcircuit.QuantumCircuit object at 0x7f9ffc546550>, <qiskit.circuit.quantumcircuit.QuantumCircuit object at 0x7f9ffa6bd850>, <qiskit.circuit.quantumcircuit.QuantumCircuit object at 0x7f9ff87704d0>, <qiskit.circuit.quantumcircuit.QuantumCircuit object at 0x7f9ff685b410>, <qiskit.circuit.quantumcircuit.QuantumCircuit object at 0x7f9ff488ec90>]]
== Simulation Data ==
Len Circuit_list: 20
Simulator: aer_simulator_statevector
Shots: 10000
Num Threads: 80
Parallel Exp: 20
Hardware: CPU
Precision: double
Job Size: None
Type(answer): <class 'list'>
== Simulation Data ==
Len Circuit_list: 20
Simulator: aer_simulator_statevector
Shots: 10000
Num Threads: 80
Parallel Exp: 20
Hardware: CPU
Precision: double
Job Size: None
Traceback (most recent call last):
  File "/veracruz/projects/c/cquant/Dirac-Quantum-Walk/QuantumWalk/main.py", line 72, in <module>
    job_size)
  File "/veracruz/projects/c/cquant/Dirac-Quantum-Walk/QuantumWalk/execute_circuits.py", line 49, in batch_execute
    answer = execute_circuits(batch,shots,simulator,num_threads,parallel_exp,hardware,precision)
  File "/veracruz/projects/c/cquant/Dirac-Quantum-Walk/QuantumWalk/execute_circuits.py", line 75, in execute_circuits
    job_statevector = sim_statevector.run(circuits_list, shots=shots)
  File "/veracruz/home/d/dgoncalves/.conda/envs/cquant_env/lib/python3.7/site-packages/qiskit/utils/deprecation.py", line 251, in wrapper
    return func(*args, **kwargs)
  File "/veracruz/home/d/dgoncalves/.conda/envs/cquant_env/lib/python3.7/site-packages/qiskit_aer/backends/aerbackend.py", line 187, in run
    qobj = self._assemble(circuits, parameter_binds=parameter_binds, **run_options)
  File "/veracruz/home/d/dgoncalves/.conda/envs/cquant_env/lib/python3.7/site-packages/qiskit_aer/backends/aerbackend.py", line 400, in _assemble
    qobj = assemble(circuits, backend=self)
  File "/veracruz/home/d/dgoncalves/.conda/envs/cquant_env/lib/python3.7/site-packages/qiskit/compiler/assembler.py", line 198, in assemble
    run_config=run_config,
  File "/veracruz/home/d/dgoncalves/.conda/envs/cquant_env/lib/python3.7/site-packages/qiskit/assembler/assemble_circuits.py", line 337, in assemble_circuits
    experiments_and_pulse_libs = parallel_map(_assemble_circuit, circuits, [run_config])
  File "/veracruz/home/d/dgoncalves/.conda/envs/cquant_env/lib/python3.7/site-packages/qiskit/tools/parallel.py", line 187, in parallel_map
    raise error
  File "/veracruz/home/d/dgoncalves/.conda/envs/cquant_env/lib/python3.7/site-packages/qiskit/tools/parallel.py", line 177, in parallel_map
    results = list(future)
  File "/veracruz/home/d/dgoncalves/.conda/envs/cquant_env/lib/python3.7/concurrent/futures/process.py", line 483, in _chain_from_iterable_of_lists
    for element in iterable:
  File "/veracruz/home/d/dgoncalves/.conda/envs/cquant_env/lib/python3.7/concurrent/futures/_base.py", line 598, in result_iterator
    yield fs.pop().result()
  File "/veracruz/home/d/dgoncalves/.conda/envs/cquant_env/lib/python3.7/concurrent/futures/_base.py", line 428, in result
    return self.__get_result()
  File "/veracruz/home/d/dgoncalves/.conda/envs/cquant_env/lib/python3.7/concurrent/futures/_base.py", line 384, in __get_result
    raise self._exception
concurrent.futures.process.BrokenProcessPool: A process in the process pool was terminated abruptly while the future was running or pending.
srun: error: caravela005: task 0: Exited with exit code 1
