number of tasks = 1
number of cpus_per_task = 80
output ['/veracruz/projects/c/cquant/Dirac-Quantum-Walk/QuantumWalk/main.py', '6', '128', '1', '2', '1', '2', '10000', 'aer_simulator_statevector', '416526', '80', 'CPU', 'double', '5', '1', '1', '20']
[[<qiskit.circuit.quantumcircuit.QuantumCircuit object at 0x7f88cf957790>, <qiskit.circuit.quantumcircuit.QuantumCircuit object at 0x7f88674d3950>, <qiskit.circuit.quantumcircuit.QuantumCircuit object at 0x7f886747d350>, <qiskit.circuit.quantumcircuit.QuantumCircuit object at 0x7f88593f5350>, <qiskit.circuit.quantumcircuit.QuantumCircuit object at 0x7f8859357910>, <qiskit.circuit.quantumcircuit.QuantumCircuit object at 0x7f8859238b90>, <qiskit.circuit.quantumcircuit.QuantumCircuit object at 0x7f8859317d50>, <qiskit.circuit.quantumcircuit.QuantumCircuit object at 0x7f88593e94d0>, <qiskit.circuit.quantumcircuit.QuantumCircuit object at 0x7f8858e31990>, <qiskit.circuit.quantumcircuit.QuantumCircuit object at 0x7f8859238950>, <qiskit.circuit.quantumcircuit.QuantumCircuit object at 0x7f884ca38d90>, <qiskit.circuit.quantumcircuit.QuantumCircuit object at 0x7f8859033e90>, <qiskit.circuit.quantumcircuit.QuantumCircuit object at 0x7f884c58ce90>, <qiskit.circuit.quantumcircuit.QuantumCircuit object at 0x7f884a26e9d0>, <qiskit.circuit.quantumcircuit.QuantumCircuit object at 0x7f8849f9ac90>, <qiskit.circuit.quantumcircuit.QuantumCircuit object at 0x7f8849bdca90>, <qiskit.circuit.quantumcircuit.QuantumCircuit object at 0x7f88498855d0>, <qiskit.circuit.quantumcircuit.QuantumCircuit object at 0x7f8849470e90>, <qiskit.circuit.quantumcircuit.QuantumCircuit object at 0x7f884506cd90>, <qiskit.circuit.quantumcircuit.QuantumCircuit object at 0x7f8842bdd990>], [<qiskit.circuit.quantumcircuit.QuantumCircuit object at 0x7f8842789590>, <qiskit.circuit.quantumcircuit.QuantumCircuit object at 0x7f88402cab90>, <qiskit.circuit.quantumcircuit.QuantumCircuit object at 0x7f883fd79cd0>, <qiskit.circuit.quantumcircuit.QuantumCircuit object at 0x7f883d7e6cd0>, <qiskit.circuit.quantumcircuit.QuantumCircuit object at 0x7f88402dde50>, <qiskit.circuit.quantumcircuit.QuantumCircuit object at 0x7f882e763e50>, <qiskit.circuit.quantumcircuit.QuantumCircuit object at 0x7f882e19d4d0>, <qiskit.circuit.quantumcircuit.QuantumCircuit object at 0x7f882db08510>, <qiskit.circuit.quantumcircuit.QuantumCircuit object at 0x7f882db17050>, <qiskit.circuit.quantumcircuit.QuantumCircuit object at 0x7f882cd86cd0>, <qiskit.circuit.quantumcircuit.QuantumCircuit object at 0x7f882c635fd0>, <qiskit.circuit.quantumcircuit.QuantumCircuit object at 0x7f882bf1c650>, <qiskit.circuit.quantumcircuit.QuantumCircuit object at 0x7f882b7244d0>, <qiskit.circuit.quantumcircuit.QuantumCircuit object at 0x7f882af2ae50>, <qiskit.circuit.quantumcircuit.QuantumCircuit object at 0x7f882a75ac50>, <qiskit.circuit.quantumcircuit.QuantumCircuit object at 0x7f8829ec3e90>, <qiskit.circuit.quantumcircuit.QuantumCircuit object at 0x7f8829652e90>, <qiskit.circuit.quantumcircuit.QuantumCircuit object at 0x7f8828d55c10>, <qiskit.circuit.quantumcircuit.QuantumCircuit object at 0x7f8828408d10>, <qiskit.circuit.quantumcircuit.QuantumCircuit object at 0x7f8827a78550>], [<qiskit.circuit.quantumcircuit.QuantumCircuit object at 0x7f88270ad090>, <qiskit.circuit.quantumcircuit.QuantumCircuit object at 0x7f88266fb550>, <qiskit.circuit.quantumcircuit.QuantumCircuit object at 0x7f882670c090>, <qiskit.circuit.quantumcircuit.QuantumCircuit object at 0x7f8825234650>, <qiskit.circuit.quantumcircuit.QuantumCircuit object at 0x7f882476b5d0>, <qiskit.circuit.quantumcircuit.QuantumCircuit object at 0x7f8823c62d50>, <qiskit.circuit.quantumcircuit.QuantumCircuit object at 0x7f8823170f50>, <qiskit.circuit.quantumcircuit.QuantumCircuit object at 0x7f88225ff650>, <qiskit.circuit.quantumcircuit.QuantumCircuit object at 0x7f8821a3bf50>, <qiskit.circuit.quantumcircuit.QuantumCircuit object at 0x7f8820e2de90>, <qiskit.circuit.quantumcircuit.QuantumCircuit object at 0x7f88201ecd50>, <qiskit.circuit.quantumcircuit.QuantumCircuit object at 0x7f881f56bc90>, <qiskit.circuit.quantumcircuit.QuantumCircuit object at 0x7f881e907e50>, <qiskit.circuit.quantumcircuit.QuantumCircuit object at 0x7f881dc08f90>, <qiskit.circuit.quantumcircuit.QuantumCircuit object at 0x7f881cec7990>, <qiskit.circuit.quantumcircuit.QuantumCircuit object at 0x7f881c147f10>, <qiskit.circuit.quantumcircuit.QuantumCircuit object at 0x7f881b3884d0>, <qiskit.circuit.quantumcircuit.QuantumCircuit object at 0x7f881a58ad90>, <qiskit.circuit.quantumcircuit.QuantumCircuit object at 0x7f8819725b90>, <qiskit.circuit.quantumcircuit.QuantumCircuit object at 0x7f88188ac750>], [<qiskit.circuit.quantumcircuit.QuantumCircuit object at 0x7f88179f1dd0>, <qiskit.circuit.quantumcircuit.QuantumCircuit object at 0x7f8816af6c90>, <qiskit.circuit.quantumcircuit.QuantumCircuit object at 0x7f8815bbdf50>, <qiskit.circuit.quantumcircuit.QuantumCircuit object at 0x7f8814c45650>, <qiskit.circuit.quantumcircuit.QuantumCircuit object at 0x7f8814c551d0>, <qiskit.circuit.quantumcircuit.QuantumCircuit object at 0x7f8812c69b10>, <qiskit.circuit.quantumcircuit.QuantumCircuit object at 0x7f8811c31650>, <qiskit.circuit.quantumcircuit.QuantumCircuit object at 0x7f8810bbea90>, <qiskit.circuit.quantumcircuit.QuantumCircuit object at 0x7f880fb07b10>, <qiskit.circuit.quantumcircuit.QuantumCircuit object at 0x7f880ea15b10>, <qiskit.circuit.quantumcircuit.QuantumCircuit object at 0x7f880d8dccd0>, <qiskit.circuit.quantumcircuit.QuantumCircuit object at 0x7f880c6efd50>, <qiskit.circuit.quantumcircuit.QuantumCircuit object at 0x7f880b567dd0>, <qiskit.circuit.quantumcircuit.QuantumCircuit object at 0x7f880a39bc10>, <qiskit.circuit.quantumcircuit.QuantumCircuit object at 0x7f88090eaf10>, <qiskit.circuit.quantumcircuit.QuantumCircuit object at 0x7f8807e76cd0>, <qiskit.circuit.quantumcircuit.QuantumCircuit object at 0x7f8806bcef50>, <qiskit.circuit.quantumcircuit.QuantumCircuit object at 0x7f88058e0d10>, <qiskit.circuit.quantumcircuit.QuantumCircuit object at 0x7f8804534c10>, <qiskit.circuit.quantumcircuit.QuantumCircuit object at 0x7f88031cad10>], [<qiskit.circuit.quantumcircuit.QuantumCircuit object at 0x7f8801da3f50>, <qiskit.circuit.quantumcircuit.QuantumCircuit object at 0x7f88009f6d90>, <qiskit.circuit.quantumcircuit.QuantumCircuit object at 0x7f87ff5cf610>, <qiskit.circuit.quantumcircuit.QuantumCircuit object at 0x7f87fe0e2e50>, <qiskit.circuit.quantumcircuit.QuantumCircuit object at 0x7f87fcc3ff90>, <qiskit.circuit.quantumcircuit.QuantumCircuit object at 0x7f87fb757b50>, <qiskit.circuit.quantumcircuit.QuantumCircuit object at 0x7f87fa1b6c90>, <qiskit.circuit.quantumcircuit.QuantumCircuit object at 0x7f87f8c4ff50>, <qiskit.circuit.quantumcircuit.QuantumCircuit object at 0x7f87f7630f50>, <qiskit.circuit.quantumcircuit.QuantumCircuit object at 0x7f87f604cb50>, <qiskit.circuit.quantumcircuit.QuantumCircuit object at 0x7f87f4a3af50>, <qiskit.circuit.quantumcircuit.QuantumCircuit object at 0x7f87f337a650>, <qiskit.circuit.quantumcircuit.QuantumCircuit object at 0x7f87f1cdef50>, <qiskit.circuit.quantumcircuit.QuantumCircuit object at 0x7f87f0578e90>, <qiskit.circuit.quantumcircuit.QuantumCircuit object at 0x7f87eee5b350>, <qiskit.circuit.quantumcircuit.QuantumCircuit object at 0x7f87ed67f990>, <qiskit.circuit.quantumcircuit.QuantumCircuit object at 0x7f87ebe66c90>, <qiskit.circuit.quantumcircuit.QuantumCircuit object at 0x7f87ea68ba90>, <qiskit.circuit.quantumcircuit.QuantumCircuit object at 0x7f87e8deeb10>, <qiskit.circuit.quantumcircuit.QuantumCircuit object at 0x7f87e75919d0>], [<qiskit.circuit.quantumcircuit.QuantumCircuit object at 0x7f87e5c73d50>, <qiskit.circuit.quantumcircuit.QuantumCircuit object at 0x7f87e43c1b10>, <qiskit.circuit.quantumcircuit.QuantumCircuit object at 0x7f87e2a2a650>, <qiskit.circuit.quantumcircuit.QuantumCircuit object at 0x7f87e10d24d0>, <qiskit.circuit.quantumcircuit.QuantumCircuit object at 0x7f87df6c2d10>, <qiskit.circuit.quantumcircuit.QuantumCircuit object at 0x7f87ddc6fed0>, <qiskit.circuit.quantumcircuit.QuantumCircuit object at 0x7f87dc254990>, <qiskit.circuit.quantumcircuit.QuantumCircuit object at 0x7f87da7859d0>, <qiskit.circuit.quantumcircuit.QuantumCircuit object at 0x7f87d8c7a690>, <qiskit.circuit.quantumcircuit.QuantumCircuit object at 0x7f87d8c88210>, <qiskit.circuit.quantumcircuit.QuantumCircuit object at 0x7f87d5612990>, <qiskit.circuit.quantumcircuit.QuantumCircuit object at 0x7f87d3a445d0>, <qiskit.circuit.quantumcircuit.QuantumCircuit object at 0x7f87d1e38990>, <qiskit.circuit.quantumcircuit.QuantumCircuit object at 0x7f87d026d590>, <qiskit.circuit.quantumcircuit.QuantumCircuit object at 0x7f87ce660850>, <qiskit.circuit.quantumcircuit.QuantumCircuit object at 0x7f87cc996c90>, <qiskit.circuit.quantumcircuit.QuantumCircuit object at 0x7f87cac8bd10>, <qiskit.circuit.quantumcircuit.QuantumCircuit object at 0x7f87c8f45f10>, <qiskit.circuit.quantumcircuit.QuantumCircuit object at 0x7f87c71b85d0>, <qiskit.circuit.quantumcircuit.QuantumCircuit object at 0x7f87c53f1690>], [<qiskit.circuit.quantumcircuit.QuantumCircuit object at 0x7f87c35ea4d0>, <qiskit.circuit.quantumcircuit.QuantumCircuit object at 0x7f87c17a8f90>, <qiskit.circuit.quantumcircuit.QuantumCircuit object at 0x7f87bf99cd50>, <qiskit.circuit.quantumcircuit.QuantumCircuit object at 0x7f87bdadbf10>, <qiskit.circuit.quantumcircuit.QuantumCircuit object at 0x7f87bbbd2890>, <qiskit.circuit.quantumcircuit.QuantumCircuit object at 0x7f87b9c8a590>, <qiskit.circuit.quantumcircuit.QuantumCircuit object at 0x7f87b7d7c350>, <qiskit.circuit.quantumcircuit.QuantumCircuit object at 0x7f87b5db5cd0>]]
== Simulation Data ==
Len Circuit_list: 20
Simulator: aer_simulator_statevector
Shots: 10000
Num Threads: 80
Parallel Exp: 5
Hardware: CPU
Precision: double
Job Size: None
Type(answer): <class 'list'>
== Simulation Data ==
Len Circuit_list: 20
Simulator: aer_simulator_statevector
Shots: 10000
Num Threads: 80
Parallel Exp: 5
Hardware: CPU
Precision: double
Job Size: None
Traceback (most recent call last):
  File "/veracruz/projects/c/cquant/Dirac-Quantum-Walk/QuantumWalk/main.py", line 72, in <module>
    job_size)
  File "/veracruz/projects/c/cquant/Dirac-Quantum-Walk/QuantumWalk/execute_circuits.py", line 49, in batch_execute
    answer = execute_circuits(batch,shots,simulator,num_threads,parallel_exp,hardware,precision)
  File "/veracruz/projects/c/cquant/Dirac-Quantum-Walk/QuantumWalk/execute_circuits.py", line 75, in execute_circuits
    job_statevector = sim_statevector.run(circuits_list, shots=shots)
  File "/veracruz/home/d/dgoncalves/.conda/envs/cquant_env/lib/python3.7/site-packages/qiskit/utils/deprecation.py", line 251, in wrapper
    return func(*args, **kwargs)
  File "/veracruz/home/d/dgoncalves/.conda/envs/cquant_env/lib/python3.7/site-packages/qiskit_aer/backends/aerbackend.py", line 187, in run
    qobj = self._assemble(circuits, parameter_binds=parameter_binds, **run_options)
  File "/veracruz/home/d/dgoncalves/.conda/envs/cquant_env/lib/python3.7/site-packages/qiskit_aer/backends/aerbackend.py", line 400, in _assemble
    qobj = assemble(circuits, backend=self)
  File "/veracruz/home/d/dgoncalves/.conda/envs/cquant_env/lib/python3.7/site-packages/qiskit/compiler/assembler.py", line 198, in assemble
    run_config=run_config,
  File "/veracruz/home/d/dgoncalves/.conda/envs/cquant_env/lib/python3.7/site-packages/qiskit/assembler/assemble_circuits.py", line 337, in assemble_circuits
    experiments_and_pulse_libs = parallel_map(_assemble_circuit, circuits, [run_config])
  File "/veracruz/home/d/dgoncalves/.conda/envs/cquant_env/lib/python3.7/site-packages/qiskit/tools/parallel.py", line 187, in parallel_map
    raise error
  File "/veracruz/home/d/dgoncalves/.conda/envs/cquant_env/lib/python3.7/site-packages/qiskit/tools/parallel.py", line 177, in parallel_map
    results = list(future)
  File "/veracruz/home/d/dgoncalves/.conda/envs/cquant_env/lib/python3.7/concurrent/futures/process.py", line 483, in _chain_from_iterable_of_lists
    for element in iterable:
  File "/veracruz/home/d/dgoncalves/.conda/envs/cquant_env/lib/python3.7/concurrent/futures/_base.py", line 598, in result_iterator
    yield fs.pop().result()
  File "/veracruz/home/d/dgoncalves/.conda/envs/cquant_env/lib/python3.7/concurrent/futures/_base.py", line 428, in result
    return self.__get_result()
  File "/veracruz/home/d/dgoncalves/.conda/envs/cquant_env/lib/python3.7/concurrent/futures/_base.py", line 384, in __get_result
    raise self._exception
concurrent.futures.process.BrokenProcessPool: A process in the process pool was terminated abruptly while the future was running or pending.
srun: error: caravela011: task 0: Exited with exit code 1
